02:20:15.243 [main] INFO  utils.Log - Browser parameter is : EDGE
02:20:18.447 [main] INFO  utils.Log - Edge =--> Thread.id = 1
02:20:21.141 [main] INFO  utils.Log - +++++++++++++++++++++++++++++++++
02:20:21.141 [main] INFO  utils.Log - Started test :TC2Homework - navigateToBlog
02:20:21.142 [main] INFO  utils.Log - TC2Homework
02:20:21.142 [main] INFO  utils.Log - +++++++++++++++++++++++++++++++++
02:20:21.142 [main] INFO  utils.Log - Start time :2023.04.24.02.20.21
02:20:21.142 [main] INFO  utils.Log - +++++++++++++++++++++++++++++++++
02:20:21.775 [main] INFO  utils.Log - +++++++++++++++++++++++++++++++++
02:20:21.777 [main] INFO  utils.Log - Passed test :navigateToBlog
02:20:21.777 [main] INFO  utils.Log - +++++++++++++++++++++++++++++++++
02:20:21.777 [main] INFO  utils.Log - End time :2023.04.24.02.20.21
02:20:21.777 [main] INFO  utils.Log - +++++++++++++++++++++++++++++++++
02:20:21.781 [main] INFO  utils.Log - +++++++++++++++++++++++++++++++++
02:20:21.781 [main] INFO  utils.Log - Started test :TC2Homework - checkBlogs
02:20:21.781 [main] INFO  utils.Log - TC2Homework
02:20:21.782 [main] INFO  utils.Log - +++++++++++++++++++++++++++++++++
02:20:21.782 [main] INFO  utils.Log - Start time :2023.04.24.02.20.21
02:20:21.782 [main] INFO  utils.Log - +++++++++++++++++++++++++++++++++
02:20:21.859 [main] INFO  utils.Log - +++++++++++++++++++++++++++++++++
02:20:21.859 [main] INFO  utils.Log - Passed test :checkBlogs
02:20:21.859 [main] INFO  utils.Log - +++++++++++++++++++++++++++++++++
02:20:21.859 [main] INFO  utils.Log - End time :2023.04.24.02.20.21
02:20:21.859 [main] INFO  utils.Log - +++++++++++++++++++++++++++++++++
02:20:21.861 [main] INFO  utils.Log - +++++++++++++++++++++++++++++++++
02:20:21.861 [main] INFO  utils.Log - Started test :TC2Homework - postCommentInBlog1
02:20:21.861 [main] INFO  utils.Log - TC2Homework
02:20:21.861 [main] INFO  utils.Log - +++++++++++++++++++++++++++++++++
02:20:21.861 [main] INFO  utils.Log - Start time :2023.04.24.02.20.21
02:20:21.861 [main] INFO  utils.Log - +++++++++++++++++++++++++++++++++
02:20:24.015 [main] ERROR utils.Log - +++++++++++++++++++++++++++++++++
02:20:24.015 [main] ERROR utils.Log - Failed test :postCommentInBlog1
02:20:24.015 [main] ERROR utils.Log - +++++++++++++++++++++++++++++++++
02:20:24.015 [main] ERROR utils.Log - Failed time :2023.04.24.02.20.24
02:20:24.017 [main] ERROR utils.Log - org.openqa.selenium.StaleElementReferenceException: stale element reference: element is not attached to the page document
  (Session info: MicrosoftEdge=112.0.1722.48)
For documentation on this error, please visit: https://selenium.dev/exceptions/#stale_element_reference
Build info: version: '4.8.2', revision: '826dbfc730'
System info: os.name: 'Windows 11', os.arch: 'amd64', os.version: '10.0', java.version: '20'
Driver info: org.openqa.selenium.edge.EdgeDriver
Command: [a4487a23a1f4dd6f35017e97ef2b6cd8, clickElement {id=703a5b94-7de9-4581-8442-689ca82458cf}]
Capabilities {acceptInsecureCerts: false, browserName: msedge, browserVersion: 112.0.1722.48, ms:edgeOptions: {debuggerAddress: localhost:63313}, msedge: {msedgedriverVersion: 112.0.1722.58 (4dc3f55bfaec..., userDataDir: C:\Users\ealbu\AppData\Loca...}, networkConnectionEnabled: false, pageLoadStrategy: normal, platformName: WINDOWS, proxy: Proxy(), se:cdp: ws://localhost:63313/devtoo..., se:cdpVersion: 112.0.1722.48, setWindowRect: true, strictFileInteractability: false, timeouts: {implicit: 0, pageLoad: 300000, script: 30000}, unhandledPromptBehavior: dismiss and notify, webauthn:extension:credBlob: true, webauthn:extension:largeBlob: true, webauthn:extension:minPinLength: true, webauthn:extension:prf: true, webauthn:virtualAuthenticators: true}
Element: [[EdgeDriver: msedge on WINDOWS (a4487a23a1f4dd6f35017e97ef2b6cd8)] -> xpath: //article[@id = 'post-1023']//h2//a[contains(@href, 'typefaces')]]
Session ID: a4487a23a1f4dd6f35017e97ef2b6cd8
02:20:24.017 [main] ERROR utils.Log - +++++++++++++++++++++++++++++++++
