12:22:17.320 [main] INFO  utils.Log - Browser parameter is : CHROME
12:22:18.831 [main] INFO  utils.Log - Chrome =--> Thread.id = 1
12:22:21.543 [main] INFO  utils.Log - +++++++++++++++++++++++++++++++++
12:22:21.543 [main] INFO  utils.Log - Started test :TC2Homework - navigateToBlog
12:22:21.544 [main] INFO  utils.Log - TC2Homework
12:22:21.544 [main] INFO  utils.Log - +++++++++++++++++++++++++++++++++
12:22:21.544 [main] INFO  utils.Log - Start time :2023.04.24.12.22.21
12:22:21.544 [main] INFO  utils.Log - +++++++++++++++++++++++++++++++++
12:22:22.272 [main] INFO  utils.Log - +++++++++++++++++++++++++++++++++
12:22:22.273 [main] INFO  utils.Log - Passed test :navigateToBlog
12:22:22.273 [main] INFO  utils.Log - +++++++++++++++++++++++++++++++++
12:22:22.273 [main] INFO  utils.Log - End time :2023.04.24.12.22.22
12:22:22.273 [main] INFO  utils.Log - +++++++++++++++++++++++++++++++++
12:22:22.277 [main] INFO  utils.Log - +++++++++++++++++++++++++++++++++
12:22:22.277 [main] INFO  utils.Log - Started test :TC2Homework - checkBlogs
12:22:22.277 [main] INFO  utils.Log - TC2Homework
12:22:22.277 [main] INFO  utils.Log - +++++++++++++++++++++++++++++++++
12:22:22.277 [main] INFO  utils.Log - Start time :2023.04.24.12.22.22
12:22:22.277 [main] INFO  utils.Log - +++++++++++++++++++++++++++++++++
12:22:22.357 [main] INFO  utils.Log - +++++++++++++++++++++++++++++++++
12:22:22.357 [main] INFO  utils.Log - Passed test :checkBlogs
12:22:22.357 [main] INFO  utils.Log - +++++++++++++++++++++++++++++++++
12:22:22.357 [main] INFO  utils.Log - End time :2023.04.24.12.22.22
12:22:22.357 [main] INFO  utils.Log - +++++++++++++++++++++++++++++++++
12:22:22.359 [main] INFO  utils.Log - +++++++++++++++++++++++++++++++++
12:22:22.359 [main] INFO  utils.Log - Started test :TC2Homework - postCommentInBlog1
12:22:22.359 [main] INFO  utils.Log - TC2Homework
12:22:22.359 [main] INFO  utils.Log - +++++++++++++++++++++++++++++++++
12:22:22.360 [main] INFO  utils.Log - Start time :2023.04.24.12.22.22
12:22:22.360 [main] INFO  utils.Log - +++++++++++++++++++++++++++++++++
12:22:55.016 [main] ERROR utils.Log - +++++++++++++++++++++++++++++++++
12:22:55.017 [main] ERROR utils.Log - Failed test :postCommentInBlog1
12:22:55.017 [main] ERROR utils.Log - +++++++++++++++++++++++++++++++++
12:22:55.018 [main] ERROR utils.Log - Failed time :2023.04.24.12.22.55
12:22:55.019 [main] ERROR utils.Log - org.openqa.selenium.StaleElementReferenceException: stale element reference: element is not attached to the page document
  (Session info: chrome=112.0.5615.121)
For documentation on this error, please visit: https://selenium.dev/exceptions/#stale_element_reference
Build info: version: '4.8.2', revision: '826dbfc730'
System info: os.name: 'Windows 11', os.arch: 'amd64', os.version: '10.0', java.version: '20'
Driver info: org.openqa.selenium.chrome.ChromeDriver
Command: [e53e8d7bb7afd5b15c84745a697a2820, clickElement {id=cf167833-feab-4357-b860-2a5f73ca882a}]
Capabilities {acceptInsecureCerts: false, browserName: chrome, browserVersion: 112.0.5615.121, chrome: {chromedriverVersion: 112.0.5615.49 (bd2a7bcb881c..., userDataDir: C:\Users\ealbu\AppData\Loca...}, goog:chromeOptions: {debuggerAddress: localhost:55833}, networkConnectionEnabled: false, pageLoadStrategy: normal, platformName: WINDOWS, proxy: Proxy(), se:cdp: ws://localhost:55833/devtoo..., se:cdpVersion: 112.0.5615.121, setWindowRect: true, strictFileInteractability: false, timeouts: {implicit: 0, pageLoad: 300000, script: 30000}, unhandledPromptBehavior: dismiss and notify, webauthn:extension:credBlob: true, webauthn:extension:largeBlob: true, webauthn:extension:minPinLength: true, webauthn:extension:prf: true, webauthn:virtualAuthenticators: true}
Element: [[ChromeDriver: chrome on WINDOWS (e53e8d7bb7afd5b15c84745a697a2820)] -> xpath: //article[@id = 'post-1023']//h2//a[contains(@href, 'typefaces')]]
Session ID: e53e8d7bb7afd5b15c84745a697a2820
12:22:55.019 [main] ERROR utils.Log - +++++++++++++++++++++++++++++++++
