02:58:10.041 [main] INFO  utils.Log - Browser parameter is : EDGE
02:58:13.258 [main] INFO  utils.Log - Edge =--> Thread.id = 1
02:58:16.281 [main] INFO  utils.Log - +++++++++++++++++++++++++++++++++
02:58:16.281 [main] INFO  utils.Log - Started test :TC2Homework - navigateToBlog
02:58:16.281 [main] INFO  utils.Log - TC2Homework
02:58:16.281 [main] INFO  utils.Log - +++++++++++++++++++++++++++++++++
02:58:16.282 [main] INFO  utils.Log - Start time :2023.04.24.02.58.16
02:58:16.282 [main] INFO  utils.Log - +++++++++++++++++++++++++++++++++
02:58:16.879 [main] INFO  utils.Log - +++++++++++++++++++++++++++++++++
02:58:16.879 [main] INFO  utils.Log - Passed test :navigateToBlog
02:58:16.880 [main] INFO  utils.Log - +++++++++++++++++++++++++++++++++
02:58:16.880 [main] INFO  utils.Log - End time :2023.04.24.02.58.16
02:58:16.880 [main] INFO  utils.Log - +++++++++++++++++++++++++++++++++
02:58:16.882 [main] INFO  utils.Log - +++++++++++++++++++++++++++++++++
02:58:16.883 [main] INFO  utils.Log - Started test :TC2Homework - checkBlogs
02:58:16.883 [main] INFO  utils.Log - TC2Homework
02:58:16.883 [main] INFO  utils.Log - +++++++++++++++++++++++++++++++++
02:58:16.883 [main] INFO  utils.Log - Start time :2023.04.24.02.58.16
02:58:16.883 [main] INFO  utils.Log - +++++++++++++++++++++++++++++++++
02:58:17.950 [main] ERROR utils.Log - +++++++++++++++++++++++++++++++++
02:58:17.950 [main] ERROR utils.Log - Failed test :checkBlogs
02:58:17.950 [main] ERROR utils.Log - +++++++++++++++++++++++++++++++++
02:58:17.951 [main] ERROR utils.Log - Failed time :2023.04.24.02.58.17
02:58:17.952 [main] ERROR utils.Log - org.openqa.selenium.StaleElementReferenceException: stale element reference: element is not attached to the page document
  (Session info: MicrosoftEdge=112.0.1722.48)
For documentation on this error, please visit: https://selenium.dev/exceptions/#stale_element_reference
Build info: version: '4.8.2', revision: '826dbfc730'
System info: os.name: 'Windows 11', os.arch: 'amd64', os.version: '10.0', java.version: '20'
Driver info: org.openqa.selenium.edge.EdgeDriver
Command: [9529df11366011f851a18da01ee09996, clickElement {id=f246328a-f47b-43db-be08-de17035a4763}]
Capabilities {acceptInsecureCerts: false, browserName: msedge, browserVersion: 112.0.1722.48, ms:edgeOptions: {debuggerAddress: localhost:50195}, msedge: {msedgedriverVersion: 112.0.1722.58 (4dc3f55bfaec..., userDataDir: C:\Users\ealbu\AppData\Loca...}, networkConnectionEnabled: false, pageLoadStrategy: normal, platformName: WINDOWS, proxy: Proxy(), se:cdp: ws://localhost:50195/devtoo..., se:cdpVersion: 112.0.1722.48, setWindowRect: true, strictFileInteractability: false, timeouts: {implicit: 0, pageLoad: 300000, script: 30000}, unhandledPromptBehavior: dismiss and notify, webauthn:extension:credBlob: true, webauthn:extension:largeBlob: true, webauthn:extension:minPinLength: true, webauthn:extension:prf: true, webauthn:virtualAuthenticators: true}
Element: [[EdgeDriver: msedge on WINDOWS (9529df11366011f851a18da01ee09996)] -> xpath: //article[@id = 'post-1023']//h2//a[contains(@href, 'typefaces')]]
Session ID: 9529df11366011f851a18da01ee09996
02:58:17.952 [main] ERROR utils.Log - +++++++++++++++++++++++++++++++++
