02:44:41.516 [main] INFO  utils.Log - Browser parameter is : EDGE
02:44:44.729 [main] INFO  utils.Log - Edge =--> Thread.id = 1
02:44:51.594 [main] INFO  utils.Log - +++++++++++++++++++++++++++++++++
02:44:51.594 [main] INFO  utils.Log - Started test :TC2Homework - navigateToBlog
02:44:51.594 [main] INFO  utils.Log - TC2Homework
02:44:51.594 [main] INFO  utils.Log - +++++++++++++++++++++++++++++++++
02:44:51.595 [main] INFO  utils.Log - Start time :2023.04.24.02.44.51
02:44:51.595 [main] INFO  utils.Log - +++++++++++++++++++++++++++++++++
02:44:52.231 [main] INFO  utils.Log - +++++++++++++++++++++++++++++++++
02:44:52.232 [main] INFO  utils.Log - Passed test :navigateToBlog
02:44:52.232 [main] INFO  utils.Log - +++++++++++++++++++++++++++++++++
02:44:52.232 [main] INFO  utils.Log - End time :2023.04.24.02.44.52
02:44:52.233 [main] INFO  utils.Log - +++++++++++++++++++++++++++++++++
02:44:52.238 [main] INFO  utils.Log - +++++++++++++++++++++++++++++++++
02:44:52.238 [main] INFO  utils.Log - Started test :TC2Homework - checkBlogs
02:44:52.238 [main] INFO  utils.Log - TC2Homework
02:44:52.238 [main] INFO  utils.Log - +++++++++++++++++++++++++++++++++
02:44:52.239 [main] INFO  utils.Log - Start time :2023.04.24.02.44.52
02:44:52.239 [main] INFO  utils.Log - +++++++++++++++++++++++++++++++++
02:44:52.324 [main] INFO  utils.Log - +++++++++++++++++++++++++++++++++
02:44:52.324 [main] INFO  utils.Log - Passed test :checkBlogs
02:44:52.324 [main] INFO  utils.Log - +++++++++++++++++++++++++++++++++
02:44:52.324 [main] INFO  utils.Log - End time :2023.04.24.02.44.52
02:44:52.324 [main] INFO  utils.Log - +++++++++++++++++++++++++++++++++
02:44:52.326 [main] INFO  utils.Log - +++++++++++++++++++++++++++++++++
02:44:52.326 [main] INFO  utils.Log - Started test :TC2Homework - postCommentInBlog1
02:44:52.326 [main] INFO  utils.Log - TC2Homework
02:44:52.326 [main] INFO  utils.Log - +++++++++++++++++++++++++++++++++
02:44:52.326 [main] INFO  utils.Log - Start time :2023.04.24.02.44.52
02:44:52.326 [main] INFO  utils.Log - +++++++++++++++++++++++++++++++++
02:45:04.651 [main] ERROR utils.Log - +++++++++++++++++++++++++++++++++
02:45:04.651 [main] ERROR utils.Log - Failed test :postCommentInBlog1
02:45:04.651 [main] ERROR utils.Log - +++++++++++++++++++++++++++++++++
02:45:04.652 [main] ERROR utils.Log - Failed time :2023.04.24.02.45.04
02:45:04.652 [main] ERROR utils.Log - org.openqa.selenium.StaleElementReferenceException: stale element reference: element is not attached to the page document
  (Session info: MicrosoftEdge=112.0.1722.48)
For documentation on this error, please visit: https://selenium.dev/exceptions/#stale_element_reference
Build info: version: '4.8.2', revision: '826dbfc730'
System info: os.name: 'Windows 11', os.arch: 'amd64', os.version: '10.0', java.version: '20'
Driver info: org.openqa.selenium.edge.EdgeDriver
Command: [0c539f3200761c0a8e190c51913531be, clickElement {id=1c87d77c-e3b4-47c5-aba6-7042c3722730}]
Capabilities {acceptInsecureCerts: false, browserName: msedge, browserVersion: 112.0.1722.48, ms:edgeOptions: {debuggerAddress: localhost:50358}, msedge: {msedgedriverVersion: 112.0.1722.58 (4dc3f55bfaec..., userDataDir: C:\Users\ealbu\AppData\Loca...}, networkConnectionEnabled: false, pageLoadStrategy: normal, platformName: WINDOWS, proxy: Proxy(), se:cdp: ws://localhost:50358/devtoo..., se:cdpVersion: 112.0.1722.48, setWindowRect: true, strictFileInteractability: false, timeouts: {implicit: 0, pageLoad: 300000, script: 30000}, unhandledPromptBehavior: dismiss and notify, webauthn:extension:credBlob: true, webauthn:extension:largeBlob: true, webauthn:extension:minPinLength: true, webauthn:extension:prf: true, webauthn:virtualAuthenticators: true}
Element: [[EdgeDriver: msedge on WINDOWS (0c539f3200761c0a8e190c51913531be)] -> xpath: //article[@id = 'post-1033']//h2//a[contains(@href, 'denounce')]]
Session ID: 0c539f3200761c0a8e190c51913531be
02:45:04.652 [main] ERROR utils.Log - +++++++++++++++++++++++++++++++++
