02:57:22.084 [main] INFO  utils.Log - Browser parameter is : EDGE
02:57:25.190 [main] INFO  utils.Log - Edge =--> Thread.id = 1
02:57:28.746 [main] INFO  utils.Log - +++++++++++++++++++++++++++++++++
02:57:28.746 [main] INFO  utils.Log - Started test :TC2Homework - navigateToBlog
02:57:28.746 [main] INFO  utils.Log - TC2Homework
02:57:28.746 [main] INFO  utils.Log - +++++++++++++++++++++++++++++++++
02:57:28.747 [main] INFO  utils.Log - Start time :2023.04.24.02.57.28
02:57:28.747 [main] INFO  utils.Log - +++++++++++++++++++++++++++++++++
02:57:29.398 [main] INFO  utils.Log - +++++++++++++++++++++++++++++++++
02:57:29.400 [main] INFO  utils.Log - Passed test :navigateToBlog
02:57:29.400 [main] INFO  utils.Log - +++++++++++++++++++++++++++++++++
02:57:29.402 [main] INFO  utils.Log - End time :2023.04.24.02.57.29
02:57:29.402 [main] INFO  utils.Log - +++++++++++++++++++++++++++++++++
02:57:29.407 [main] INFO  utils.Log - +++++++++++++++++++++++++++++++++
02:57:29.407 [main] INFO  utils.Log - Started test :TC2Homework - checkBlogs
02:57:29.407 [main] INFO  utils.Log - TC2Homework
02:57:29.407 [main] INFO  utils.Log - +++++++++++++++++++++++++++++++++
02:57:29.408 [main] INFO  utils.Log - Start time :2023.04.24.02.57.29
02:57:29.408 [main] INFO  utils.Log - +++++++++++++++++++++++++++++++++
02:57:30.590 [main] ERROR utils.Log - +++++++++++++++++++++++++++++++++
02:57:30.590 [main] ERROR utils.Log - Failed test :checkBlogs
02:57:30.590 [main] ERROR utils.Log - +++++++++++++++++++++++++++++++++
02:57:30.590 [main] ERROR utils.Log - Failed time :2023.04.24.02.57.30
02:57:30.591 [main] ERROR utils.Log - org.openqa.selenium.StaleElementReferenceException: stale element reference: element is not attached to the page document
  (Session info: MicrosoftEdge=112.0.1722.48)
For documentation on this error, please visit: https://selenium.dev/exceptions/#stale_element_reference
Build info: version: '4.8.2', revision: '826dbfc730'
System info: os.name: 'Windows 11', os.arch: 'amd64', os.version: '10.0', java.version: '20'
Driver info: org.openqa.selenium.edge.EdgeDriver
Command: [fda062d5ad1cc380e4ecb75ac45eea25, clickElement {id=7dbcb952-c1b9-42c5-9682-6ad098e319b6}]
Capabilities {acceptInsecureCerts: false, browserName: msedge, browserVersion: 112.0.1722.48, ms:edgeOptions: {debuggerAddress: localhost:50121}, msedge: {msedgedriverVersion: 112.0.1722.58 (4dc3f55bfaec..., userDataDir: C:\Users\ealbu\AppData\Loca...}, networkConnectionEnabled: false, pageLoadStrategy: normal, platformName: WINDOWS, proxy: Proxy(), se:cdp: ws://localhost:50121/devtoo..., se:cdpVersion: 112.0.1722.48, setWindowRect: true, strictFileInteractability: false, timeouts: {implicit: 0, pageLoad: 300000, script: 30000}, unhandledPromptBehavior: dismiss and notify, webauthn:extension:credBlob: true, webauthn:extension:largeBlob: true, webauthn:extension:minPinLength: true, webauthn:extension:prf: true, webauthn:virtualAuthenticators: true}
Element: [[EdgeDriver: msedge on WINDOWS (fda062d5ad1cc380e4ecb75ac45eea25)] -> xpath: //article[@id = 'post-1023']//h2//a[contains(@href, 'typefaces')]]
Session ID: fda062d5ad1cc380e4ecb75ac45eea25
02:57:30.592 [main] ERROR utils.Log - +++++++++++++++++++++++++++++++++
