02:21:21.130 [main] INFO  utils.Log - Browser parameter is : EDGE
02:21:24.375 [main] INFO  utils.Log - Edge =--> Thread.id = 1
02:21:26.932 [main] INFO  utils.Log - +++++++++++++++++++++++++++++++++
02:21:26.932 [main] INFO  utils.Log - Started test :TC2Homework - navigateToBlog
02:21:26.933 [main] INFO  utils.Log - TC2Homework
02:21:26.933 [main] INFO  utils.Log - +++++++++++++++++++++++++++++++++
02:21:26.933 [main] INFO  utils.Log - Start time :2023.04.24.02.21.26
02:21:26.934 [main] INFO  utils.Log - +++++++++++++++++++++++++++++++++
02:21:27.503 [main] INFO  utils.Log - +++++++++++++++++++++++++++++++++
02:21:27.503 [main] INFO  utils.Log - Passed test :navigateToBlog
02:21:27.503 [main] INFO  utils.Log - +++++++++++++++++++++++++++++++++
02:21:27.503 [main] INFO  utils.Log - End time :2023.04.24.02.21.27
02:21:27.503 [main] INFO  utils.Log - +++++++++++++++++++++++++++++++++
02:21:27.509 [main] INFO  utils.Log - +++++++++++++++++++++++++++++++++
02:21:27.510 [main] INFO  utils.Log - Started test :TC2Homework - checkBlogs
02:21:27.510 [main] INFO  utils.Log - TC2Homework
02:21:27.510 [main] INFO  utils.Log - +++++++++++++++++++++++++++++++++
02:21:27.510 [main] INFO  utils.Log - Start time :2023.04.24.02.21.27
02:21:27.510 [main] INFO  utils.Log - +++++++++++++++++++++++++++++++++
02:21:27.587 [main] INFO  utils.Log - +++++++++++++++++++++++++++++++++
02:21:27.587 [main] INFO  utils.Log - Passed test :checkBlogs
02:21:27.587 [main] INFO  utils.Log - +++++++++++++++++++++++++++++++++
02:21:27.587 [main] INFO  utils.Log - End time :2023.04.24.02.21.27
02:21:27.588 [main] INFO  utils.Log - +++++++++++++++++++++++++++++++++
02:21:27.588 [main] INFO  utils.Log - +++++++++++++++++++++++++++++++++
02:21:27.590 [main] INFO  utils.Log - Started test :TC2Homework - postCommentInBlog1
02:21:27.590 [main] INFO  utils.Log - TC2Homework
02:21:27.590 [main] INFO  utils.Log - +++++++++++++++++++++++++++++++++
02:21:27.590 [main] INFO  utils.Log - Start time :2023.04.24.02.21.27
02:21:27.590 [main] INFO  utils.Log - +++++++++++++++++++++++++++++++++
02:21:29.652 [main] ERROR utils.Log - +++++++++++++++++++++++++++++++++
02:21:29.652 [main] ERROR utils.Log - Failed test :postCommentInBlog1
02:21:29.653 [main] ERROR utils.Log - +++++++++++++++++++++++++++++++++
02:21:29.653 [main] ERROR utils.Log - Failed time :2023.04.24.02.21.29
02:21:29.655 [main] ERROR utils.Log - org.openqa.selenium.StaleElementReferenceException: stale element reference: element is not attached to the page document
  (Session info: MicrosoftEdge=112.0.1722.48)
For documentation on this error, please visit: https://selenium.dev/exceptions/#stale_element_reference
Build info: version: '4.8.2', revision: '826dbfc730'
System info: os.name: 'Windows 11', os.arch: 'amd64', os.version: '10.0', java.version: '20'
Driver info: org.openqa.selenium.edge.EdgeDriver
Command: [d13d1d35dde07612696baea7579ad36b, clickElement {id=1d32fdda-3efe-44df-a752-466d03a0b0f8}]
Capabilities {acceptInsecureCerts: false, browserName: msedge, browserVersion: 112.0.1722.48, ms:edgeOptions: {debuggerAddress: localhost:63395}, msedge: {msedgedriverVersion: 112.0.1722.58 (4dc3f55bfaec..., userDataDir: C:\Users\ealbu\AppData\Loca...}, networkConnectionEnabled: false, pageLoadStrategy: normal, platformName: WINDOWS, proxy: Proxy(), se:cdp: ws://localhost:63395/devtoo..., se:cdpVersion: 112.0.1722.48, setWindowRect: true, strictFileInteractability: false, timeouts: {implicit: 0, pageLoad: 300000, script: 30000}, unhandledPromptBehavior: dismiss and notify, webauthn:extension:credBlob: true, webauthn:extension:largeBlob: true, webauthn:extension:minPinLength: true, webauthn:extension:prf: true, webauthn:virtualAuthenticators: true}
Element: [[EdgeDriver: msedge on WINDOWS (d13d1d35dde07612696baea7579ad36b)] -> xpath: //article[@id = 'post-1759']//h2//a[contains(@href, 'donut')]]
Session ID: d13d1d35dde07612696baea7579ad36b
02:21:29.655 [main] ERROR utils.Log - +++++++++++++++++++++++++++++++++
