12:43:14.752 [main] INFO  utils.Log - Browser parameter is : CHROME
12:43:16.396 [main] INFO  utils.Log - Chrome =--> Thread.id = 1
12:43:17.768 [main] INFO  utils.Log - +++++++++++++++++++++++++++++++++
12:43:17.769 [main] INFO  utils.Log - Started test :TC2Homework - navigateToBlog
12:43:17.769 [main] INFO  utils.Log - TC2Homework
12:43:17.769 [main] INFO  utils.Log - +++++++++++++++++++++++++++++++++
12:43:17.769 [main] INFO  utils.Log - Start time :2023.04.24.12.43.17
12:43:17.770 [main] INFO  utils.Log - +++++++++++++++++++++++++++++++++
12:43:17.788 [main] ERROR utils.Log - +++++++++++++++++++++++++++++++++
12:43:17.789 [main] ERROR utils.Log - Failed test :navigateToBlog
12:43:17.789 [main] ERROR utils.Log - +++++++++++++++++++++++++++++++++
12:43:17.790 [main] ERROR utils.Log - Failed time :2023.04.24.12.43.17
12:43:17.790 [main] ERROR utils.Log - org.openqa.selenium.NoSuchWindowException: no such window: target window already closed
from unknown error: web view not found
  (Session info: chrome=112.0.5615.121)
Build info: version: '4.8.2', revision: '826dbfc730'
System info: os.name: 'Windows 11', os.arch: 'amd64', os.version: '10.0', java.version: '20'
Driver info: org.openqa.selenium.chrome.ChromeDriver
Command: [62615f78871d1e76da8ca1e3a052557a, findElement {using=xpath, value=//nav[contains(@class,' horizontal')]//a[@href = 'https://keyfood.ro/blog/']}]
Capabilities {acceptInsecureCerts: false, browserName: chrome, browserVersion: 112.0.5615.121, chrome: {chromedriverVersion: 112.0.5615.49 (bd2a7bcb881c..., userDataDir: C:\Users\ealbu\AppData\Loca...}, goog:chromeOptions: {debuggerAddress: localhost:50116}, networkConnectionEnabled: false, pageLoadStrategy: normal, platformName: WINDOWS, proxy: Proxy(), se:cdp: ws://localhost:50116/devtoo..., se:cdpVersion: 112.0.5615.121, setWindowRect: true, strictFileInteractability: false, timeouts: {implicit: 0, pageLoad: 300000, script: 30000}, unhandledPromptBehavior: dismiss and notify, webauthn:extension:credBlob: true, webauthn:extension:largeBlob: true, webauthn:extension:minPinLength: true, webauthn:extension:prf: true, webauthn:virtualAuthenticators: true}
Session ID: 62615f78871d1e76da8ca1e3a052557a
12:43:17.791 [main] ERROR utils.Log - +++++++++++++++++++++++++++++++++
12:43:17.807 [main] INFO  utils.Log - +++++++++++++++++++++++++++++++++
12:43:17.808 [main] INFO  utils.Log - Started test :TC2Homework - checkBlogs
12:43:17.808 [main] INFO  utils.Log - TC2Homework
12:43:17.808 [main] INFO  utils.Log - +++++++++++++++++++++++++++++++++
12:43:17.808 [main] INFO  utils.Log - Start time :2023.04.24.12.43.17
12:43:17.808 [main] INFO  utils.Log - +++++++++++++++++++++++++++++++++
12:43:17.812 [main] INFO  utils.Log - +++++++++++++++++++++++++++++++++
12:43:17.812 [main] INFO  utils.Log - Started test :TC2Homework - postCommentInBlogs
12:43:17.812 [main] INFO  utils.Log - TC2Homework
12:43:17.812 [main] INFO  utils.Log - +++++++++++++++++++++++++++++++++
12:43:17.812 [main] INFO  utils.Log - Start time :2023.04.24.12.43.17
12:43:17.812 [main] INFO  utils.Log - +++++++++++++++++++++++++++++++++
