12:31:02.673 [main] INFO  utils.Log - Browser parameter is : CHROME
12:31:04.278 [main] INFO  utils.Log - Chrome =--> Thread.id = 1
12:31:06.860 [main] INFO  utils.Log - +++++++++++++++++++++++++++++++++
12:31:06.860 [main] INFO  utils.Log - Started test :TC2Homework - navigateToBlog
12:31:06.860 [main] INFO  utils.Log - TC2Homework
12:31:06.860 [main] INFO  utils.Log - +++++++++++++++++++++++++++++++++
12:31:06.861 [main] INFO  utils.Log - Start time :2023.04.24.12.31.06
12:31:06.861 [main] INFO  utils.Log - +++++++++++++++++++++++++++++++++
12:31:07.449 [main] INFO  utils.Log - +++++++++++++++++++++++++++++++++
12:31:07.450 [main] INFO  utils.Log - Passed test :navigateToBlog
12:31:07.450 [main] INFO  utils.Log - +++++++++++++++++++++++++++++++++
12:31:07.450 [main] INFO  utils.Log - End time :2023.04.24.12.31.07
12:31:07.452 [main] INFO  utils.Log - +++++++++++++++++++++++++++++++++
12:31:07.455 [main] INFO  utils.Log - +++++++++++++++++++++++++++++++++
12:31:07.455 [main] INFO  utils.Log - Started test :TC2Homework - checkBlogs
12:31:07.455 [main] INFO  utils.Log - TC2Homework
12:31:07.455 [main] INFO  utils.Log - +++++++++++++++++++++++++++++++++
12:31:07.456 [main] INFO  utils.Log - Start time :2023.04.24.12.31.07
12:31:07.456 [main] INFO  utils.Log - +++++++++++++++++++++++++++++++++
12:31:07.538 [main] INFO  utils.Log - +++++++++++++++++++++++++++++++++
12:31:07.539 [main] INFO  utils.Log - Passed test :checkBlogs
12:31:07.539 [main] INFO  utils.Log - +++++++++++++++++++++++++++++++++
12:31:07.539 [main] INFO  utils.Log - End time :2023.04.24.12.31.07
12:31:07.539 [main] INFO  utils.Log - +++++++++++++++++++++++++++++++++
12:31:07.540 [main] INFO  utils.Log - +++++++++++++++++++++++++++++++++
12:31:07.540 [main] INFO  utils.Log - Started test :TC2Homework - postCommentInBlog1
12:31:07.540 [main] INFO  utils.Log - TC2Homework
12:31:07.540 [main] INFO  utils.Log - +++++++++++++++++++++++++++++++++
12:31:07.540 [main] INFO  utils.Log - Start time :2023.04.24.12.31.07
12:31:07.540 [main] INFO  utils.Log - +++++++++++++++++++++++++++++++++
12:31:18.061 [main] ERROR utils.Log - +++++++++++++++++++++++++++++++++
12:31:18.062 [main] ERROR utils.Log - Failed test :postCommentInBlog1
12:31:18.062 [main] ERROR utils.Log - +++++++++++++++++++++++++++++++++
12:31:18.062 [main] ERROR utils.Log - Failed time :2023.04.24.12.31.18
12:31:18.063 [main] ERROR utils.Log - org.openqa.selenium.StaleElementReferenceException: stale element reference: element is not attached to the page document
  (Session info: chrome=112.0.5615.121)
For documentation on this error, please visit: https://selenium.dev/exceptions/#stale_element_reference
Build info: version: '4.8.2', revision: '826dbfc730'
System info: os.name: 'Windows 11', os.arch: 'amd64', os.version: '10.0', java.version: '20'
Driver info: org.openqa.selenium.chrome.ChromeDriver
Command: [2b4677dc2b59c0861d489c7960407cf5, clickElement {id=6090ae74-158d-4f67-918b-e3324f2601aa}]
Capabilities {acceptInsecureCerts: false, browserName: chrome, browserVersion: 112.0.5615.121, chrome: {chromedriverVersion: 112.0.5615.49 (bd2a7bcb881c..., userDataDir: C:\Users\ealbu\AppData\Loca...}, goog:chromeOptions: {debuggerAddress: localhost:56087}, networkConnectionEnabled: false, pageLoadStrategy: normal, platformName: WINDOWS, proxy: Proxy(), se:cdp: ws://localhost:56087/devtoo..., se:cdpVersion: 112.0.5615.121, setWindowRect: true, strictFileInteractability: false, timeouts: {implicit: 0, pageLoad: 300000, script: 30000}, unhandledPromptBehavior: dismiss and notify, webauthn:extension:credBlob: true, webauthn:extension:largeBlob: true, webauthn:extension:minPinLength: true, webauthn:extension:prf: true, webauthn:virtualAuthenticators: true}
Element: [[ChromeDriver: chrome on WINDOWS (2b4677dc2b59c0861d489c7960407cf5)] -> xpath: //article[@id = 'post-1035']//a[@class = 'button']]
Session ID: 2b4677dc2b59c0861d489c7960407cf5
12:31:18.063 [main] ERROR utils.Log - +++++++++++++++++++++++++++++++++
