09:42:08.590 [main] INFO  utils.Log - Browser parameter is : FIREFOX
09:42:11.283 [main] INFO  utils.Log - Firefox =--> Thread.id = 1
09:42:17.319 [main] INFO  utils.Log - +++++++++++++++++++++++++++++++++
09:42:17.319 [main] INFO  utils.Log - Started test :TC2Homework - navigateToBlog
09:42:17.319 [main] INFO  utils.Log - TC2Homework
09:42:17.319 [main] INFO  utils.Log - +++++++++++++++++++++++++++++++++
09:42:17.322 [main] INFO  utils.Log - Start time :2023.04.24.09.42.17
09:42:17.322 [main] INFO  utils.Log - +++++++++++++++++++++++++++++++++
09:42:18.058 [main] INFO  utils.Log - +++++++++++++++++++++++++++++++++
09:42:18.058 [main] INFO  utils.Log - Passed test :navigateToBlog
09:42:18.058 [main] INFO  utils.Log - +++++++++++++++++++++++++++++++++
09:42:18.059 [main] INFO  utils.Log - End time :2023.04.24.09.42.18
09:42:18.059 [main] INFO  utils.Log - +++++++++++++++++++++++++++++++++
09:42:18.066 [main] INFO  utils.Log - +++++++++++++++++++++++++++++++++
09:42:18.066 [main] INFO  utils.Log - Started test :TC2Homework - checkBlogs
09:42:18.066 [main] INFO  utils.Log - TC2Homework
09:42:18.066 [main] INFO  utils.Log - +++++++++++++++++++++++++++++++++
09:42:18.067 [main] INFO  utils.Log - Start time :2023.04.24.09.42.18
09:42:18.067 [main] INFO  utils.Log - +++++++++++++++++++++++++++++++++
09:42:18.146 [main] INFO  utils.Log - +++++++++++++++++++++++++++++++++
09:42:18.147 [main] INFO  utils.Log - Passed test :checkBlogs
09:42:18.147 [main] INFO  utils.Log - +++++++++++++++++++++++++++++++++
09:42:18.147 [main] INFO  utils.Log - End time :2023.04.24.09.42.18
09:42:18.147 [main] INFO  utils.Log - +++++++++++++++++++++++++++++++++
09:42:18.148 [main] INFO  utils.Log - +++++++++++++++++++++++++++++++++
09:42:18.148 [main] INFO  utils.Log - Started test :TC2Homework - postCommentInBlog1
09:42:18.148 [main] INFO  utils.Log - TC2Homework
09:42:18.148 [main] INFO  utils.Log - +++++++++++++++++++++++++++++++++
09:42:18.150 [main] INFO  utils.Log - Start time :2023.04.24.09.42.18
09:42:18.150 [main] INFO  utils.Log - +++++++++++++++++++++++++++++++++
09:42:28.967 [main] ERROR utils.Log - +++++++++++++++++++++++++++++++++
09:42:28.967 [main] ERROR utils.Log - Failed test :postCommentInBlog1
09:42:28.967 [main] ERROR utils.Log - +++++++++++++++++++++++++++++++++
09:42:28.968 [main] ERROR utils.Log - Failed time :2023.04.24.09.42.28
09:42:28.968 [main] ERROR utils.Log - org.openqa.selenium.StaleElementReferenceException: The element with the reference 3c434464-bdfd-4fae-bf53-8344444ddccc is stale; either its node document is not the active document, or it is no longer connected to the DOM
For documentation on this error, please visit: https://selenium.dev/exceptions/#stale_element_reference
Build info: version: '4.8.2', revision: '826dbfc730'
System info: os.name: 'Windows 11', os.arch: 'amd64', os.version: '10.0', java.version: '20'
Driver info: org.openqa.selenium.firefox.FirefoxDriver
Command: [6153ab96-92ad-48ee-93b0-6eaa988081ac, isElementDisplayed {id=3c434464-bdfd-4fae-bf53-8344444ddccc}]
Capabilities {acceptInsecureCerts: true, browserName: firefox, browserVersion: 112.0.1, moz:accessibilityChecks: false, moz:buildID: 20230414125621, moz:debuggerAddress: 127.0.0.1:41535, moz:geckodriverVersion: 0.33.0, moz:headless: false, moz:platformVersion: 10.0, moz:processID: 52712, moz:profile: C:\Users\ealbu\AppData\Loca..., moz:shutdownTimeout: 60000, moz:useNonSpecCompliantPointerOrigin: false, moz:webdriverClick: true, moz:windowless: false, pageLoadStrategy: normal, platformName: WINDOWS, proxy: Proxy(), se:cdp: ws://127.0.0.1:41535/devtoo..., se:cdpVersion: 85.0, setWindowRect: true, strictFileInteractability: false, timeouts: {implicit: 0, pageLoad: 300000, script: 30000}, unhandledPromptBehavior: dismiss and notify}
Element: [[FirefoxDriver: firefox on WINDOWS (6153ab96-92ad-48ee-93b0-6eaa988081ac)] -> xpath: //article[@id = 'post-1023']//h2//a[contains(@href, 'typefaces')]]
Session ID: 6153ab96-92ad-48ee-93b0-6eaa988081ac
09:42:28.969 [main] ERROR utils.Log - +++++++++++++++++++++++++++++++++
