11:23:39.093 [main] INFO  utils.Log - Browser parameter is : CHROME
11:23:40.662 [main] INFO  utils.Log - Chrome =--> Thread.id = 1
11:23:43.709 [main] INFO  utils.Log - +++++++++++++++++++++++++++++++++
11:23:43.710 [main] INFO  utils.Log - Started test :TC2Homework - navigateToBlog
11:23:43.710 [main] INFO  utils.Log - TC2Homework
11:23:43.710 [main] INFO  utils.Log - +++++++++++++++++++++++++++++++++
11:23:43.712 [main] INFO  utils.Log - Start time :2023.04.24.11.23.43
11:23:43.712 [main] INFO  utils.Log - +++++++++++++++++++++++++++++++++
11:23:44.407 [main] INFO  utils.Log - +++++++++++++++++++++++++++++++++
11:23:44.407 [main] INFO  utils.Log - Passed test :navigateToBlog
11:23:44.407 [main] INFO  utils.Log - +++++++++++++++++++++++++++++++++
11:23:44.407 [main] INFO  utils.Log - End time :2023.04.24.11.23.44
11:23:44.407 [main] INFO  utils.Log - +++++++++++++++++++++++++++++++++
11:23:44.411 [main] INFO  utils.Log - +++++++++++++++++++++++++++++++++
11:23:44.413 [main] INFO  utils.Log - Started test :TC2Homework - checkBlogs
11:23:44.413 [main] INFO  utils.Log - TC2Homework
11:23:44.413 [main] INFO  utils.Log - +++++++++++++++++++++++++++++++++
11:23:44.413 [main] INFO  utils.Log - Start time :2023.04.24.11.23.44
11:23:44.413 [main] INFO  utils.Log - +++++++++++++++++++++++++++++++++
11:23:44.498 [main] INFO  utils.Log - +++++++++++++++++++++++++++++++++
11:23:44.498 [main] INFO  utils.Log - Passed test :checkBlogs
11:23:44.498 [main] INFO  utils.Log - +++++++++++++++++++++++++++++++++
11:23:44.499 [main] INFO  utils.Log - End time :2023.04.24.11.23.44
11:23:44.499 [main] INFO  utils.Log - +++++++++++++++++++++++++++++++++
11:23:44.500 [main] INFO  utils.Log - +++++++++++++++++++++++++++++++++
11:23:44.500 [main] INFO  utils.Log - Started test :TC2Homework - postCommentInBlog1
11:23:44.500 [main] INFO  utils.Log - TC2Homework
11:23:44.500 [main] INFO  utils.Log - +++++++++++++++++++++++++++++++++
11:23:44.500 [main] INFO  utils.Log - Start time :2023.04.24.11.23.44
11:23:44.500 [main] INFO  utils.Log - +++++++++++++++++++++++++++++++++
11:24:03.387 [main] ERROR utils.Log - +++++++++++++++++++++++++++++++++
11:24:03.387 [main] ERROR utils.Log - Failed test :postCommentInBlog1
11:24:03.388 [main] ERROR utils.Log - +++++++++++++++++++++++++++++++++
11:24:03.388 [main] ERROR utils.Log - Failed time :2023.04.24.11.24.03
11:24:03.390 [main] ERROR utils.Log - org.openqa.selenium.NoSuchElementException: Unable to find element with locator By.xpath: //div[@class = 'klb-post']//em
For documentation on this error, please visit: https://selenium.dev/exceptions/#no_such_element
Build info: version: '4.8.2', revision: '826dbfc730'
System info: os.name: 'Windows 11', os.arch: 'amd64', os.version: '10.0', java.version: '20'
Driver info: driver.version: RemoteWebDriver
11:24:03.390 [main] ERROR utils.Log - +++++++++++++++++++++++++++++++++
