11:43:21.308 [main] INFO  utils.Log - Browser parameter is : EDGE
11:43:24.575 [main] INFO  utils.Log - Edge =--> Thread.id = 1
11:43:27.362 [main] INFO  utils.Log - +++++++++++++++++++++++++++++++++
11:43:27.362 [main] INFO  utils.Log - Started test :TC2Homework - navigateToBlog
11:43:27.363 [main] INFO  utils.Log - TC2Homework
11:43:27.363 [main] INFO  utils.Log - +++++++++++++++++++++++++++++++++
11:43:27.364 [main] INFO  utils.Log - Start time :2023.04.24.11.43.27
11:43:27.364 [main] INFO  utils.Log - +++++++++++++++++++++++++++++++++
11:43:27.930 [main] INFO  utils.Log - +++++++++++++++++++++++++++++++++
11:43:27.930 [main] INFO  utils.Log - Passed test :navigateToBlog
11:43:27.930 [main] INFO  utils.Log - +++++++++++++++++++++++++++++++++
11:43:27.930 [main] INFO  utils.Log - End time :2023.04.24.11.43.27
11:43:27.930 [main] INFO  utils.Log - +++++++++++++++++++++++++++++++++
11:43:27.933 [main] INFO  utils.Log - +++++++++++++++++++++++++++++++++
11:43:27.933 [main] INFO  utils.Log - Started test :TC2Homework - checkBlogs
11:43:27.933 [main] INFO  utils.Log - TC2Homework
11:43:27.933 [main] INFO  utils.Log - +++++++++++++++++++++++++++++++++
11:43:27.933 [main] INFO  utils.Log - Start time :2023.04.24.11.43.27
11:43:27.933 [main] INFO  utils.Log - +++++++++++++++++++++++++++++++++
11:43:28.018 [main] INFO  utils.Log - +++++++++++++++++++++++++++++++++
11:43:28.018 [main] INFO  utils.Log - Passed test :checkBlogs
11:43:28.018 [main] INFO  utils.Log - +++++++++++++++++++++++++++++++++
11:43:28.018 [main] INFO  utils.Log - End time :2023.04.24.11.43.28
11:43:28.018 [main] INFO  utils.Log - +++++++++++++++++++++++++++++++++
11:43:28.020 [main] INFO  utils.Log - +++++++++++++++++++++++++++++++++
11:43:28.020 [main] INFO  utils.Log - Started test :TC2Homework - postCommentInBlog1
11:43:28.020 [main] INFO  utils.Log - TC2Homework
11:43:28.020 [main] INFO  utils.Log - +++++++++++++++++++++++++++++++++
11:43:28.020 [main] INFO  utils.Log - Start time :2023.04.24.11.43.28
11:43:28.020 [main] INFO  utils.Log - +++++++++++++++++++++++++++++++++
11:43:46.329 [main] ERROR utils.Log - +++++++++++++++++++++++++++++++++
11:43:46.329 [main] ERROR utils.Log - Failed test :postCommentInBlog1
11:43:46.329 [main] ERROR utils.Log - +++++++++++++++++++++++++++++++++
11:43:46.329 [main] ERROR utils.Log - Failed time :2023.04.24.11.43.46
11:43:46.330 [main] ERROR utils.Log - org.openqa.selenium.StaleElementReferenceException: stale element reference: element is not attached to the page document
  (Session info: MicrosoftEdge=112.0.1722.48)
For documentation on this error, please visit: https://selenium.dev/exceptions/#stale_element_reference
Build info: version: '4.8.2', revision: '826dbfc730'
System info: os.name: 'Windows 11', os.arch: 'amd64', os.version: '10.0', java.version: '20'
Driver info: org.openqa.selenium.edge.EdgeDriver
Command: [244970c298db07d5d02a5f0ea460d11c, clickElement {id=382fda53-ed56-414b-838d-62b04cbebe07}]
Capabilities {acceptInsecureCerts: false, browserName: msedge, browserVersion: 112.0.1722.48, ms:edgeOptions: {debuggerAddress: localhost:54889}, msedge: {msedgedriverVersion: 112.0.1722.58 (4dc3f55bfaec..., userDataDir: C:\Users\ealbu\AppData\Loca...}, networkConnectionEnabled: false, pageLoadStrategy: normal, platformName: WINDOWS, proxy: Proxy(), se:cdp: ws://localhost:54889/devtoo..., se:cdpVersion: 112.0.1722.48, setWindowRect: true, strictFileInteractability: false, timeouts: {implicit: 0, pageLoad: 300000, script: 30000}, unhandledPromptBehavior: dismiss and notify, webauthn:extension:credBlob: true, webauthn:extension:largeBlob: true, webauthn:extension:minPinLength: true, webauthn:extension:prf: true, webauthn:virtualAuthenticators: true}
Element: [[EdgeDriver: msedge on WINDOWS (244970c298db07d5d02a5f0ea460d11c)] -> xpath: //article[@id = 'post-1023']//a[@class = 'button']]
Session ID: 244970c298db07d5d02a5f0ea460d11c
11:43:46.330 [main] ERROR utils.Log - +++++++++++++++++++++++++++++++++
