11:35:06.977 [main] INFO  utils.Log - Browser parameter is : EDGE
11:35:10.191 [main] INFO  utils.Log - Edge =--> Thread.id = 1
11:35:12.777 [main] INFO  utils.Log - +++++++++++++++++++++++++++++++++
11:35:12.777 [main] INFO  utils.Log - Started test :TC2Homework - navigateToBlog
11:35:12.777 [main] INFO  utils.Log - TC2Homework
11:35:12.777 [main] INFO  utils.Log - +++++++++++++++++++++++++++++++++
11:35:12.778 [main] INFO  utils.Log - Start time :2023.04.24.11.35.12
11:35:12.778 [main] INFO  utils.Log - +++++++++++++++++++++++++++++++++
11:35:13.498 [main] INFO  utils.Log - +++++++++++++++++++++++++++++++++
11:35:13.498 [main] INFO  utils.Log - Passed test :navigateToBlog
11:35:13.499 [main] INFO  utils.Log - +++++++++++++++++++++++++++++++++
11:35:13.499 [main] INFO  utils.Log - End time :2023.04.24.11.35.13
11:35:13.499 [main] INFO  utils.Log - +++++++++++++++++++++++++++++++++
11:35:13.502 [main] INFO  utils.Log - +++++++++++++++++++++++++++++++++
11:35:13.502 [main] INFO  utils.Log - Started test :TC2Homework - checkBlogs
11:35:13.502 [main] INFO  utils.Log - TC2Homework
11:35:13.502 [main] INFO  utils.Log - +++++++++++++++++++++++++++++++++
11:35:13.502 [main] INFO  utils.Log - Start time :2023.04.24.11.35.13
11:35:13.502 [main] INFO  utils.Log - +++++++++++++++++++++++++++++++++
11:35:13.580 [main] INFO  utils.Log - +++++++++++++++++++++++++++++++++
11:35:13.580 [main] INFO  utils.Log - Passed test :checkBlogs
11:35:13.580 [main] INFO  utils.Log - +++++++++++++++++++++++++++++++++
11:35:13.580 [main] INFO  utils.Log - End time :2023.04.24.11.35.13
11:35:13.580 [main] INFO  utils.Log - +++++++++++++++++++++++++++++++++
11:35:13.582 [main] INFO  utils.Log - +++++++++++++++++++++++++++++++++
11:35:13.582 [main] INFO  utils.Log - Started test :TC2Homework - postCommentInBlog1
11:35:13.582 [main] INFO  utils.Log - TC2Homework
11:35:13.582 [main] INFO  utils.Log - +++++++++++++++++++++++++++++++++
11:35:13.583 [main] INFO  utils.Log - Start time :2023.04.24.11.35.13
11:35:13.583 [main] INFO  utils.Log - +++++++++++++++++++++++++++++++++
11:35:28.634 [main] ERROR utils.Log - +++++++++++++++++++++++++++++++++
11:35:28.634 [main] ERROR utils.Log - Failed test :postCommentInBlog1
11:35:28.634 [main] ERROR utils.Log - +++++++++++++++++++++++++++++++++
11:35:28.634 [main] ERROR utils.Log - Failed time :2023.04.24.11.35.28
11:35:28.635 [main] ERROR utils.Log - org.openqa.selenium.NoSuchElementException: Unable to find element with locator By.xpath: //div[@class = 'klb-post']//em
For documentation on this error, please visit: https://selenium.dev/exceptions/#no_such_element
Build info: version: '4.8.2', revision: '826dbfc730'
System info: os.name: 'Windows 11', os.arch: 'amd64', os.version: '10.0', java.version: '20'
Driver info: driver.version: RemoteWebDriver
11:35:28.635 [main] ERROR utils.Log - +++++++++++++++++++++++++++++++++
