21:35:11.878 [main] INFO  utils.Log - Browser parameter is : EDGE
21:35:15.377 [main] INFO  utils.Log - Edge =--> Thread.id = 1
21:35:18.929 [main] INFO  utils.Log - +++++++++++++++++++++++++++++++++
21:35:18.929 [main] INFO  utils.Log - Started test :LoginTest - validloginTest
21:35:18.929 [main] INFO  utils.Log - LoginTest
21:35:18.929 [main] INFO  utils.Log - +++++++++++++++++++++++++++++++++
21:35:18.930 [main] INFO  utils.Log - Start time :2023.04.24.21.35.18
21:35:18.930 [main] INFO  utils.Log - +++++++++++++++++++++++++++++++++
21:35:28.959 [main] ERROR utils.Log - +++++++++++++++++++++++++++++++++
21:35:28.961 [main] ERROR utils.Log - Failed test :validloginTest
21:35:28.962 [main] ERROR utils.Log - +++++++++++++++++++++++++++++++++
21:35:28.962 [main] ERROR utils.Log - Failed time :2023.04.24.21.35.28
21:35:28.964 [main] ERROR utils.Log - org.openqa.selenium.NoSuchElementException: no such element: Unable to locate element: {"method":"link text","selector":"My account"}
  (Session info: headless MicrosoftEdge=112.0.1722.58)
For documentation on this error, please visit: https://selenium.dev/exceptions/#no_such_element
Build info: version: '4.8.2', revision: '826dbfc730'
System info: os.name: 'Windows 11', os.arch: 'amd64', os.version: '10.0', java.version: '20'
Driver info: org.openqa.selenium.edge.EdgeDriver
Command: [ac5faa86dbd726ca5332f53df2e0ba32, findElement {using=link text, value=My account}]
Capabilities {acceptInsecureCerts: false, browserName: msedge, browserVersion: 112.0.1722.58, ms:edgeOptions: {debuggerAddress: localhost:60271}, msedge: {msedgedriverVersion: 112.0.1722.58 (4dc3f55bfaec..., userDataDir: C:\Users\ealbu\AppData\Loca...}, networkConnectionEnabled: false, pageLoadStrategy: normal, platformName: WINDOWS, proxy: Proxy(), se:cdp: ws://localhost:60271/devtoo..., se:cdpVersion: 112.0.1722.58, setWindowRect: true, strictFileInteractability: false, timeouts: {implicit: 0, pageLoad: 300000, script: 30000}, unhandledPromptBehavior: dismiss and notify, webauthn:extension:credBlob: true, webauthn:extension:largeBlob: true, webauthn:extension:minPinLength: true, webauthn:extension:prf: true, webauthn:virtualAuthenticators: true}
Session ID: ac5faa86dbd726ca5332f53df2e0ba32
21:35:28.964 [main] ERROR utils.Log - +++++++++++++++++++++++++++++++++
