02:10:28.038 [main] INFO  utils.Log - Browser parameter is : EDGE
02:10:31.254 [main] INFO  utils.Log - Edge =--> Thread.id = 1
02:10:33.899 [main] INFO  utils.Log - +++++++++++++++++++++++++++++++++
02:10:33.899 [main] INFO  utils.Log - Started test :TC2Homework - navigateToBlog
02:10:33.899 [main] INFO  utils.Log - TC2Homework
02:10:33.900 [main] INFO  utils.Log - +++++++++++++++++++++++++++++++++
02:10:33.900 [main] INFO  utils.Log - Start time :2023.04.24.02.10.33
02:10:33.900 [main] INFO  utils.Log - +++++++++++++++++++++++++++++++++
02:10:34.559 [main] INFO  utils.Log - +++++++++++++++++++++++++++++++++
02:10:34.559 [main] INFO  utils.Log - Passed test :navigateToBlog
02:10:34.560 [main] INFO  utils.Log - +++++++++++++++++++++++++++++++++
02:10:34.560 [main] INFO  utils.Log - End time :2023.04.24.02.10.34
02:10:34.560 [main] INFO  utils.Log - +++++++++++++++++++++++++++++++++
02:10:34.564 [main] INFO  utils.Log - +++++++++++++++++++++++++++++++++
02:10:34.564 [main] INFO  utils.Log - Started test :TC2Homework - checkBlogs
02:10:34.564 [main] INFO  utils.Log - TC2Homework
02:10:34.564 [main] INFO  utils.Log - +++++++++++++++++++++++++++++++++
02:10:34.564 [main] INFO  utils.Log - Start time :2023.04.24.02.10.34
02:10:34.565 [main] INFO  utils.Log - +++++++++++++++++++++++++++++++++
02:10:34.649 [main] INFO  utils.Log - +++++++++++++++++++++++++++++++++
02:10:34.649 [main] INFO  utils.Log - Passed test :checkBlogs
02:10:34.649 [main] INFO  utils.Log - +++++++++++++++++++++++++++++++++
02:10:34.649 [main] INFO  utils.Log - End time :2023.04.24.02.10.34
02:10:34.649 [main] INFO  utils.Log - +++++++++++++++++++++++++++++++++
02:10:34.650 [main] INFO  utils.Log - +++++++++++++++++++++++++++++++++
02:10:34.650 [main] INFO  utils.Log - Started test :TC2Homework - postCommentInBlog1
02:10:34.650 [main] INFO  utils.Log - TC2Homework
02:10:34.650 [main] INFO  utils.Log - +++++++++++++++++++++++++++++++++
02:10:34.650 [main] INFO  utils.Log - Start time :2023.04.24.02.10.34
02:10:34.650 [main] INFO  utils.Log - +++++++++++++++++++++++++++++++++
02:10:35.121 [main] ERROR utils.Log - +++++++++++++++++++++++++++++++++
02:10:35.122 [main] ERROR utils.Log - Failed test :postCommentInBlog1
02:10:35.122 [main] ERROR utils.Log - +++++++++++++++++++++++++++++++++
02:10:35.122 [main] ERROR utils.Log - Failed time :2023.04.24.02.10.35
02:10:35.122 [main] ERROR utils.Log - org.openqa.selenium.StaleElementReferenceException: stale element reference: element is not attached to the page document
  (Session info: MicrosoftEdge=112.0.1722.48)
For documentation on this error, please visit: https://selenium.dev/exceptions/#stale_element_reference
Build info: version: '4.8.2', revision: '826dbfc730'
System info: os.name: 'Windows 11', os.arch: 'amd64', os.version: '10.0', java.version: '20'
Driver info: org.openqa.selenium.edge.EdgeDriver
Command: [cb127c462e548d37da378ffefec4dc00, clickElement {id=71fa0734-6752-4694-a903-f22ed7266942}]
Capabilities {acceptInsecureCerts: false, browserName: msedge, browserVersion: 112.0.1722.48, ms:edgeOptions: {debuggerAddress: localhost:62615}, msedge: {msedgedriverVersion: 112.0.1722.58 (4dc3f55bfaec..., userDataDir: C:\Users\ealbu\AppData\Loca...}, networkConnectionEnabled: false, pageLoadStrategy: normal, platformName: WINDOWS, proxy: Proxy(), se:cdp: ws://localhost:62615/devtoo..., se:cdpVersion: 112.0.1722.48, setWindowRect: true, strictFileInteractability: false, timeouts: {implicit: 0, pageLoad: 300000, script: 30000}, unhandledPromptBehavior: dismiss and notify, webauthn:extension:credBlob: true, webauthn:extension:largeBlob: true, webauthn:extension:minPinLength: true, webauthn:extension:prf: true, webauthn:virtualAuthenticators: true}
Element: [[EdgeDriver: msedge on WINDOWS (cb127c462e548d37da378ffefec4dc00)] -> xpath: //article[@id = 'post-1035']//h2//a[contains(@href, 'mistaken')]]
Session ID: cb127c462e548d37da378ffefec4dc00
02:10:35.123 [main] ERROR utils.Log - +++++++++++++++++++++++++++++++++
