02:50:03.266 [main] INFO  utils.Log - Browser parameter is : EDGE
02:50:06.443 [main] INFO  utils.Log - Edge =--> Thread.id = 1
02:50:09.552 [main] INFO  utils.Log - +++++++++++++++++++++++++++++++++
02:50:09.554 [main] INFO  utils.Log - Started test :TC2Homework - navigateToBlog
02:50:09.554 [main] INFO  utils.Log - TC2Homework
02:50:09.554 [main] INFO  utils.Log - +++++++++++++++++++++++++++++++++
02:50:09.555 [main] INFO  utils.Log - Start time :2023.04.24.02.50.09
02:50:09.555 [main] INFO  utils.Log - +++++++++++++++++++++++++++++++++
02:50:10.167 [main] INFO  utils.Log - +++++++++++++++++++++++++++++++++
02:50:10.167 [main] INFO  utils.Log - Passed test :navigateToBlog
02:50:10.167 [main] INFO  utils.Log - +++++++++++++++++++++++++++++++++
02:50:10.168 [main] INFO  utils.Log - End time :2023.04.24.02.50.10
02:50:10.168 [main] INFO  utils.Log - +++++++++++++++++++++++++++++++++
02:50:10.170 [main] INFO  utils.Log - +++++++++++++++++++++++++++++++++
02:50:10.170 [main] INFO  utils.Log - Started test :TC2Homework - checkBlogs
02:50:10.170 [main] INFO  utils.Log - TC2Homework
02:50:10.170 [main] INFO  utils.Log - +++++++++++++++++++++++++++++++++
02:50:10.172 [main] INFO  utils.Log - Start time :2023.04.24.02.50.10
02:50:10.172 [main] INFO  utils.Log - +++++++++++++++++++++++++++++++++
02:50:11.114 [main] ERROR utils.Log - +++++++++++++++++++++++++++++++++
02:50:11.114 [main] ERROR utils.Log - Failed test :checkBlogs
02:50:11.114 [main] ERROR utils.Log - +++++++++++++++++++++++++++++++++
02:50:11.114 [main] ERROR utils.Log - Failed time :2023.04.24.02.50.11
02:50:11.115 [main] ERROR utils.Log - org.openqa.selenium.StaleElementReferenceException: stale element reference: element is not attached to the page document
  (Session info: MicrosoftEdge=112.0.1722.48)
For documentation on this error, please visit: https://selenium.dev/exceptions/#stale_element_reference
Build info: version: '4.8.2', revision: '826dbfc730'
System info: os.name: 'Windows 11', os.arch: 'amd64', os.version: '10.0', java.version: '20'
Driver info: org.openqa.selenium.edge.EdgeDriver
Command: [924f75b4aa3398fb5d85450ba280d656, clickElement {id=f1ed221d-7762-4e12-880a-bc9984a87f96}]
Capabilities {acceptInsecureCerts: false, browserName: msedge, browserVersion: 112.0.1722.48, ms:edgeOptions: {debuggerAddress: localhost:50701}, msedge: {msedgedriverVersion: 112.0.1722.58 (4dc3f55bfaec..., userDataDir: C:\Users\ealbu\AppData\Loca...}, networkConnectionEnabled: false, pageLoadStrategy: normal, platformName: WINDOWS, proxy: Proxy(), se:cdp: ws://localhost:50701/devtoo..., se:cdpVersion: 112.0.1722.48, setWindowRect: true, strictFileInteractability: false, timeouts: {implicit: 0, pageLoad: 300000, script: 30000}, unhandledPromptBehavior: dismiss and notify, webauthn:extension:credBlob: true, webauthn:extension:largeBlob: true, webauthn:extension:minPinLength: true, webauthn:extension:prf: true, webauthn:virtualAuthenticators: true}
Element: [[EdgeDriver: msedge on WINDOWS (924f75b4aa3398fb5d85450ba280d656)] -> xpath: //article[@id = 'post-1759']//h2//a[contains(@href, 'donut')]]
Session ID: 924f75b4aa3398fb5d85450ba280d656
02:50:11.115 [main] ERROR utils.Log - +++++++++++++++++++++++++++++++++
