02:40:40.427 [main] INFO  utils.Log - Browser parameter is : EDGE
02:40:43.683 [main] INFO  utils.Log - Edge =--> Thread.id = 1
02:40:46.879 [main] INFO  utils.Log - +++++++++++++++++++++++++++++++++
02:40:46.880 [main] INFO  utils.Log - Started test :TC2Homework - navigateToBlog
02:40:46.880 [main] INFO  utils.Log - TC2Homework
02:40:46.880 [main] INFO  utils.Log - +++++++++++++++++++++++++++++++++
02:40:46.881 [main] INFO  utils.Log - Start time :2023.04.24.02.40.46
02:40:46.881 [main] INFO  utils.Log - +++++++++++++++++++++++++++++++++
02:40:47.615 [main] INFO  utils.Log - +++++++++++++++++++++++++++++++++
02:40:47.615 [main] INFO  utils.Log - Passed test :navigateToBlog
02:40:47.615 [main] INFO  utils.Log - +++++++++++++++++++++++++++++++++
02:40:47.615 [main] INFO  utils.Log - End time :2023.04.24.02.40.47
02:40:47.615 [main] INFO  utils.Log - +++++++++++++++++++++++++++++++++
02:40:47.621 [main] INFO  utils.Log - +++++++++++++++++++++++++++++++++
02:40:47.621 [main] INFO  utils.Log - Started test :TC2Homework - checkBlogs
02:40:47.621 [main] INFO  utils.Log - TC2Homework
02:40:47.621 [main] INFO  utils.Log - +++++++++++++++++++++++++++++++++
02:40:47.621 [main] INFO  utils.Log - Start time :2023.04.24.02.40.47
02:40:47.622 [main] INFO  utils.Log - +++++++++++++++++++++++++++++++++
02:40:47.698 [main] INFO  utils.Log - +++++++++++++++++++++++++++++++++
02:40:47.698 [main] INFO  utils.Log - Passed test :checkBlogs
02:40:47.700 [main] INFO  utils.Log - +++++++++++++++++++++++++++++++++
02:40:47.700 [main] INFO  utils.Log - End time :2023.04.24.02.40.47
02:40:47.700 [main] INFO  utils.Log - +++++++++++++++++++++++++++++++++
02:40:47.701 [main] INFO  utils.Log - +++++++++++++++++++++++++++++++++
02:40:47.701 [main] INFO  utils.Log - Started test :TC2Homework - postCommentInBlog1
02:40:47.701 [main] INFO  utils.Log - TC2Homework
02:40:47.701 [main] INFO  utils.Log - +++++++++++++++++++++++++++++++++
02:40:47.701 [main] INFO  utils.Log - Start time :2023.04.24.02.40.47
02:40:47.702 [main] INFO  utils.Log - +++++++++++++++++++++++++++++++++
02:40:59.617 [main] ERROR utils.Log - +++++++++++++++++++++++++++++++++
02:40:59.617 [main] ERROR utils.Log - Failed test :postCommentInBlog1
02:40:59.617 [main] ERROR utils.Log - +++++++++++++++++++++++++++++++++
02:40:59.617 [main] ERROR utils.Log - Failed time :2023.04.24.02.40.59
02:40:59.619 [main] ERROR utils.Log - org.openqa.selenium.StaleElementReferenceException: stale element reference: element is not attached to the page document
  (Session info: MicrosoftEdge=112.0.1722.48)
For documentation on this error, please visit: https://selenium.dev/exceptions/#stale_element_reference
Build info: version: '4.8.2', revision: '826dbfc730'
System info: os.name: 'Windows 11', os.arch: 'amd64', os.version: '10.0', java.version: '20'
Driver info: org.openqa.selenium.edge.EdgeDriver
Command: [72fce2edb759c4b848b8b25e2c7f2c12, clickElement {id=32c525d8-731d-4b91-a0db-159369388132}]
Capabilities {acceptInsecureCerts: false, browserName: msedge, browserVersion: 112.0.1722.48, ms:edgeOptions: {debuggerAddress: localhost:49825}, msedge: {msedgedriverVersion: 112.0.1722.58 (4dc3f55bfaec..., userDataDir: C:\Users\ealbu\AppData\Loca...}, networkConnectionEnabled: false, pageLoadStrategy: normal, platformName: WINDOWS, proxy: Proxy(), se:cdp: ws://localhost:49825/devtoo..., se:cdpVersion: 112.0.1722.48, setWindowRect: true, strictFileInteractability: false, timeouts: {implicit: 0, pageLoad: 300000, script: 30000}, unhandledPromptBehavior: dismiss and notify, webauthn:extension:credBlob: true, webauthn:extension:largeBlob: true, webauthn:extension:minPinLength: true, webauthn:extension:prf: true, webauthn:virtualAuthenticators: true}
Element: [[EdgeDriver: msedge on WINDOWS (72fce2edb759c4b848b8b25e2c7f2c12)] -> xpath: //article[@id = 'post-1023']//h2//a[contains(@href, 'typefaces')]]
Session ID: 72fce2edb759c4b848b8b25e2c7f2c12
02:40:59.619 [main] ERROR utils.Log - +++++++++++++++++++++++++++++++++
