02:12:27.665 [main] INFO  utils.Log - Browser parameter is : EDGE
02:12:30.835 [main] INFO  utils.Log - Edge =--> Thread.id = 1
02:12:33.416 [main] INFO  utils.Log - +++++++++++++++++++++++++++++++++
02:12:33.416 [main] INFO  utils.Log - Started test :TC2Homework - navigateToBlog
02:12:33.416 [main] INFO  utils.Log - TC2Homework
02:12:33.416 [main] INFO  utils.Log - +++++++++++++++++++++++++++++++++
02:12:33.417 [main] INFO  utils.Log - Start time :2023.04.24.02.12.33
02:12:33.417 [main] INFO  utils.Log - +++++++++++++++++++++++++++++++++
02:12:34.001 [main] INFO  utils.Log - +++++++++++++++++++++++++++++++++
02:12:34.001 [main] INFO  utils.Log - Passed test :navigateToBlog
02:12:34.001 [main] INFO  utils.Log - +++++++++++++++++++++++++++++++++
02:12:34.002 [main] INFO  utils.Log - End time :2023.04.24.02.12.34
02:12:34.002 [main] INFO  utils.Log - +++++++++++++++++++++++++++++++++
02:12:34.005 [main] INFO  utils.Log - +++++++++++++++++++++++++++++++++
02:12:34.005 [main] INFO  utils.Log - Started test :TC2Homework - checkBlogs
02:12:34.005 [main] INFO  utils.Log - TC2Homework
02:12:34.005 [main] INFO  utils.Log - +++++++++++++++++++++++++++++++++
02:12:34.005 [main] INFO  utils.Log - Start time :2023.04.24.02.12.34
02:12:34.005 [main] INFO  utils.Log - +++++++++++++++++++++++++++++++++
02:12:34.081 [main] INFO  utils.Log - +++++++++++++++++++++++++++++++++
02:12:34.081 [main] INFO  utils.Log - Passed test :checkBlogs
02:12:34.081 [main] INFO  utils.Log - +++++++++++++++++++++++++++++++++
02:12:34.081 [main] INFO  utils.Log - End time :2023.04.24.02.12.34
02:12:34.081 [main] INFO  utils.Log - +++++++++++++++++++++++++++++++++
02:12:34.082 [main] INFO  utils.Log - +++++++++++++++++++++++++++++++++
02:12:34.083 [main] INFO  utils.Log - Started test :TC2Homework - postCommentInBlog1
02:12:34.083 [main] INFO  utils.Log - TC2Homework
02:12:34.083 [main] INFO  utils.Log - +++++++++++++++++++++++++++++++++
02:12:34.083 [main] INFO  utils.Log - Start time :2023.04.24.02.12.34
02:12:34.083 [main] INFO  utils.Log - +++++++++++++++++++++++++++++++++
02:12:49.843 [main] ERROR utils.Log - +++++++++++++++++++++++++++++++++
02:12:49.843 [main] ERROR utils.Log - Failed test :postCommentInBlog1
02:12:49.843 [main] ERROR utils.Log - +++++++++++++++++++++++++++++++++
02:12:49.845 [main] ERROR utils.Log - Failed time :2023.04.24.02.12.49
02:12:49.846 [main] ERROR utils.Log - org.openqa.selenium.NoSuchElementException: no such element: Unable to locate element: {"method":"xpath","selector":"//div[@class = 'klb-post']//em"}
  (Session info: MicrosoftEdge=112.0.1722.48)
For documentation on this error, please visit: https://selenium.dev/exceptions/#no_such_element
Build info: version: '4.8.2', revision: '826dbfc730'
System info: os.name: 'Windows 11', os.arch: 'amd64', os.version: '10.0', java.version: '20'
Driver info: org.openqa.selenium.edge.EdgeDriver
Command: [52f516cf7cdb7bad99e64695c5914fdb, findElement {using=xpath, value=//div[@class = 'klb-post']//em}]
Capabilities {acceptInsecureCerts: false, browserName: msedge, browserVersion: 112.0.1722.48, ms:edgeOptions: {debuggerAddress: localhost:62790}, msedge: {msedgedriverVersion: 112.0.1722.58 (4dc3f55bfaec..., userDataDir: C:\Users\ealbu\AppData\Loca...}, networkConnectionEnabled: false, pageLoadStrategy: normal, platformName: WINDOWS, proxy: Proxy(), se:cdp: ws://localhost:62790/devtoo..., se:cdpVersion: 112.0.1722.48, setWindowRect: true, strictFileInteractability: false, timeouts: {implicit: 0, pageLoad: 300000, script: 30000}, unhandledPromptBehavior: dismiss and notify, webauthn:extension:credBlob: true, webauthn:extension:largeBlob: true, webauthn:extension:minPinLength: true, webauthn:extension:prf: true, webauthn:virtualAuthenticators: true}
Session ID: 52f516cf7cdb7bad99e64695c5914fdb
02:12:49.846 [main] ERROR utils.Log - +++++++++++++++++++++++++++++++++
