12:43:30.234 [main] INFO  utils.Log - Browser parameter is : CHROME
12:43:31.689 [main] INFO  utils.Log - Chrome =--> Thread.id = 1
12:43:34.229 [main] INFO  utils.Log - +++++++++++++++++++++++++++++++++
12:43:34.229 [main] INFO  utils.Log - Started test :TC2Homework - navigateToBlog
12:43:34.229 [main] INFO  utils.Log - TC2Homework
12:43:34.229 [main] INFO  utils.Log - +++++++++++++++++++++++++++++++++
12:43:34.229 [main] INFO  utils.Log - Start time :2023.04.24.12.43.34
12:43:34.230 [main] INFO  utils.Log - +++++++++++++++++++++++++++++++++
12:43:34.780 [main] INFO  utils.Log - +++++++++++++++++++++++++++++++++
12:43:34.780 [main] INFO  utils.Log - Passed test :navigateToBlog
12:43:34.780 [main] INFO  utils.Log - +++++++++++++++++++++++++++++++++
12:43:34.780 [main] INFO  utils.Log - End time :2023.04.24.12.43.34
12:43:34.780 [main] INFO  utils.Log - +++++++++++++++++++++++++++++++++
12:43:34.784 [main] INFO  utils.Log - +++++++++++++++++++++++++++++++++
12:43:34.784 [main] INFO  utils.Log - Started test :TC2Homework - checkBlogs
12:43:34.784 [main] INFO  utils.Log - TC2Homework
12:43:34.784 [main] INFO  utils.Log - +++++++++++++++++++++++++++++++++
12:43:34.784 [main] INFO  utils.Log - Start time :2023.04.24.12.43.34
12:43:34.784 [main] INFO  utils.Log - +++++++++++++++++++++++++++++++++
12:43:34.861 [main] INFO  utils.Log - +++++++++++++++++++++++++++++++++
12:43:34.862 [main] INFO  utils.Log - Passed test :checkBlogs
12:43:34.862 [main] INFO  utils.Log - +++++++++++++++++++++++++++++++++
12:43:34.862 [main] INFO  utils.Log - End time :2023.04.24.12.43.34
12:43:34.862 [main] INFO  utils.Log - +++++++++++++++++++++++++++++++++
12:43:34.863 [main] INFO  utils.Log - +++++++++++++++++++++++++++++++++
12:43:34.863 [main] INFO  utils.Log - Started test :TC2Homework - postCommentInBlogs
12:43:34.863 [main] INFO  utils.Log - TC2Homework
12:43:34.863 [main] INFO  utils.Log - +++++++++++++++++++++++++++++++++
12:43:34.863 [main] INFO  utils.Log - Start time :2023.04.24.12.43.34
12:43:34.863 [main] INFO  utils.Log - +++++++++++++++++++++++++++++++++
12:44:09.138 [main] ERROR utils.Log - +++++++++++++++++++++++++++++++++
12:44:09.138 [main] ERROR utils.Log - Failed test :postCommentInBlogs
12:44:09.138 [main] ERROR utils.Log - +++++++++++++++++++++++++++++++++
12:44:09.139 [main] ERROR utils.Log - Failed time :2023.04.24.12.44.09
12:44:09.139 [main] ERROR utils.Log - org.openqa.selenium.StaleElementReferenceException: stale element reference: element is not attached to the page document
  (Session info: chrome=112.0.5615.121)
For documentation on this error, please visit: https://selenium.dev/exceptions/#stale_element_reference
Build info: version: '4.8.2', revision: '826dbfc730'
System info: os.name: 'Windows 11', os.arch: 'amd64', os.version: '10.0', java.version: '20'
Driver info: org.openqa.selenium.chrome.ChromeDriver
Command: [764d9165927dd20693687c062458dc4a, clickElement {id=ab5227d6-44f1-4800-b9ab-8ae9ec45b373}]
Capabilities {acceptInsecureCerts: false, browserName: chrome, browserVersion: 112.0.5615.121, chrome: {chromedriverVersion: 112.0.5615.49 (bd2a7bcb881c..., userDataDir: C:\Users\ealbu\AppData\Loca...}, goog:chromeOptions: {debuggerAddress: localhost:50140}, networkConnectionEnabled: false, pageLoadStrategy: normal, platformName: WINDOWS, proxy: Proxy(), se:cdp: ws://localhost:50140/devtoo..., se:cdpVersion: 112.0.5615.121, setWindowRect: true, strictFileInteractability: false, timeouts: {implicit: 0, pageLoad: 300000, script: 30000}, unhandledPromptBehavior: dismiss and notify, webauthn:extension:credBlob: true, webauthn:extension:largeBlob: true, webauthn:extension:minPinLength: true, webauthn:extension:prf: true, webauthn:virtualAuthenticators: true}
Element: [[ChromeDriver: chrome on WINDOWS (764d9165927dd20693687c062458dc4a)] -> xpath: //article[@id = 'post-1023']//h2//a[contains(@href, 'typefaces')]]
Session ID: 764d9165927dd20693687c062458dc4a
12:44:09.140 [main] ERROR utils.Log - +++++++++++++++++++++++++++++++++
