02:06:47.897 [main] INFO  utils.Log - Browser parameter is : EDGE
02:06:51.106 [main] INFO  utils.Log - Edge =--> Thread.id = 1
02:06:53.802 [main] INFO  utils.Log - +++++++++++++++++++++++++++++++++
02:06:53.802 [main] INFO  utils.Log - Started test :TC2Homework - navigateToBlog
02:06:53.802 [main] INFO  utils.Log - TC2Homework
02:06:53.802 [main] INFO  utils.Log - +++++++++++++++++++++++++++++++++
02:06:53.803 [main] INFO  utils.Log - Start time :2023.04.24.02.06.53
02:06:53.803 [main] INFO  utils.Log - +++++++++++++++++++++++++++++++++
02:06:54.391 [main] INFO  utils.Log - +++++++++++++++++++++++++++++++++
02:06:54.392 [main] INFO  utils.Log - Passed test :navigateToBlog
02:06:54.392 [main] INFO  utils.Log - +++++++++++++++++++++++++++++++++
02:06:54.392 [main] INFO  utils.Log - End time :2023.04.24.02.06.54
02:06:54.392 [main] INFO  utils.Log - +++++++++++++++++++++++++++++++++
02:06:54.399 [main] INFO  utils.Log - +++++++++++++++++++++++++++++++++
02:06:54.400 [main] INFO  utils.Log - Started test :TC2Homework - checkBlogs
02:06:54.400 [main] INFO  utils.Log - TC2Homework
02:06:54.400 [main] INFO  utils.Log - +++++++++++++++++++++++++++++++++
02:06:54.400 [main] INFO  utils.Log - Start time :2023.04.24.02.06.54
02:06:54.400 [main] INFO  utils.Log - +++++++++++++++++++++++++++++++++
02:06:54.482 [main] INFO  utils.Log - +++++++++++++++++++++++++++++++++
02:06:54.482 [main] INFO  utils.Log - Passed test :checkBlogs
02:06:54.482 [main] INFO  utils.Log - +++++++++++++++++++++++++++++++++
02:06:54.482 [main] INFO  utils.Log - End time :2023.04.24.02.06.54
02:06:54.483 [main] INFO  utils.Log - +++++++++++++++++++++++++++++++++
02:06:54.484 [main] INFO  utils.Log - +++++++++++++++++++++++++++++++++
02:06:54.484 [main] INFO  utils.Log - Started test :TC2Homework - postCommentInBlog1
02:06:54.484 [main] INFO  utils.Log - TC2Homework
02:06:54.484 [main] INFO  utils.Log - +++++++++++++++++++++++++++++++++
02:06:54.484 [main] INFO  utils.Log - Start time :2023.04.24.02.06.54
02:06:54.484 [main] INFO  utils.Log - +++++++++++++++++++++++++++++++++
02:06:56.202 [main] ERROR utils.Log - +++++++++++++++++++++++++++++++++
02:06:56.202 [main] ERROR utils.Log - Failed test :postCommentInBlog1
02:06:56.202 [main] ERROR utils.Log - +++++++++++++++++++++++++++++++++
02:06:56.203 [main] ERROR utils.Log - Failed time :2023.04.24.02.06.56
02:06:56.203 [main] ERROR utils.Log - org.openqa.selenium.StaleElementReferenceException: stale element reference: element is not attached to the page document
  (Session info: MicrosoftEdge=112.0.1722.48)
For documentation on this error, please visit: https://selenium.dev/exceptions/#stale_element_reference
Build info: version: '4.8.2', revision: '826dbfc730'
System info: os.name: 'Windows 11', os.arch: 'amd64', os.version: '10.0', java.version: '20'
Driver info: org.openqa.selenium.edge.EdgeDriver
Command: [770d842654296ae149fa7c5a1e8033c8, clickElement {id=e6fdb0ed-c210-4755-81c5-17a1dfa0c3ef}]
Capabilities {acceptInsecureCerts: false, browserName: msedge, browserVersion: 112.0.1722.48, ms:edgeOptions: {debuggerAddress: localhost:62364}, msedge: {msedgedriverVersion: 112.0.1722.58 (4dc3f55bfaec..., userDataDir: C:\Users\ealbu\AppData\Loca...}, networkConnectionEnabled: false, pageLoadStrategy: normal, platformName: WINDOWS, proxy: Proxy(), se:cdp: ws://localhost:62364/devtoo..., se:cdpVersion: 112.0.1722.48, setWindowRect: true, strictFileInteractability: false, timeouts: {implicit: 0, pageLoad: 300000, script: 30000}, unhandledPromptBehavior: dismiss and notify, webauthn:extension:credBlob: true, webauthn:extension:largeBlob: true, webauthn:extension:minPinLength: true, webauthn:extension:prf: true, webauthn:virtualAuthenticators: true}
Element: [[EdgeDriver: msedge on WINDOWS (770d842654296ae149fa7c5a1e8033c8)] -> xpath: //article[@id = 'post-1759']//h2//a[contains(@href, 'donut')]]
Session ID: 770d842654296ae149fa7c5a1e8033c8
02:06:56.204 [main] ERROR utils.Log - +++++++++++++++++++++++++++++++++
