12:16:03.319 [main] INFO  utils.Log - Browser parameter is : CHROME
12:16:04.755 [main] INFO  utils.Log - Chrome =--> Thread.id = 1
12:16:07.659 [main] INFO  utils.Log - +++++++++++++++++++++++++++++++++
12:16:07.659 [main] INFO  utils.Log - Started test :TC2Homework - navigateToBlog
12:16:07.659 [main] INFO  utils.Log - TC2Homework
12:16:07.660 [main] INFO  utils.Log - +++++++++++++++++++++++++++++++++
12:16:07.660 [main] INFO  utils.Log - Start time :2023.04.24.12.16.07
12:16:07.660 [main] INFO  utils.Log - +++++++++++++++++++++++++++++++++
12:16:08.168 [main] INFO  utils.Log - +++++++++++++++++++++++++++++++++
12:16:08.168 [main] INFO  utils.Log - Passed test :navigateToBlog
12:16:08.168 [main] INFO  utils.Log - +++++++++++++++++++++++++++++++++
12:16:08.168 [main] INFO  utils.Log - End time :2023.04.24.12.16.08
12:16:08.168 [main] INFO  utils.Log - +++++++++++++++++++++++++++++++++
12:16:08.172 [main] INFO  utils.Log - +++++++++++++++++++++++++++++++++
12:16:08.172 [main] INFO  utils.Log - Started test :TC2Homework - checkBlogs
12:16:08.172 [main] INFO  utils.Log - TC2Homework
12:16:08.172 [main] INFO  utils.Log - +++++++++++++++++++++++++++++++++
12:16:08.172 [main] INFO  utils.Log - Start time :2023.04.24.12.16.08
12:16:08.172 [main] INFO  utils.Log - +++++++++++++++++++++++++++++++++
12:16:08.281 [main] INFO  utils.Log - +++++++++++++++++++++++++++++++++
12:16:08.281 [main] INFO  utils.Log - Passed test :checkBlogs
12:16:08.282 [main] INFO  utils.Log - +++++++++++++++++++++++++++++++++
12:16:08.282 [main] INFO  utils.Log - End time :2023.04.24.12.16.08
12:16:08.282 [main] INFO  utils.Log - +++++++++++++++++++++++++++++++++
12:16:08.284 [main] INFO  utils.Log - +++++++++++++++++++++++++++++++++
12:16:08.284 [main] INFO  utils.Log - Started test :TC2Homework - postCommentInBlog1
12:16:08.284 [main] INFO  utils.Log - TC2Homework
12:16:08.284 [main] INFO  utils.Log - +++++++++++++++++++++++++++++++++
12:16:08.284 [main] INFO  utils.Log - Start time :2023.04.24.12.16.08
12:16:08.284 [main] INFO  utils.Log - +++++++++++++++++++++++++++++++++
12:16:22.789 [main] ERROR utils.Log - +++++++++++++++++++++++++++++++++
12:16:22.790 [main] ERROR utils.Log - Failed test :postCommentInBlog1
12:16:22.790 [main] ERROR utils.Log - +++++++++++++++++++++++++++++++++
12:16:22.791 [main] ERROR utils.Log - Failed time :2023.04.24.12.16.22
12:16:22.791 [main] ERROR utils.Log - org.openqa.selenium.TimeoutException: Expected condition failed: waiting for frame to be available: [[ChromeDriver: chrome on WINDOWS (00aefee7b4cb35229c5273ae6a20d9c1)] -> xpath: //article[@id = 'post-1035']//h2//a[contains(@href, 'mistaken')]] (tried for 10 second(s) with 500 milliseconds interval)
Build info: version: '4.8.2', revision: '826dbfc730'
System info: os.name: 'Windows 11', os.arch: 'amd64', os.version: '10.0', java.version: '20'
Driver info: org.openqa.selenium.chrome.ChromeDriver
Capabilities {acceptInsecureCerts: false, browserName: chrome, browserVersion: 112.0.5615.121, chrome: {chromedriverVersion: 112.0.5615.49 (bd2a7bcb881c..., userDataDir: C:\Users\ealbu\AppData\Loca...}, goog:chromeOptions: {debuggerAddress: localhost:55726}, networkConnectionEnabled: false, pageLoadStrategy: normal, platformName: WINDOWS, proxy: Proxy(), se:cdp: ws://localhost:55726/devtoo..., se:cdpVersion: 112.0.5615.121, setWindowRect: true, strictFileInteractability: false, timeouts: {implicit: 0, pageLoad: 300000, script: 30000}, unhandledPromptBehavior: dismiss and notify, webauthn:extension:credBlob: true, webauthn:extension:largeBlob: true, webauthn:extension:minPinLength: true, webauthn:extension:prf: true, webauthn:virtualAuthenticators: true}
Session ID: 00aefee7b4cb35229c5273ae6a20d9c1
12:16:22.791 [main] ERROR utils.Log - +++++++++++++++++++++++++++++++++
