02:30:47.707 [main] INFO  utils.Log - Browser parameter is : EDGE
02:30:50.891 [main] INFO  utils.Log - Edge =--> Thread.id = 1
02:30:55.104 [main] INFO  utils.Log - +++++++++++++++++++++++++++++++++
02:30:55.104 [main] INFO  utils.Log - Started test :TC2Homework - navigateToBlog
02:30:55.104 [main] INFO  utils.Log - TC2Homework
02:30:55.104 [main] INFO  utils.Log - +++++++++++++++++++++++++++++++++
02:30:55.105 [main] INFO  utils.Log - Start time :2023.04.24.02.30.55
02:30:55.105 [main] INFO  utils.Log - +++++++++++++++++++++++++++++++++
02:30:55.777 [main] INFO  utils.Log - +++++++++++++++++++++++++++++++++
02:30:55.777 [main] INFO  utils.Log - Passed test :navigateToBlog
02:30:55.778 [main] INFO  utils.Log - +++++++++++++++++++++++++++++++++
02:30:55.778 [main] INFO  utils.Log - End time :2023.04.24.02.30.55
02:30:55.779 [main] INFO  utils.Log - +++++++++++++++++++++++++++++++++
02:30:55.782 [main] INFO  utils.Log - +++++++++++++++++++++++++++++++++
02:30:55.782 [main] INFO  utils.Log - Started test :TC2Homework - checkBlogs
02:30:55.784 [main] INFO  utils.Log - TC2Homework
02:30:55.784 [main] INFO  utils.Log - +++++++++++++++++++++++++++++++++
02:30:55.784 [main] INFO  utils.Log - Start time :2023.04.24.02.30.55
02:30:55.784 [main] INFO  utils.Log - +++++++++++++++++++++++++++++++++
02:30:55.860 [main] INFO  utils.Log - +++++++++++++++++++++++++++++++++
02:30:55.860 [main] INFO  utils.Log - Passed test :checkBlogs
02:30:55.860 [main] INFO  utils.Log - +++++++++++++++++++++++++++++++++
02:30:55.860 [main] INFO  utils.Log - End time :2023.04.24.02.30.55
02:30:55.860 [main] INFO  utils.Log - +++++++++++++++++++++++++++++++++
02:30:55.862 [main] INFO  utils.Log - +++++++++++++++++++++++++++++++++
02:30:55.863 [main] INFO  utils.Log - Started test :TC2Homework - postCommentInBlog1
02:30:55.863 [main] INFO  utils.Log - TC2Homework
02:30:55.863 [main] INFO  utils.Log - +++++++++++++++++++++++++++++++++
02:30:55.863 [main] INFO  utils.Log - Start time :2023.04.24.02.30.55
02:30:55.863 [main] INFO  utils.Log - +++++++++++++++++++++++++++++++++
02:30:57.709 [main] ERROR utils.Log - +++++++++++++++++++++++++++++++++
02:30:57.709 [main] ERROR utils.Log - Failed test :postCommentInBlog1
02:30:57.710 [main] ERROR utils.Log - +++++++++++++++++++++++++++++++++
02:30:57.710 [main] ERROR utils.Log - Failed time :2023.04.24.02.30.57
02:30:57.711 [main] ERROR utils.Log - org.openqa.selenium.StaleElementReferenceException: stale element reference: element is not attached to the page document
  (Session info: MicrosoftEdge=112.0.1722.48)
For documentation on this error, please visit: https://selenium.dev/exceptions/#stale_element_reference
Build info: version: '4.8.2', revision: '826dbfc730'
System info: os.name: 'Windows 11', os.arch: 'amd64', os.version: '10.0', java.version: '20'
Driver info: org.openqa.selenium.edge.EdgeDriver
Command: [ea1d513b42aa1b198c86ca234b1831cd, clickElement {id=fce50f38-7216-413d-9e3d-d628819f1859}]
Capabilities {acceptInsecureCerts: false, browserName: msedge, browserVersion: 112.0.1722.48, ms:edgeOptions: {debuggerAddress: localhost:65224}, msedge: {msedgedriverVersion: 112.0.1722.58 (4dc3f55bfaec..., userDataDir: C:\Users\ealbu\AppData\Loca...}, networkConnectionEnabled: false, pageLoadStrategy: normal, platformName: WINDOWS, proxy: Proxy(), se:cdp: ws://localhost:65224/devtoo..., se:cdpVersion: 112.0.1722.48, setWindowRect: true, strictFileInteractability: false, timeouts: {implicit: 0, pageLoad: 300000, script: 30000}, unhandledPromptBehavior: dismiss and notify, webauthn:extension:credBlob: true, webauthn:extension:largeBlob: true, webauthn:extension:minPinLength: true, webauthn:extension:prf: true, webauthn:virtualAuthenticators: true}
Element: [[EdgeDriver: msedge on WINDOWS (ea1d513b42aa1b198c86ca234b1831cd)] -> xpath: //article[@id = 'post-1023']//h2//a[contains(@href, 'typefaces')]]
Session ID: ea1d513b42aa1b198c86ca234b1831cd
02:30:57.711 [main] ERROR utils.Log - +++++++++++++++++++++++++++++++++
