02:33:38.250 [main] INFO  utils.Log - Browser parameter is : EDGE
02:33:41.512 [main] INFO  utils.Log - Edge =--> Thread.id = 1
02:33:46.429 [main] INFO  utils.Log - +++++++++++++++++++++++++++++++++
02:33:46.429 [main] INFO  utils.Log - Started test :TC2Homework - navigateToBlog
02:33:46.429 [main] INFO  utils.Log - TC2Homework
02:33:46.429 [main] INFO  utils.Log - +++++++++++++++++++++++++++++++++
02:33:46.430 [main] INFO  utils.Log - Start time :2023.04.24.02.33.46
02:33:46.430 [main] INFO  utils.Log - +++++++++++++++++++++++++++++++++
02:33:47.125 [main] INFO  utils.Log - +++++++++++++++++++++++++++++++++
02:33:47.125 [main] INFO  utils.Log - Passed test :navigateToBlog
02:33:47.125 [main] INFO  utils.Log - +++++++++++++++++++++++++++++++++
02:33:47.125 [main] INFO  utils.Log - End time :2023.04.24.02.33.47
02:33:47.125 [main] INFO  utils.Log - +++++++++++++++++++++++++++++++++
02:33:47.128 [main] INFO  utils.Log - +++++++++++++++++++++++++++++++++
02:33:47.128 [main] INFO  utils.Log - Started test :TC2Homework - checkBlogs
02:33:47.128 [main] INFO  utils.Log - TC2Homework
02:33:47.128 [main] INFO  utils.Log - +++++++++++++++++++++++++++++++++
02:33:47.128 [main] INFO  utils.Log - Start time :2023.04.24.02.33.47
02:33:47.128 [main] INFO  utils.Log - +++++++++++++++++++++++++++++++++
02:33:47.219 [main] INFO  utils.Log - +++++++++++++++++++++++++++++++++
02:33:47.219 [main] INFO  utils.Log - Passed test :checkBlogs
02:33:47.219 [main] INFO  utils.Log - +++++++++++++++++++++++++++++++++
02:33:47.219 [main] INFO  utils.Log - End time :2023.04.24.02.33.47
02:33:47.220 [main] INFO  utils.Log - +++++++++++++++++++++++++++++++++
02:33:47.221 [main] INFO  utils.Log - +++++++++++++++++++++++++++++++++
02:33:47.221 [main] INFO  utils.Log - Started test :TC2Homework - postCommentInBlog1
02:33:47.221 [main] INFO  utils.Log - TC2Homework
02:33:47.221 [main] INFO  utils.Log - +++++++++++++++++++++++++++++++++
02:33:47.222 [main] INFO  utils.Log - Start time :2023.04.24.02.33.47
02:33:47.222 [main] INFO  utils.Log - +++++++++++++++++++++++++++++++++
02:33:54.295 [main] ERROR utils.Log - +++++++++++++++++++++++++++++++++
02:33:54.296 [main] ERROR utils.Log - Failed test :postCommentInBlog1
02:33:54.296 [main] ERROR utils.Log - +++++++++++++++++++++++++++++++++
02:33:54.296 [main] ERROR utils.Log - Failed time :2023.04.24.02.33.54
02:33:54.297 [main] ERROR utils.Log - org.openqa.selenium.NoSuchElementException: Unable to find element with locator By.xpath: //div[@class = 'klb-post']//em
For documentation on this error, please visit: https://selenium.dev/exceptions/#no_such_element
Build info: version: '4.8.2', revision: '826dbfc730'
System info: os.name: 'Windows 11', os.arch: 'amd64', os.version: '10.0', java.version: '20'
Driver info: driver.version: RemoteWebDriver
02:33:54.298 [main] ERROR utils.Log - +++++++++++++++++++++++++++++++++
