03:07:23.423 [main] INFO  utils.Log - Browser parameter is : EDGE
03:07:26.628 [main] INFO  utils.Log - Edge =--> Thread.id = 1
03:07:29.723 [main] INFO  utils.Log - +++++++++++++++++++++++++++++++++
03:07:29.723 [main] INFO  utils.Log - Started test :TC2Homework - navigateToBlog
03:07:29.723 [main] INFO  utils.Log - TC2Homework
03:07:29.723 [main] INFO  utils.Log - +++++++++++++++++++++++++++++++++
03:07:29.724 [main] INFO  utils.Log - Start time :2023.04.24.03.07.29
03:07:29.724 [main] INFO  utils.Log - +++++++++++++++++++++++++++++++++
03:07:30.424 [main] INFO  utils.Log - +++++++++++++++++++++++++++++++++
03:07:30.425 [main] INFO  utils.Log - Passed test :navigateToBlog
03:07:30.425 [main] INFO  utils.Log - +++++++++++++++++++++++++++++++++
03:07:30.425 [main] INFO  utils.Log - End time :2023.04.24.03.07.30
03:07:30.425 [main] INFO  utils.Log - +++++++++++++++++++++++++++++++++
03:07:30.428 [main] INFO  utils.Log - +++++++++++++++++++++++++++++++++
03:07:30.428 [main] INFO  utils.Log - Started test :TC2Homework - checkBlogs
03:07:30.428 [main] INFO  utils.Log - TC2Homework
03:07:30.428 [main] INFO  utils.Log - +++++++++++++++++++++++++++++++++
03:07:30.429 [main] INFO  utils.Log - Start time :2023.04.24.03.07.30
03:07:30.429 [main] INFO  utils.Log - +++++++++++++++++++++++++++++++++
03:07:30.508 [main] INFO  utils.Log - +++++++++++++++++++++++++++++++++
03:07:30.508 [main] INFO  utils.Log - Passed test :checkBlogs
03:07:30.508 [main] INFO  utils.Log - +++++++++++++++++++++++++++++++++
03:07:30.508 [main] INFO  utils.Log - End time :2023.04.24.03.07.30
03:07:30.509 [main] INFO  utils.Log - +++++++++++++++++++++++++++++++++
03:07:30.509 [main] INFO  utils.Log - +++++++++++++++++++++++++++++++++
03:07:30.510 [main] INFO  utils.Log - Started test :TC2Homework - postCommentInBlog1
03:07:30.510 [main] INFO  utils.Log - TC2Homework
03:07:30.510 [main] INFO  utils.Log - +++++++++++++++++++++++++++++++++
03:07:30.510 [main] INFO  utils.Log - Start time :2023.04.24.03.07.30
03:07:30.510 [main] INFO  utils.Log - +++++++++++++++++++++++++++++++++
03:07:47.661 [main] ERROR utils.Log - +++++++++++++++++++++++++++++++++
03:07:47.661 [main] ERROR utils.Log - Failed test :postCommentInBlog1
03:07:47.661 [main] ERROR utils.Log - +++++++++++++++++++++++++++++++++
03:07:47.661 [main] ERROR utils.Log - Failed time :2023.04.24.03.07.47
03:07:47.662 [main] ERROR utils.Log - org.openqa.selenium.StaleElementReferenceException: stale element reference: element is not attached to the page document
  (Session info: MicrosoftEdge=112.0.1722.48)
For documentation on this error, please visit: https://selenium.dev/exceptions/#stale_element_reference
Build info: version: '4.8.2', revision: '826dbfc730'
System info: os.name: 'Windows 11', os.arch: 'amd64', os.version: '10.0', java.version: '20'
Driver info: org.openqa.selenium.edge.EdgeDriver
Command: [0835194b6c2aef7b26beb64f3dc7cadb, clickElement {id=d2b93382-a5a7-49f9-8fb0-80fcea31ce8b}]
Capabilities {acceptInsecureCerts: false, browserName: msedge, browserVersion: 112.0.1722.48, ms:edgeOptions: {debuggerAddress: localhost:50717}, msedge: {msedgedriverVersion: 112.0.1722.58 (4dc3f55bfaec..., userDataDir: C:\Users\ealbu\AppData\Loca...}, networkConnectionEnabled: false, pageLoadStrategy: normal, platformName: WINDOWS, proxy: Proxy(), se:cdp: ws://localhost:50717/devtoo..., se:cdpVersion: 112.0.1722.48, setWindowRect: true, strictFileInteractability: false, timeouts: {implicit: 0, pageLoad: 300000, script: 30000}, unhandledPromptBehavior: dismiss and notify, webauthn:extension:credBlob: true, webauthn:extension:largeBlob: true, webauthn:extension:minPinLength: true, webauthn:extension:prf: true, webauthn:virtualAuthenticators: true}
Element: [[EdgeDriver: msedge on WINDOWS (0835194b6c2aef7b26beb64f3dc7cadb)] -> xpath: //article[@id = 'post-1023']//h2//a[contains(@href, 'typefaces')]]
Session ID: 0835194b6c2aef7b26beb64f3dc7cadb
03:07:47.662 [main] ERROR utils.Log - +++++++++++++++++++++++++++++++++
