09:34:43.901 [main] INFO  utils.Log - Browser parameter is : EDGE
09:34:47.140 [main] INFO  utils.Log - Edge =--> Thread.id = 1
09:34:53.704 [main] INFO  utils.Log - +++++++++++++++++++++++++++++++++
09:34:53.704 [main] INFO  utils.Log - Started test :TC2Homework - navigateToBlog
09:34:53.704 [main] INFO  utils.Log - TC2Homework
09:34:53.705 [main] INFO  utils.Log - +++++++++++++++++++++++++++++++++
09:34:53.705 [main] INFO  utils.Log - Start time :2023.04.24.09.34.53
09:34:53.706 [main] INFO  utils.Log - +++++++++++++++++++++++++++++++++
09:34:54.388 [main] INFO  utils.Log - +++++++++++++++++++++++++++++++++
09:34:54.388 [main] INFO  utils.Log - Passed test :navigateToBlog
09:34:54.388 [main] INFO  utils.Log - +++++++++++++++++++++++++++++++++
09:34:54.388 [main] INFO  utils.Log - End time :2023.04.24.09.34.54
09:34:54.388 [main] INFO  utils.Log - +++++++++++++++++++++++++++++++++
09:34:54.392 [main] INFO  utils.Log - +++++++++++++++++++++++++++++++++
09:34:54.392 [main] INFO  utils.Log - Started test :TC2Homework - checkBlogs
09:34:54.392 [main] INFO  utils.Log - TC2Homework
09:34:54.392 [main] INFO  utils.Log - +++++++++++++++++++++++++++++++++
09:34:54.392 [main] INFO  utils.Log - Start time :2023.04.24.09.34.54
09:34:54.392 [main] INFO  utils.Log - +++++++++++++++++++++++++++++++++
09:34:54.473 [main] INFO  utils.Log - +++++++++++++++++++++++++++++++++
09:34:54.473 [main] INFO  utils.Log - Passed test :checkBlogs
09:34:54.473 [main] INFO  utils.Log - +++++++++++++++++++++++++++++++++
09:34:54.473 [main] INFO  utils.Log - End time :2023.04.24.09.34.54
09:34:54.473 [main] INFO  utils.Log - +++++++++++++++++++++++++++++++++
09:34:54.474 [main] INFO  utils.Log - +++++++++++++++++++++++++++++++++
09:34:54.474 [main] INFO  utils.Log - Started test :TC2Homework - postCommentInBlog1
09:34:54.474 [main] INFO  utils.Log - TC2Homework
09:34:54.474 [main] INFO  utils.Log - +++++++++++++++++++++++++++++++++
09:34:54.474 [main] INFO  utils.Log - Start time :2023.04.24.09.34.54
09:34:54.474 [main] INFO  utils.Log - +++++++++++++++++++++++++++++++++
09:35:09.173 [main] ERROR utils.Log - +++++++++++++++++++++++++++++++++
09:35:09.173 [main] ERROR utils.Log - Failed test :postCommentInBlog1
09:35:09.173 [main] ERROR utils.Log - +++++++++++++++++++++++++++++++++
09:35:09.174 [main] ERROR utils.Log - Failed time :2023.04.24.09.35.09
09:35:09.175 [main] ERROR utils.Log - org.openqa.selenium.StaleElementReferenceException: stale element reference: element is not attached to the page document
  (Session info: MicrosoftEdge=112.0.1722.48)
For documentation on this error, please visit: https://selenium.dev/exceptions/#stale_element_reference
Build info: version: '4.8.2', revision: '826dbfc730'
System info: os.name: 'Windows 11', os.arch: 'amd64', os.version: '10.0', java.version: '20'
Driver info: org.openqa.selenium.edge.EdgeDriver
Command: [c00503a1eb368d7742b4b3f99f525e6a, clickElement {id=236e048b-d9c6-44e8-89e1-9d0302b0df3e}]
Capabilities {acceptInsecureCerts: false, browserName: msedge, browserVersion: 112.0.1722.48, ms:edgeOptions: {debuggerAddress: localhost:56058}, msedge: {msedgedriverVersion: 112.0.1722.58 (4dc3f55bfaec..., userDataDir: C:\Users\ealbu\AppData\Loca...}, networkConnectionEnabled: false, pageLoadStrategy: normal, platformName: WINDOWS, proxy: Proxy(), se:cdp: ws://localhost:56058/devtoo..., se:cdpVersion: 112.0.1722.48, setWindowRect: true, strictFileInteractability: false, timeouts: {implicit: 0, pageLoad: 300000, script: 30000}, unhandledPromptBehavior: dismiss and notify, webauthn:extension:credBlob: true, webauthn:extension:largeBlob: true, webauthn:extension:minPinLength: true, webauthn:extension:prf: true, webauthn:virtualAuthenticators: true}
Element: [[EdgeDriver: msedge on WINDOWS (c00503a1eb368d7742b4b3f99f525e6a)] -> xpath: //article[@id = 'post-1023']//h2//a[contains(@href, 'typefaces')]]
Session ID: c00503a1eb368d7742b4b3f99f525e6a
09:35:09.175 [main] ERROR utils.Log - +++++++++++++++++++++++++++++++++
