11:36:23.914 [main] INFO  utils.Log - Browser parameter is : EDGE
11:36:27.079 [main] INFO  utils.Log - Edge =--> Thread.id = 1
11:36:29.680 [main] INFO  utils.Log - +++++++++++++++++++++++++++++++++
11:36:29.681 [main] INFO  utils.Log - Started test :TC2Homework - navigateToBlog
11:36:29.681 [main] INFO  utils.Log - TC2Homework
11:36:29.681 [main] INFO  utils.Log - +++++++++++++++++++++++++++++++++
11:36:29.681 [main] INFO  utils.Log - Start time :2023.04.24.11.36.29
11:36:29.681 [main] INFO  utils.Log - +++++++++++++++++++++++++++++++++
11:36:30.376 [main] INFO  utils.Log - +++++++++++++++++++++++++++++++++
11:36:30.377 [main] INFO  utils.Log - Passed test :navigateToBlog
11:36:30.377 [main] INFO  utils.Log - +++++++++++++++++++++++++++++++++
11:36:30.377 [main] INFO  utils.Log - End time :2023.04.24.11.36.30
11:36:30.377 [main] INFO  utils.Log - +++++++++++++++++++++++++++++++++
11:36:30.380 [main] INFO  utils.Log - +++++++++++++++++++++++++++++++++
11:36:30.380 [main] INFO  utils.Log - Started test :TC2Homework - checkBlogs
11:36:30.380 [main] INFO  utils.Log - TC2Homework
11:36:30.380 [main] INFO  utils.Log - +++++++++++++++++++++++++++++++++
11:36:30.380 [main] INFO  utils.Log - Start time :2023.04.24.11.36.30
11:36:30.380 [main] INFO  utils.Log - +++++++++++++++++++++++++++++++++
11:36:30.458 [main] INFO  utils.Log - +++++++++++++++++++++++++++++++++
11:36:30.458 [main] INFO  utils.Log - Passed test :checkBlogs
11:36:30.458 [main] INFO  utils.Log - +++++++++++++++++++++++++++++++++
11:36:30.458 [main] INFO  utils.Log - End time :2023.04.24.11.36.30
11:36:30.459 [main] INFO  utils.Log - +++++++++++++++++++++++++++++++++
11:36:30.460 [main] INFO  utils.Log - +++++++++++++++++++++++++++++++++
11:36:30.460 [main] INFO  utils.Log - Started test :TC2Homework - postCommentInBlog1
11:36:30.460 [main] INFO  utils.Log - TC2Homework
11:36:30.460 [main] INFO  utils.Log - +++++++++++++++++++++++++++++++++
11:36:30.460 [main] INFO  utils.Log - Start time :2023.04.24.11.36.30
11:36:30.460 [main] INFO  utils.Log - +++++++++++++++++++++++++++++++++
11:36:45.711 [main] ERROR utils.Log - +++++++++++++++++++++++++++++++++
11:36:45.711 [main] ERROR utils.Log - Failed test :postCommentInBlog1
11:36:45.712 [main] ERROR utils.Log - +++++++++++++++++++++++++++++++++
11:36:45.712 [main] ERROR utils.Log - Failed time :2023.04.24.11.36.45
11:36:45.713 [main] ERROR utils.Log - org.openqa.selenium.NoSuchElementException: no such element: Unable to locate element: {"method":"xpath","selector":"//div[@class = 'klb-post']//em"}
  (Session info: MicrosoftEdge=112.0.1722.48)
For documentation on this error, please visit: https://selenium.dev/exceptions/#no_such_element
Build info: version: '4.8.2', revision: '826dbfc730'
System info: os.name: 'Windows 11', os.arch: 'amd64', os.version: '10.0', java.version: '20'
Driver info: org.openqa.selenium.edge.EdgeDriver
Command: [339a9239fe2a7619fb0d7b62979832f0, findElement {using=xpath, value=//div[@class = 'klb-post']//em}]
Capabilities {acceptInsecureCerts: false, browserName: msedge, browserVersion: 112.0.1722.48, ms:edgeOptions: {debuggerAddress: localhost:63191}, msedge: {msedgedriverVersion: 112.0.1722.58 (4dc3f55bfaec..., userDataDir: C:\Users\ealbu\AppData\Loca...}, networkConnectionEnabled: false, pageLoadStrategy: normal, platformName: WINDOWS, proxy: Proxy(), se:cdp: ws://localhost:63191/devtoo..., se:cdpVersion: 112.0.1722.48, setWindowRect: true, strictFileInteractability: false, timeouts: {implicit: 0, pageLoad: 300000, script: 30000}, unhandledPromptBehavior: dismiss and notify, webauthn:extension:credBlob: true, webauthn:extension:largeBlob: true, webauthn:extension:minPinLength: true, webauthn:extension:prf: true, webauthn:virtualAuthenticators: true}
Session ID: 339a9239fe2a7619fb0d7b62979832f0
11:36:45.713 [main] ERROR utils.Log - +++++++++++++++++++++++++++++++++
