02:26:54.989 [main] INFO  utils.Log - Browser parameter is : EDGE
02:26:58.510 [main] INFO  utils.Log - Edge =--> Thread.id = 1
02:27:05.353 [main] INFO  utils.Log - +++++++++++++++++++++++++++++++++
02:27:05.353 [main] INFO  utils.Log - Started test :TC2Homework - navigateToBlog
02:27:05.354 [main] INFO  utils.Log - TC2Homework
02:27:05.354 [main] INFO  utils.Log - +++++++++++++++++++++++++++++++++
02:27:05.354 [main] INFO  utils.Log - Start time :2023.04.24.02.27.05
02:27:05.354 [main] INFO  utils.Log - +++++++++++++++++++++++++++++++++
02:27:06.062 [main] INFO  utils.Log - +++++++++++++++++++++++++++++++++
02:27:06.063 [main] INFO  utils.Log - Passed test :navigateToBlog
02:27:06.063 [main] INFO  utils.Log - +++++++++++++++++++++++++++++++++
02:27:06.064 [main] INFO  utils.Log - End time :2023.04.24.02.27.06
02:27:06.064 [main] INFO  utils.Log - +++++++++++++++++++++++++++++++++
02:27:06.067 [main] INFO  utils.Log - +++++++++++++++++++++++++++++++++
02:27:06.068 [main] INFO  utils.Log - Started test :TC2Homework - checkBlogs
02:27:06.068 [main] INFO  utils.Log - TC2Homework
02:27:06.068 [main] INFO  utils.Log - +++++++++++++++++++++++++++++++++
02:27:06.068 [main] INFO  utils.Log - Start time :2023.04.24.02.27.06
02:27:06.068 [main] INFO  utils.Log - +++++++++++++++++++++++++++++++++
02:27:06.149 [main] INFO  utils.Log - +++++++++++++++++++++++++++++++++
02:27:06.150 [main] INFO  utils.Log - Passed test :checkBlogs
02:27:06.150 [main] INFO  utils.Log - +++++++++++++++++++++++++++++++++
02:27:06.150 [main] INFO  utils.Log - End time :2023.04.24.02.27.06
02:27:06.150 [main] INFO  utils.Log - +++++++++++++++++++++++++++++++++
02:27:06.152 [main] INFO  utils.Log - +++++++++++++++++++++++++++++++++
02:27:06.152 [main] INFO  utils.Log - Started test :TC2Homework - postCommentInBlog1
02:27:06.152 [main] INFO  utils.Log - TC2Homework
02:27:06.152 [main] INFO  utils.Log - +++++++++++++++++++++++++++++++++
02:27:06.152 [main] INFO  utils.Log - Start time :2023.04.24.02.27.06
02:27:06.152 [main] INFO  utils.Log - +++++++++++++++++++++++++++++++++
02:27:08.315 [main] ERROR utils.Log - +++++++++++++++++++++++++++++++++
02:27:08.315 [main] ERROR utils.Log - Failed test :postCommentInBlog1
02:27:08.315 [main] ERROR utils.Log - +++++++++++++++++++++++++++++++++
02:27:08.316 [main] ERROR utils.Log - Failed time :2023.04.24.02.27.08
02:27:08.317 [main] ERROR utils.Log - org.openqa.selenium.StaleElementReferenceException: stale element reference: element is not attached to the page document
  (Session info: MicrosoftEdge=112.0.1722.48)
For documentation on this error, please visit: https://selenium.dev/exceptions/#stale_element_reference
Build info: version: '4.8.2', revision: '826dbfc730'
System info: os.name: 'Windows 11', os.arch: 'amd64', os.version: '10.0', java.version: '20'
Driver info: org.openqa.selenium.edge.EdgeDriver
Command: [e87bb027b4a7a18cde59a709534c1d47, clickElement {id=2e8c411b-4b40-45cb-b34c-ab5567d0d67d}]
Capabilities {acceptInsecureCerts: false, browserName: msedge, browserVersion: 112.0.1722.48, ms:edgeOptions: {debuggerAddress: localhost:63722}, msedge: {msedgedriverVersion: 112.0.1722.58 (4dc3f55bfaec..., userDataDir: C:\Users\ealbu\AppData\Loca...}, networkConnectionEnabled: false, pageLoadStrategy: normal, platformName: WINDOWS, proxy: Proxy(), se:cdp: ws://localhost:63722/devtoo..., se:cdpVersion: 112.0.1722.48, setWindowRect: true, strictFileInteractability: false, timeouts: {implicit: 0, pageLoad: 300000, script: 30000}, unhandledPromptBehavior: dismiss and notify, webauthn:extension:credBlob: true, webauthn:extension:largeBlob: true, webauthn:extension:minPinLength: true, webauthn:extension:prf: true, webauthn:virtualAuthenticators: true}
Element: [[EdgeDriver: msedge on WINDOWS (e87bb027b4a7a18cde59a709534c1d47)] -> xpath: //article[@id = 'post-1023']//h2//a[contains(@href, 'typefaces')]]
Session ID: e87bb027b4a7a18cde59a709534c1d47
02:27:08.317 [main] ERROR utils.Log - +++++++++++++++++++++++++++++++++
