02:37:07.838 [main] INFO  utils.Log - Browser parameter is : EDGE
02:37:11.045 [main] INFO  utils.Log - Edge =--> Thread.id = 1
02:37:14.270 [main] INFO  utils.Log - +++++++++++++++++++++++++++++++++
02:37:14.271 [main] INFO  utils.Log - Started test :TC2Homework - navigateToBlog
02:37:14.271 [main] INFO  utils.Log - TC2Homework
02:37:14.271 [main] INFO  utils.Log - +++++++++++++++++++++++++++++++++
02:37:14.272 [main] INFO  utils.Log - Start time :2023.04.24.02.37.14
02:37:14.273 [main] INFO  utils.Log - +++++++++++++++++++++++++++++++++
02:37:14.980 [main] INFO  utils.Log - +++++++++++++++++++++++++++++++++
02:37:14.980 [main] INFO  utils.Log - Passed test :navigateToBlog
02:37:14.980 [main] INFO  utils.Log - +++++++++++++++++++++++++++++++++
02:37:14.980 [main] INFO  utils.Log - End time :2023.04.24.02.37.14
02:37:14.982 [main] INFO  utils.Log - +++++++++++++++++++++++++++++++++
02:37:14.984 [main] INFO  utils.Log - +++++++++++++++++++++++++++++++++
02:37:14.984 [main] INFO  utils.Log - Started test :TC2Homework - checkBlogs
02:37:14.984 [main] INFO  utils.Log - TC2Homework
02:37:14.985 [main] INFO  utils.Log - +++++++++++++++++++++++++++++++++
02:37:14.985 [main] INFO  utils.Log - Start time :2023.04.24.02.37.14
02:37:14.985 [main] INFO  utils.Log - +++++++++++++++++++++++++++++++++
02:37:15.066 [main] INFO  utils.Log - +++++++++++++++++++++++++++++++++
02:37:15.068 [main] INFO  utils.Log - Passed test :checkBlogs
02:37:15.068 [main] INFO  utils.Log - +++++++++++++++++++++++++++++++++
02:37:15.068 [main] INFO  utils.Log - End time :2023.04.24.02.37.15
02:37:15.068 [main] INFO  utils.Log - +++++++++++++++++++++++++++++++++
02:37:15.069 [main] INFO  utils.Log - +++++++++++++++++++++++++++++++++
02:37:15.070 [main] INFO  utils.Log - Started test :TC2Homework - postCommentInBlog1
02:37:15.070 [main] INFO  utils.Log - TC2Homework
02:37:15.070 [main] INFO  utils.Log - +++++++++++++++++++++++++++++++++
02:37:15.070 [main] INFO  utils.Log - Start time :2023.04.24.02.37.15
02:37:15.070 [main] INFO  utils.Log - +++++++++++++++++++++++++++++++++
02:37:17.274 [main] ERROR utils.Log - +++++++++++++++++++++++++++++++++
02:37:17.275 [main] ERROR utils.Log - Failed test :postCommentInBlog1
02:37:17.275 [main] ERROR utils.Log - +++++++++++++++++++++++++++++++++
02:37:17.275 [main] ERROR utils.Log - Failed time :2023.04.24.02.37.17
02:37:17.277 [main] ERROR utils.Log - org.openqa.selenium.StaleElementReferenceException: stale element reference: element is not attached to the page document
  (Session info: MicrosoftEdge=112.0.1722.48)
For documentation on this error, please visit: https://selenium.dev/exceptions/#stale_element_reference
Build info: version: '4.8.2', revision: '826dbfc730'
System info: os.name: 'Windows 11', os.arch: 'amd64', os.version: '10.0', java.version: '20'
Driver info: org.openqa.selenium.edge.EdgeDriver
Command: [6c71772e32336c40172140c5a19a8880, clickElement {id=9632a072-f7e8-451b-87e6-9e6b5f7557a0}]
Capabilities {acceptInsecureCerts: false, browserName: msedge, browserVersion: 112.0.1722.48, ms:edgeOptions: {debuggerAddress: localhost:49307}, msedge: {msedgedriverVersion: 112.0.1722.58 (4dc3f55bfaec..., userDataDir: C:\Users\ealbu\AppData\Loca...}, networkConnectionEnabled: false, pageLoadStrategy: normal, platformName: WINDOWS, proxy: Proxy(), se:cdp: ws://localhost:49307/devtoo..., se:cdpVersion: 112.0.1722.48, setWindowRect: true, strictFileInteractability: false, timeouts: {implicit: 0, pageLoad: 300000, script: 30000}, unhandledPromptBehavior: dismiss and notify, webauthn:extension:credBlob: true, webauthn:extension:largeBlob: true, webauthn:extension:minPinLength: true, webauthn:extension:prf: true, webauthn:virtualAuthenticators: true}
Element: [[EdgeDriver: msedge on WINDOWS (6c71772e32336c40172140c5a19a8880)] -> xpath: //article[@id = 'post-1023']//h2//a[contains(@href, 'typefaces')]]
Session ID: 6c71772e32336c40172140c5a19a8880
02:37:17.277 [main] ERROR utils.Log - +++++++++++++++++++++++++++++++++
