11:52:01.720 [main] INFO  utils.Log - Browser parameter is : CHROME
11:52:03.271 [main] INFO  utils.Log - Chrome =--> Thread.id = 1
11:52:06.226 [main] INFO  utils.Log - +++++++++++++++++++++++++++++++++
11:52:06.226 [main] INFO  utils.Log - Started test :TC2Homework - navigateToBlog
11:52:06.226 [main] INFO  utils.Log - TC2Homework
11:52:06.226 [main] INFO  utils.Log - +++++++++++++++++++++++++++++++++
11:52:06.226 [main] INFO  utils.Log - Start time :2023.04.24.11.52.06
11:52:06.226 [main] INFO  utils.Log - +++++++++++++++++++++++++++++++++
11:52:06.819 [main] INFO  utils.Log - +++++++++++++++++++++++++++++++++
11:52:06.819 [main] INFO  utils.Log - Passed test :navigateToBlog
11:52:06.820 [main] INFO  utils.Log - +++++++++++++++++++++++++++++++++
11:52:06.820 [main] INFO  utils.Log - End time :2023.04.24.11.52.06
11:52:06.820 [main] INFO  utils.Log - +++++++++++++++++++++++++++++++++
11:52:06.823 [main] INFO  utils.Log - +++++++++++++++++++++++++++++++++
11:52:06.824 [main] INFO  utils.Log - Started test :TC2Homework - checkBlogs
11:52:06.824 [main] INFO  utils.Log - TC2Homework
11:52:06.824 [main] INFO  utils.Log - +++++++++++++++++++++++++++++++++
11:52:06.824 [main] INFO  utils.Log - Start time :2023.04.24.11.52.06
11:52:06.824 [main] INFO  utils.Log - +++++++++++++++++++++++++++++++++
11:52:06.910 [main] INFO  utils.Log - +++++++++++++++++++++++++++++++++
11:52:06.910 [main] INFO  utils.Log - Passed test :checkBlogs
11:52:06.910 [main] INFO  utils.Log - +++++++++++++++++++++++++++++++++
11:52:06.910 [main] INFO  utils.Log - End time :2023.04.24.11.52.06
11:52:06.910 [main] INFO  utils.Log - +++++++++++++++++++++++++++++++++
11:52:06.911 [main] INFO  utils.Log - +++++++++++++++++++++++++++++++++
11:52:06.911 [main] INFO  utils.Log - Started test :TC2Homework - postCommentInBlog1
11:52:06.911 [main] INFO  utils.Log - TC2Homework
11:52:06.911 [main] INFO  utils.Log - +++++++++++++++++++++++++++++++++
11:52:06.911 [main] INFO  utils.Log - Start time :2023.04.24.11.52.06
11:52:06.911 [main] INFO  utils.Log - +++++++++++++++++++++++++++++++++
11:52:41.731 [main] ERROR utils.Log - +++++++++++++++++++++++++++++++++
11:52:41.733 [main] ERROR utils.Log - Failed test :postCommentInBlog1
11:52:41.733 [main] ERROR utils.Log - +++++++++++++++++++++++++++++++++
11:52:41.733 [main] ERROR utils.Log - Failed time :2023.04.24.11.52.41
11:52:41.735 [main] ERROR utils.Log - org.openqa.selenium.StaleElementReferenceException: stale element reference: element is not attached to the page document
  (Session info: chrome=112.0.5615.121)
For documentation on this error, please visit: https://selenium.dev/exceptions/#stale_element_reference
Build info: version: '4.8.2', revision: '826dbfc730'
System info: os.name: 'Windows 11', os.arch: 'amd64', os.version: '10.0', java.version: '20'
Driver info: org.openqa.selenium.chrome.ChromeDriver
Command: [5e3b312ae67d7d0d9c7401f6d7b1f464, clickElement {id=54ce3176-9a39-4297-b50c-96b914dc49a8}]
Capabilities {acceptInsecureCerts: false, browserName: chrome, browserVersion: 112.0.5615.121, chrome: {chromedriverVersion: 112.0.5615.49 (bd2a7bcb881c..., userDataDir: C:\Users\ealbu\AppData\Loca...}, goog:chromeOptions: {debuggerAddress: localhost:55258}, networkConnectionEnabled: false, pageLoadStrategy: normal, platformName: WINDOWS, proxy: Proxy(), se:cdp: ws://localhost:55258/devtoo..., se:cdpVersion: 112.0.5615.121, setWindowRect: true, strictFileInteractability: false, timeouts: {implicit: 0, pageLoad: 300000, script: 30000}, unhandledPromptBehavior: dismiss and notify, webauthn:extension:credBlob: true, webauthn:extension:largeBlob: true, webauthn:extension:minPinLength: true, webauthn:extension:prf: true, webauthn:virtualAuthenticators: true}
Element: [[ChromeDriver: chrome on WINDOWS (5e3b312ae67d7d0d9c7401f6d7b1f464)] -> xpath: //article[@id = 'post-1023']//h2//a[contains(@href, 'typefaces')]]
Session ID: 5e3b312ae67d7d0d9c7401f6d7b1f464
11:52:41.737 [main] ERROR utils.Log - +++++++++++++++++++++++++++++++++
