02:52:08.390 [main] INFO  utils.Log - Browser parameter is : EDGE
02:52:11.614 [main] INFO  utils.Log - Edge =--> Thread.id = 1
02:52:14.589 [main] INFO  utils.Log - +++++++++++++++++++++++++++++++++
02:52:14.589 [main] INFO  utils.Log - Started test :TC2Homework - navigateToBlog
02:52:14.589 [main] INFO  utils.Log - TC2Homework
02:52:14.589 [main] INFO  utils.Log - +++++++++++++++++++++++++++++++++
02:52:14.590 [main] INFO  utils.Log - Start time :2023.04.24.02.52.14
02:52:14.590 [main] INFO  utils.Log - +++++++++++++++++++++++++++++++++
02:52:15.243 [main] INFO  utils.Log - +++++++++++++++++++++++++++++++++
02:52:15.244 [main] INFO  utils.Log - Passed test :navigateToBlog
02:52:15.244 [main] INFO  utils.Log - +++++++++++++++++++++++++++++++++
02:52:15.244 [main] INFO  utils.Log - End time :2023.04.24.02.52.15
02:52:15.244 [main] INFO  utils.Log - +++++++++++++++++++++++++++++++++
02:52:15.248 [main] INFO  utils.Log - +++++++++++++++++++++++++++++++++
02:52:15.248 [main] INFO  utils.Log - Started test :TC2Homework - checkBlogs
02:52:15.248 [main] INFO  utils.Log - TC2Homework
02:52:15.248 [main] INFO  utils.Log - +++++++++++++++++++++++++++++++++
02:52:15.248 [main] INFO  utils.Log - Start time :2023.04.24.02.52.15
02:52:15.249 [main] INFO  utils.Log - +++++++++++++++++++++++++++++++++
02:52:16.185 [main] ERROR utils.Log - +++++++++++++++++++++++++++++++++
02:52:16.185 [main] ERROR utils.Log - Failed test :checkBlogs
02:52:16.185 [main] ERROR utils.Log - +++++++++++++++++++++++++++++++++
02:52:16.185 [main] ERROR utils.Log - Failed time :2023.04.24.02.52.16
02:52:16.187 [main] ERROR utils.Log - org.openqa.selenium.StaleElementReferenceException: stale element reference: element is not attached to the page document
  (Session info: MicrosoftEdge=112.0.1722.48)
For documentation on this error, please visit: https://selenium.dev/exceptions/#stale_element_reference
Build info: version: '4.8.2', revision: '826dbfc730'
System info: os.name: 'Windows 11', os.arch: 'amd64', os.version: '10.0', java.version: '20'
Driver info: org.openqa.selenium.edge.EdgeDriver
Command: [4715da6be37795b3bedeb50d9c831c8b, clickElement {id=739ed7fe-fc4d-4bcd-94ab-eec892aa6f3e}]
Capabilities {acceptInsecureCerts: false, browserName: msedge, browserVersion: 112.0.1722.48, ms:edgeOptions: {debuggerAddress: localhost:50885}, msedge: {msedgedriverVersion: 112.0.1722.58 (4dc3f55bfaec..., userDataDir: C:\Users\ealbu\AppData\Loca...}, networkConnectionEnabled: false, pageLoadStrategy: normal, platformName: WINDOWS, proxy: Proxy(), se:cdp: ws://localhost:50885/devtoo..., se:cdpVersion: 112.0.1722.48, setWindowRect: true, strictFileInteractability: false, timeouts: {implicit: 0, pageLoad: 300000, script: 30000}, unhandledPromptBehavior: dismiss and notify, webauthn:extension:credBlob: true, webauthn:extension:largeBlob: true, webauthn:extension:minPinLength: true, webauthn:extension:prf: true, webauthn:virtualAuthenticators: true}
Element: [[EdgeDriver: msedge on WINDOWS (4715da6be37795b3bedeb50d9c831c8b)] -> xpath: //article[@id = 'post-1759']//h2//a[contains(@href, 'donut')]]
Session ID: 4715da6be37795b3bedeb50d9c831c8b
02:52:16.187 [main] ERROR utils.Log - +++++++++++++++++++++++++++++++++
