02:13:32.941 [main] INFO  utils.Log - Browser parameter is : EDGE
02:13:36.204 [main] INFO  utils.Log - Edge =--> Thread.id = 1
02:13:38.813 [main] INFO  utils.Log - +++++++++++++++++++++++++++++++++
02:13:38.813 [main] INFO  utils.Log - Started test :TC2Homework - navigateToBlog
02:13:38.814 [main] INFO  utils.Log - TC2Homework
02:13:38.814 [main] INFO  utils.Log - +++++++++++++++++++++++++++++++++
02:13:38.814 [main] INFO  utils.Log - Start time :2023.04.24.02.13.38
02:13:38.816 [main] INFO  utils.Log - +++++++++++++++++++++++++++++++++
02:13:39.450 [main] INFO  utils.Log - +++++++++++++++++++++++++++++++++
02:13:39.450 [main] INFO  utils.Log - Passed test :navigateToBlog
02:13:39.451 [main] INFO  utils.Log - +++++++++++++++++++++++++++++++++
02:13:39.451 [main] INFO  utils.Log - End time :2023.04.24.02.13.39
02:13:39.451 [main] INFO  utils.Log - +++++++++++++++++++++++++++++++++
02:13:39.460 [main] INFO  utils.Log - +++++++++++++++++++++++++++++++++
02:13:39.460 [main] INFO  utils.Log - Started test :TC2Homework - checkBlogs
02:13:39.460 [main] INFO  utils.Log - TC2Homework
02:13:39.460 [main] INFO  utils.Log - +++++++++++++++++++++++++++++++++
02:13:39.460 [main] INFO  utils.Log - Start time :2023.04.24.02.13.39
02:13:39.461 [main] INFO  utils.Log - +++++++++++++++++++++++++++++++++
02:13:39.541 [main] INFO  utils.Log - +++++++++++++++++++++++++++++++++
02:13:39.541 [main] INFO  utils.Log - Passed test :checkBlogs
02:13:39.541 [main] INFO  utils.Log - +++++++++++++++++++++++++++++++++
02:13:39.541 [main] INFO  utils.Log - End time :2023.04.24.02.13.39
02:13:39.541 [main] INFO  utils.Log - +++++++++++++++++++++++++++++++++
02:13:39.542 [main] INFO  utils.Log - +++++++++++++++++++++++++++++++++
02:13:39.543 [main] INFO  utils.Log - Started test :TC2Homework - postCommentInBlog1
02:13:39.543 [main] INFO  utils.Log - TC2Homework
02:13:39.543 [main] INFO  utils.Log - +++++++++++++++++++++++++++++++++
02:13:39.543 [main] INFO  utils.Log - Start time :2023.04.24.02.13.39
02:13:39.543 [main] INFO  utils.Log - +++++++++++++++++++++++++++++++++
02:13:39.993 [main] ERROR utils.Log - +++++++++++++++++++++++++++++++++
02:13:39.993 [main] ERROR utils.Log - Failed test :postCommentInBlog1
02:13:39.993 [main] ERROR utils.Log - +++++++++++++++++++++++++++++++++
02:13:39.994 [main] ERROR utils.Log - Failed time :2023.04.24.02.13.39
02:13:39.995 [main] ERROR utils.Log - org.openqa.selenium.StaleElementReferenceException: stale element reference: element is not attached to the page document
  (Session info: MicrosoftEdge=112.0.1722.48)
For documentation on this error, please visit: https://selenium.dev/exceptions/#stale_element_reference
Build info: version: '4.8.2', revision: '826dbfc730'
System info: os.name: 'Windows 11', os.arch: 'amd64', os.version: '10.0', java.version: '20'
Driver info: org.openqa.selenium.edge.EdgeDriver
Command: [8bb6441d33df7110cdae53daa4b94cf2, clickElement {id=9832fb01-d8ae-4fa3-b5fa-bff41d85cda2}]
Capabilities {acceptInsecureCerts: false, browserName: msedge, browserVersion: 112.0.1722.48, ms:edgeOptions: {debuggerAddress: localhost:62876}, msedge: {msedgedriverVersion: 112.0.1722.58 (4dc3f55bfaec..., userDataDir: C:\Users\ealbu\AppData\Loca...}, networkConnectionEnabled: false, pageLoadStrategy: normal, platformName: WINDOWS, proxy: Proxy(), se:cdp: ws://localhost:62876/devtoo..., se:cdpVersion: 112.0.1722.48, setWindowRect: true, strictFileInteractability: false, timeouts: {implicit: 0, pageLoad: 300000, script: 30000}, unhandledPromptBehavior: dismiss and notify, webauthn:extension:credBlob: true, webauthn:extension:largeBlob: true, webauthn:extension:minPinLength: true, webauthn:extension:prf: true, webauthn:virtualAuthenticators: true}
Element: [[EdgeDriver: msedge on WINDOWS (8bb6441d33df7110cdae53daa4b94cf2)] -> xpath: //article[@id = 'post-1035']//h2//a[contains(@href, 'mistaken')]]
Session ID: 8bb6441d33df7110cdae53daa4b94cf2
02:13:39.995 [main] ERROR utils.Log - +++++++++++++++++++++++++++++++++
