11:38:16.860 [main] INFO  utils.Log - Browser parameter is : EDGE
11:38:20.045 [main] INFO  utils.Log - Edge =--> Thread.id = 1
11:38:22.845 [main] INFO  utils.Log - +++++++++++++++++++++++++++++++++
11:38:22.845 [main] INFO  utils.Log - Started test :TC2Homework - navigateToBlog
11:38:22.845 [main] INFO  utils.Log - TC2Homework
11:38:22.846 [main] INFO  utils.Log - +++++++++++++++++++++++++++++++++
11:38:22.846 [main] INFO  utils.Log - Start time :2023.04.24.11.38.22
11:38:22.846 [main] INFO  utils.Log - +++++++++++++++++++++++++++++++++
11:38:23.556 [main] INFO  utils.Log - +++++++++++++++++++++++++++++++++
11:38:23.556 [main] INFO  utils.Log - Passed test :navigateToBlog
11:38:23.556 [main] INFO  utils.Log - +++++++++++++++++++++++++++++++++
11:38:23.556 [main] INFO  utils.Log - End time :2023.04.24.11.38.23
11:38:23.556 [main] INFO  utils.Log - +++++++++++++++++++++++++++++++++
11:38:23.560 [main] INFO  utils.Log - +++++++++++++++++++++++++++++++++
11:38:23.560 [main] INFO  utils.Log - Started test :TC2Homework - checkBlogs
11:38:23.560 [main] INFO  utils.Log - TC2Homework
11:38:23.561 [main] INFO  utils.Log - +++++++++++++++++++++++++++++++++
11:38:23.561 [main] INFO  utils.Log - Start time :2023.04.24.11.38.23
11:38:23.561 [main] INFO  utils.Log - +++++++++++++++++++++++++++++++++
11:38:23.636 [main] INFO  utils.Log - +++++++++++++++++++++++++++++++++
11:38:23.636 [main] INFO  utils.Log - Passed test :checkBlogs
11:38:23.636 [main] INFO  utils.Log - +++++++++++++++++++++++++++++++++
11:38:23.636 [main] INFO  utils.Log - End time :2023.04.24.11.38.23
11:38:23.636 [main] INFO  utils.Log - +++++++++++++++++++++++++++++++++
11:38:23.637 [main] INFO  utils.Log - +++++++++++++++++++++++++++++++++
11:38:23.637 [main] INFO  utils.Log - Started test :TC2Homework - postCommentInBlog1
11:38:23.638 [main] INFO  utils.Log - TC2Homework
11:38:23.638 [main] INFO  utils.Log - +++++++++++++++++++++++++++++++++
11:38:23.638 [main] INFO  utils.Log - Start time :2023.04.24.11.38.23
11:38:23.638 [main] INFO  utils.Log - +++++++++++++++++++++++++++++++++
11:38:41.840 [main] ERROR utils.Log - +++++++++++++++++++++++++++++++++
11:38:41.841 [main] ERROR utils.Log - Failed test :postCommentInBlog1
11:38:41.841 [main] ERROR utils.Log - +++++++++++++++++++++++++++++++++
11:38:41.841 [main] ERROR utils.Log - Failed time :2023.04.24.11.38.41
11:38:41.841 [main] ERROR utils.Log - org.openqa.selenium.StaleElementReferenceException: stale element reference: element is not attached to the page document
  (Session info: MicrosoftEdge=112.0.1722.48)
For documentation on this error, please visit: https://selenium.dev/exceptions/#stale_element_reference
Build info: version: '4.8.2', revision: '826dbfc730'
System info: os.name: 'Windows 11', os.arch: 'amd64', os.version: '10.0', java.version: '20'
Driver info: org.openqa.selenium.edge.EdgeDriver
Command: [2dc65af91c3c230359c426b583b26681, clickElement {id=8a0c05d3-ae43-4ec1-8d2e-d32270d1c1f5}]
Capabilities {acceptInsecureCerts: false, browserName: msedge, browserVersion: 112.0.1722.48, ms:edgeOptions: {debuggerAddress: localhost:63311}, msedge: {msedgedriverVersion: 112.0.1722.58 (4dc3f55bfaec..., userDataDir: C:\Users\ealbu\AppData\Loca...}, networkConnectionEnabled: false, pageLoadStrategy: normal, platformName: WINDOWS, proxy: Proxy(), se:cdp: ws://localhost:63311/devtoo..., se:cdpVersion: 112.0.1722.48, setWindowRect: true, strictFileInteractability: false, timeouts: {implicit: 0, pageLoad: 300000, script: 30000}, unhandledPromptBehavior: dismiss and notify, webauthn:extension:credBlob: true, webauthn:extension:largeBlob: true, webauthn:extension:minPinLength: true, webauthn:extension:prf: true, webauthn:virtualAuthenticators: true}
Element: [[EdgeDriver: msedge on WINDOWS (2dc65af91c3c230359c426b583b26681)] -> xpath: //article[@id = 'post-1023']//h2//a[contains(@href, 'typefaces')]]
Session ID: 2dc65af91c3c230359c426b583b26681
11:38:41.842 [main] ERROR utils.Log - +++++++++++++++++++++++++++++++++
