09:45:01.072 [main] INFO  utils.Log - Browser parameter is : CHROME
09:45:02.657 [main] INFO  utils.Log - Chrome =--> Thread.id = 1
09:45:05.830 [main] INFO  utils.Log - +++++++++++++++++++++++++++++++++
09:45:05.830 [main] INFO  utils.Log - Started test :TC2Homework - navigateToBlog
09:45:05.830 [main] INFO  utils.Log - TC2Homework
09:45:05.830 [main] INFO  utils.Log - +++++++++++++++++++++++++++++++++
09:45:05.831 [main] INFO  utils.Log - Start time :2023.04.24.09.45.05
09:45:05.832 [main] INFO  utils.Log - +++++++++++++++++++++++++++++++++
09:45:06.458 [main] INFO  utils.Log - +++++++++++++++++++++++++++++++++
09:45:06.458 [main] INFO  utils.Log - Passed test :navigateToBlog
09:45:06.458 [main] INFO  utils.Log - +++++++++++++++++++++++++++++++++
09:45:06.458 [main] INFO  utils.Log - End time :2023.04.24.09.45.06
09:45:06.458 [main] INFO  utils.Log - +++++++++++++++++++++++++++++++++
09:45:06.462 [main] INFO  utils.Log - +++++++++++++++++++++++++++++++++
09:45:06.462 [main] INFO  utils.Log - Started test :TC2Homework - checkBlogs
09:45:06.462 [main] INFO  utils.Log - TC2Homework
09:45:06.462 [main] INFO  utils.Log - +++++++++++++++++++++++++++++++++
09:45:06.462 [main] INFO  utils.Log - Start time :2023.04.24.09.45.06
09:45:06.462 [main] INFO  utils.Log - +++++++++++++++++++++++++++++++++
09:45:06.543 [main] INFO  utils.Log - +++++++++++++++++++++++++++++++++
09:45:06.543 [main] INFO  utils.Log - Passed test :checkBlogs
09:45:06.543 [main] INFO  utils.Log - +++++++++++++++++++++++++++++++++
09:45:06.543 [main] INFO  utils.Log - End time :2023.04.24.09.45.06
09:45:06.543 [main] INFO  utils.Log - +++++++++++++++++++++++++++++++++
09:45:06.544 [main] INFO  utils.Log - +++++++++++++++++++++++++++++++++
09:45:06.544 [main] INFO  utils.Log - Started test :TC2Homework - postCommentInBlog1
09:45:06.544 [main] INFO  utils.Log - TC2Homework
09:45:06.544 [main] INFO  utils.Log - +++++++++++++++++++++++++++++++++
09:45:06.544 [main] INFO  utils.Log - Start time :2023.04.24.09.45.06
09:45:06.544 [main] INFO  utils.Log - +++++++++++++++++++++++++++++++++
09:45:16.926 [main] ERROR utils.Log - +++++++++++++++++++++++++++++++++
09:45:16.926 [main] ERROR utils.Log - Failed test :postCommentInBlog1
09:45:16.928 [main] ERROR utils.Log - +++++++++++++++++++++++++++++++++
09:45:16.928 [main] ERROR utils.Log - Failed time :2023.04.24.09.45.16
09:45:16.929 [main] ERROR utils.Log - org.openqa.selenium.NoSuchElementException: Unable to find element with locator By.xpath: //div[@class = 'klb-post']//em
For documentation on this error, please visit: https://selenium.dev/exceptions/#no_such_element
Build info: version: '4.8.2', revision: '826dbfc730'
System info: os.name: 'Windows 11', os.arch: 'amd64', os.version: '10.0', java.version: '20'
Driver info: driver.version: RemoteWebDriver
09:45:16.929 [main] ERROR utils.Log - +++++++++++++++++++++++++++++++++
