11:34:09.088 [main] INFO  utils.Log - Browser parameter is : EDGE
11:34:13.290 [main] INFO  utils.Log - Edge =--> Thread.id = 1
11:34:20.532 [main] INFO  utils.Log - +++++++++++++++++++++++++++++++++
11:34:20.532 [main] INFO  utils.Log - Started test :TC2Homework - navigateToBlog
11:34:20.532 [main] INFO  utils.Log - TC2Homework
11:34:20.532 [main] INFO  utils.Log - +++++++++++++++++++++++++++++++++
11:34:20.532 [main] INFO  utils.Log - Start time :2023.04.24.11.34.20
11:34:20.532 [main] INFO  utils.Log - +++++++++++++++++++++++++++++++++
11:34:21.105 [main] INFO  utils.Log - +++++++++++++++++++++++++++++++++
11:34:21.105 [main] INFO  utils.Log - Passed test :navigateToBlog
11:34:21.105 [main] INFO  utils.Log - +++++++++++++++++++++++++++++++++
11:34:21.106 [main] INFO  utils.Log - End time :2023.04.24.11.34.21
11:34:21.106 [main] INFO  utils.Log - +++++++++++++++++++++++++++++++++
11:34:21.110 [main] INFO  utils.Log - +++++++++++++++++++++++++++++++++
11:34:21.110 [main] INFO  utils.Log - Started test :TC2Homework - checkBlogs
11:34:21.110 [main] INFO  utils.Log - TC2Homework
11:34:21.110 [main] INFO  utils.Log - +++++++++++++++++++++++++++++++++
11:34:21.110 [main] INFO  utils.Log - Start time :2023.04.24.11.34.21
11:34:21.110 [main] INFO  utils.Log - +++++++++++++++++++++++++++++++++
11:34:21.183 [main] INFO  utils.Log - +++++++++++++++++++++++++++++++++
11:34:21.183 [main] INFO  utils.Log - Passed test :checkBlogs
11:34:21.183 [main] INFO  utils.Log - +++++++++++++++++++++++++++++++++
11:34:21.183 [main] INFO  utils.Log - End time :2023.04.24.11.34.21
11:34:21.183 [main] INFO  utils.Log - +++++++++++++++++++++++++++++++++
11:34:21.185 [main] INFO  utils.Log - +++++++++++++++++++++++++++++++++
11:34:21.186 [main] INFO  utils.Log - Started test :TC2Homework - postCommentInBlog1
11:34:21.186 [main] INFO  utils.Log - TC2Homework
11:34:21.186 [main] INFO  utils.Log - +++++++++++++++++++++++++++++++++
11:34:21.186 [main] INFO  utils.Log - Start time :2023.04.24.11.34.21
11:34:21.186 [main] INFO  utils.Log - +++++++++++++++++++++++++++++++++
11:34:39.344 [main] ERROR utils.Log - +++++++++++++++++++++++++++++++++
11:34:39.344 [main] ERROR utils.Log - Failed test :postCommentInBlog1
11:34:39.345 [main] ERROR utils.Log - +++++++++++++++++++++++++++++++++
11:34:39.347 [main] ERROR utils.Log - Failed time :2023.04.24.11.34.39
11:34:39.347 [main] ERROR utils.Log - org.openqa.selenium.StaleElementReferenceException: stale element reference: element is not attached to the page document
  (Session info: MicrosoftEdge=112.0.1722.48)
For documentation on this error, please visit: https://selenium.dev/exceptions/#stale_element_reference
Build info: version: '4.8.2', revision: '826dbfc730'
System info: os.name: 'Windows 11', os.arch: 'amd64', os.version: '10.0', java.version: '20'
Driver info: org.openqa.selenium.edge.EdgeDriver
Command: [e3b89529d13afe437200d251122f0f67, clickElement {id=7c34e86c-e64d-4123-a696-5a02f525554f}]
Capabilities {acceptInsecureCerts: false, browserName: msedge, browserVersion: 112.0.1722.48, ms:edgeOptions: {debuggerAddress: localhost:63001}, msedge: {msedgedriverVersion: 112.0.1722.58 (4dc3f55bfaec..., userDataDir: C:\Users\ealbu\AppData\Loca...}, networkConnectionEnabled: false, pageLoadStrategy: normal, platformName: WINDOWS, proxy: Proxy(), se:cdp: ws://localhost:63001/devtoo..., se:cdpVersion: 112.0.1722.48, setWindowRect: true, strictFileInteractability: false, timeouts: {implicit: 0, pageLoad: 300000, script: 30000}, unhandledPromptBehavior: dismiss and notify, webauthn:extension:credBlob: true, webauthn:extension:largeBlob: true, webauthn:extension:minPinLength: true, webauthn:extension:prf: true, webauthn:virtualAuthenticators: true}
Element: [[EdgeDriver: msedge on WINDOWS (e3b89529d13afe437200d251122f0f67)] -> xpath: //article[@id = 'post-1023']//h2//a[contains(@href, 'typefaces')]]
Session ID: e3b89529d13afe437200d251122f0f67
11:34:39.347 [main] ERROR utils.Log - +++++++++++++++++++++++++++++++++
