11:48:56.133 [main] INFO  utils.Log - Browser parameter is : EDGE
11:48:59.427 [main] INFO  utils.Log - Edge =--> Thread.id = 1
11:49:02.281 [main] INFO  utils.Log - +++++++++++++++++++++++++++++++++
11:49:02.281 [main] INFO  utils.Log - Started test :TC2Homework - navigateToBlog
11:49:02.281 [main] INFO  utils.Log - TC2Homework
11:49:02.281 [main] INFO  utils.Log - +++++++++++++++++++++++++++++++++
11:49:02.282 [main] INFO  utils.Log - Start time :2023.04.24.11.49.02
11:49:02.282 [main] INFO  utils.Log - +++++++++++++++++++++++++++++++++
11:49:02.984 [main] INFO  utils.Log - +++++++++++++++++++++++++++++++++
11:49:02.984 [main] INFO  utils.Log - Passed test :navigateToBlog
11:49:02.984 [main] INFO  utils.Log - +++++++++++++++++++++++++++++++++
11:49:02.985 [main] INFO  utils.Log - End time :2023.04.24.11.49.02
11:49:02.985 [main] INFO  utils.Log - +++++++++++++++++++++++++++++++++
11:49:02.988 [main] INFO  utils.Log - +++++++++++++++++++++++++++++++++
11:49:02.988 [main] INFO  utils.Log - Started test :TC2Homework - checkBlogs
11:49:02.988 [main] INFO  utils.Log - TC2Homework
11:49:02.988 [main] INFO  utils.Log - +++++++++++++++++++++++++++++++++
11:49:02.989 [main] INFO  utils.Log - Start time :2023.04.24.11.49.02
11:49:02.989 [main] INFO  utils.Log - +++++++++++++++++++++++++++++++++
11:49:03.068 [main] INFO  utils.Log - +++++++++++++++++++++++++++++++++
11:49:03.068 [main] INFO  utils.Log - Passed test :checkBlogs
11:49:03.068 [main] INFO  utils.Log - +++++++++++++++++++++++++++++++++
11:49:03.068 [main] INFO  utils.Log - End time :2023.04.24.11.49.03
11:49:03.068 [main] INFO  utils.Log - +++++++++++++++++++++++++++++++++
11:49:03.068 [main] INFO  utils.Log - +++++++++++++++++++++++++++++++++
11:49:03.068 [main] INFO  utils.Log - Started test :TC2Homework - postCommentInBlog1
11:49:03.070 [main] INFO  utils.Log - TC2Homework
11:49:03.070 [main] INFO  utils.Log - +++++++++++++++++++++++++++++++++
11:49:03.070 [main] INFO  utils.Log - Start time :2023.04.24.11.49.03
11:49:03.070 [main] INFO  utils.Log - +++++++++++++++++++++++++++++++++
11:49:37.618 [main] ERROR utils.Log - +++++++++++++++++++++++++++++++++
11:49:37.619 [main] ERROR utils.Log - Failed test :postCommentInBlog1
11:49:37.619 [main] ERROR utils.Log - +++++++++++++++++++++++++++++++++
11:49:37.619 [main] ERROR utils.Log - Failed time :2023.04.24.11.49.37
11:49:37.621 [main] ERROR utils.Log - org.openqa.selenium.StaleElementReferenceException: stale element reference: element is not attached to the page document
  (Session info: MicrosoftEdge=112.0.1722.48)
For documentation on this error, please visit: https://selenium.dev/exceptions/#stale_element_reference
Build info: version: '4.8.2', revision: '826dbfc730'
System info: os.name: 'Windows 11', os.arch: 'amd64', os.version: '10.0', java.version: '20'
Driver info: org.openqa.selenium.edge.EdgeDriver
Command: [af4ea2ec2af7eeadfbbf3a5e88ff05d1, clickElement {id=6c3bbeb8-22bc-4277-92dc-430be0d0af28}]
Capabilities {acceptInsecureCerts: false, browserName: msedge, browserVersion: 112.0.1722.48, ms:edgeOptions: {debuggerAddress: localhost:55192}, msedge: {msedgedriverVersion: 112.0.1722.58 (4dc3f55bfaec..., userDataDir: C:\Users\ealbu\AppData\Loca...}, networkConnectionEnabled: false, pageLoadStrategy: normal, platformName: WINDOWS, proxy: Proxy(), se:cdp: ws://localhost:55192/devtoo..., se:cdpVersion: 112.0.1722.48, setWindowRect: true, strictFileInteractability: false, timeouts: {implicit: 0, pageLoad: 300000, script: 30000}, unhandledPromptBehavior: dismiss and notify, webauthn:extension:credBlob: true, webauthn:extension:largeBlob: true, webauthn:extension:minPinLength: true, webauthn:extension:prf: true, webauthn:virtualAuthenticators: true}
Element: [[EdgeDriver: msedge on WINDOWS (af4ea2ec2af7eeadfbbf3a5e88ff05d1)] -> xpath: //article[@id = 'post-1023']//h2//a[contains(@href, 'typefaces')]]
Session ID: af4ea2ec2af7eeadfbbf3a5e88ff05d1
11:49:37.621 [main] ERROR utils.Log - +++++++++++++++++++++++++++++++++
