02:14:44.665 [main] INFO  utils.Log - Browser parameter is : EDGE
02:14:47.820 [main] INFO  utils.Log - Edge =--> Thread.id = 1
02:14:50.709 [main] INFO  utils.Log - +++++++++++++++++++++++++++++++++
02:14:50.710 [main] INFO  utils.Log - Started test :TC2Homework - navigateToBlog
02:14:50.710 [main] INFO  utils.Log - TC2Homework
02:14:50.710 [main] INFO  utils.Log - +++++++++++++++++++++++++++++++++
02:14:50.711 [main] INFO  utils.Log - Start time :2023.04.24.02.14.50
02:14:50.711 [main] INFO  utils.Log - +++++++++++++++++++++++++++++++++
02:14:51.342 [main] INFO  utils.Log - +++++++++++++++++++++++++++++++++
02:14:51.342 [main] INFO  utils.Log - Passed test :navigateToBlog
02:14:51.342 [main] INFO  utils.Log - +++++++++++++++++++++++++++++++++
02:14:51.344 [main] INFO  utils.Log - End time :2023.04.24.02.14.51
02:14:51.344 [main] INFO  utils.Log - +++++++++++++++++++++++++++++++++
02:14:51.350 [main] INFO  utils.Log - +++++++++++++++++++++++++++++++++
02:14:51.350 [main] INFO  utils.Log - Started test :TC2Homework - checkBlogs
02:14:51.350 [main] INFO  utils.Log - TC2Homework
02:14:51.350 [main] INFO  utils.Log - +++++++++++++++++++++++++++++++++
02:14:51.351 [main] INFO  utils.Log - Start time :2023.04.24.02.14.51
02:14:51.351 [main] INFO  utils.Log - +++++++++++++++++++++++++++++++++
02:14:51.427 [main] INFO  utils.Log - +++++++++++++++++++++++++++++++++
02:14:51.427 [main] INFO  utils.Log - Passed test :checkBlogs
02:14:51.427 [main] INFO  utils.Log - +++++++++++++++++++++++++++++++++
02:14:51.427 [main] INFO  utils.Log - End time :2023.04.24.02.14.51
02:14:51.427 [main] INFO  utils.Log - +++++++++++++++++++++++++++++++++
02:14:51.428 [main] INFO  utils.Log - +++++++++++++++++++++++++++++++++
02:14:51.428 [main] INFO  utils.Log - Started test :TC2Homework - postCommentInBlog1
02:14:51.428 [main] INFO  utils.Log - TC2Homework
02:14:51.428 [main] INFO  utils.Log - +++++++++++++++++++++++++++++++++
02:14:51.428 [main] INFO  utils.Log - Start time :2023.04.24.02.14.51
02:14:51.428 [main] INFO  utils.Log - +++++++++++++++++++++++++++++++++
02:14:53.876 [main] ERROR utils.Log - +++++++++++++++++++++++++++++++++
02:14:53.876 [main] ERROR utils.Log - Failed test :postCommentInBlog1
02:14:53.876 [main] ERROR utils.Log - +++++++++++++++++++++++++++++++++
02:14:53.878 [main] ERROR utils.Log - Failed time :2023.04.24.02.14.53
02:14:53.878 [main] ERROR utils.Log - org.openqa.selenium.StaleElementReferenceException: stale element reference: element is not attached to the page document
  (Session info: MicrosoftEdge=112.0.1722.48)
For documentation on this error, please visit: https://selenium.dev/exceptions/#stale_element_reference
Build info: version: '4.8.2', revision: '826dbfc730'
System info: os.name: 'Windows 11', os.arch: 'amd64', os.version: '10.0', java.version: '20'
Driver info: org.openqa.selenium.edge.EdgeDriver
Command: [cb9c3bcc7d374f4acb08ee06eaed2527, clickElement {id=453f5f3d-3233-4970-8bad-d597fd70191d}]
Capabilities {acceptInsecureCerts: false, browserName: msedge, browserVersion: 112.0.1722.48, ms:edgeOptions: {debuggerAddress: localhost:62940}, msedge: {msedgedriverVersion: 112.0.1722.58 (4dc3f55bfaec..., userDataDir: C:\Users\ealbu\AppData\Loca...}, networkConnectionEnabled: false, pageLoadStrategy: normal, platformName: WINDOWS, proxy: Proxy(), se:cdp: ws://localhost:62940/devtoo..., se:cdpVersion: 112.0.1722.48, setWindowRect: true, strictFileInteractability: false, timeouts: {implicit: 0, pageLoad: 300000, script: 30000}, unhandledPromptBehavior: dismiss and notify, webauthn:extension:credBlob: true, webauthn:extension:largeBlob: true, webauthn:extension:minPinLength: true, webauthn:extension:prf: true, webauthn:virtualAuthenticators: true}
Element: [[EdgeDriver: msedge on WINDOWS (cb9c3bcc7d374f4acb08ee06eaed2527)] -> xpath: //article[@id = 'post-1023']//h2//a[contains(@href, 'typefaces')]]
Session ID: cb9c3bcc7d374f4acb08ee06eaed2527
02:14:53.879 [main] ERROR utils.Log - +++++++++++++++++++++++++++++++++
