11:39:12.637 [main] INFO  utils.Log - Browser parameter is : EDGE
11:39:16.166 [main] INFO  utils.Log - Edge =--> Thread.id = 1
11:39:18.922 [main] INFO  utils.Log - +++++++++++++++++++++++++++++++++
11:39:18.922 [main] INFO  utils.Log - Started test :TC2Homework - navigateToBlog
11:39:18.922 [main] INFO  utils.Log - TC2Homework
11:39:18.922 [main] INFO  utils.Log - +++++++++++++++++++++++++++++++++
11:39:18.924 [main] INFO  utils.Log - Start time :2023.04.24.11.39.18
11:39:18.924 [main] INFO  utils.Log - +++++++++++++++++++++++++++++++++
11:39:19.533 [main] INFO  utils.Log - +++++++++++++++++++++++++++++++++
11:39:19.533 [main] INFO  utils.Log - Passed test :navigateToBlog
11:39:19.533 [main] INFO  utils.Log - +++++++++++++++++++++++++++++++++
11:39:19.533 [main] INFO  utils.Log - End time :2023.04.24.11.39.19
11:39:19.534 [main] INFO  utils.Log - +++++++++++++++++++++++++++++++++
11:39:19.536 [main] INFO  utils.Log - +++++++++++++++++++++++++++++++++
11:39:19.536 [main] INFO  utils.Log - Started test :TC2Homework - checkBlogs
11:39:19.536 [main] INFO  utils.Log - TC2Homework
11:39:19.536 [main] INFO  utils.Log - +++++++++++++++++++++++++++++++++
11:39:19.537 [main] INFO  utils.Log - Start time :2023.04.24.11.39.19
11:39:19.537 [main] INFO  utils.Log - +++++++++++++++++++++++++++++++++
11:39:19.613 [main] INFO  utils.Log - +++++++++++++++++++++++++++++++++
11:39:19.613 [main] INFO  utils.Log - Passed test :checkBlogs
11:39:19.613 [main] INFO  utils.Log - +++++++++++++++++++++++++++++++++
11:39:19.615 [main] INFO  utils.Log - End time :2023.04.24.11.39.19
11:39:19.615 [main] INFO  utils.Log - +++++++++++++++++++++++++++++++++
11:39:19.615 [main] INFO  utils.Log - +++++++++++++++++++++++++++++++++
11:39:19.616 [main] INFO  utils.Log - Started test :TC2Homework - postCommentInBlog1
11:39:19.616 [main] INFO  utils.Log - TC2Homework
11:39:19.616 [main] INFO  utils.Log - +++++++++++++++++++++++++++++++++
11:39:19.616 [main] INFO  utils.Log - Start time :2023.04.24.11.39.19
11:39:19.616 [main] INFO  utils.Log - +++++++++++++++++++++++++++++++++
11:39:37.955 [main] ERROR utils.Log - +++++++++++++++++++++++++++++++++
11:39:37.955 [main] ERROR utils.Log - Failed test :postCommentInBlog1
11:39:37.955 [main] ERROR utils.Log - +++++++++++++++++++++++++++++++++
11:39:37.955 [main] ERROR utils.Log - Failed time :2023.04.24.11.39.37
11:39:37.956 [main] ERROR utils.Log - org.openqa.selenium.StaleElementReferenceException: stale element reference: element is not attached to the page document
  (Session info: MicrosoftEdge=112.0.1722.48)
For documentation on this error, please visit: https://selenium.dev/exceptions/#stale_element_reference
Build info: version: '4.8.2', revision: '826dbfc730'
System info: os.name: 'Windows 11', os.arch: 'amd64', os.version: '10.0', java.version: '20'
Driver info: org.openqa.selenium.edge.EdgeDriver
Command: [de448e519f513c2b8855b448d8dfff0e, clickElement {id=28aba38d-dbff-4e48-bbb3-9607474fe470}]
Capabilities {acceptInsecureCerts: false, browserName: msedge, browserVersion: 112.0.1722.48, ms:edgeOptions: {debuggerAddress: localhost:54802}, msedge: {msedgedriverVersion: 112.0.1722.58 (4dc3f55bfaec..., userDataDir: C:\Users\ealbu\AppData\Loca...}, networkConnectionEnabled: false, pageLoadStrategy: normal, platformName: WINDOWS, proxy: Proxy(), se:cdp: ws://localhost:54802/devtoo..., se:cdpVersion: 112.0.1722.48, setWindowRect: true, strictFileInteractability: false, timeouts: {implicit: 0, pageLoad: 300000, script: 30000}, unhandledPromptBehavior: dismiss and notify, webauthn:extension:credBlob: true, webauthn:extension:largeBlob: true, webauthn:extension:minPinLength: true, webauthn:extension:prf: true, webauthn:virtualAuthenticators: true}
Element: [[EdgeDriver: msedge on WINDOWS (de448e519f513c2b8855b448d8dfff0e)] -> xpath: //article[@id = 'post-1023']//h2//a[contains(@href, 'typefaces')]]
Session ID: de448e519f513c2b8855b448d8dfff0e
11:39:37.956 [main] ERROR utils.Log - +++++++++++++++++++++++++++++++++
