12:44:43.882 [main] INFO  utils.Log - Browser parameter is : CHROME
12:44:45.449 [main] INFO  utils.Log - Chrome =--> Thread.id = 1
12:44:48.200 [main] INFO  utils.Log - +++++++++++++++++++++++++++++++++
12:44:48.200 [main] INFO  utils.Log - Started test :TC2Homework - navigateToBlog
12:44:48.200 [main] INFO  utils.Log - TC2Homework
12:44:48.200 [main] INFO  utils.Log - +++++++++++++++++++++++++++++++++
12:44:48.201 [main] INFO  utils.Log - Start time :2023.04.24.12.44.48
12:44:48.201 [main] INFO  utils.Log - +++++++++++++++++++++++++++++++++
12:44:48.972 [main] INFO  utils.Log - +++++++++++++++++++++++++++++++++
12:44:48.972 [main] INFO  utils.Log - Passed test :navigateToBlog
12:44:48.972 [main] INFO  utils.Log - +++++++++++++++++++++++++++++++++
12:44:48.972 [main] INFO  utils.Log - End time :2023.04.24.12.44.48
12:44:48.972 [main] INFO  utils.Log - +++++++++++++++++++++++++++++++++
12:44:48.975 [main] INFO  utils.Log - +++++++++++++++++++++++++++++++++
12:44:48.977 [main] INFO  utils.Log - Started test :TC2Homework - checkBlogs
12:44:48.977 [main] INFO  utils.Log - TC2Homework
12:44:48.977 [main] INFO  utils.Log - +++++++++++++++++++++++++++++++++
12:44:48.978 [main] INFO  utils.Log - Start time :2023.04.24.12.44.48
12:44:48.978 [main] INFO  utils.Log - +++++++++++++++++++++++++++++++++
12:44:49.054 [main] INFO  utils.Log - +++++++++++++++++++++++++++++++++
12:44:49.054 [main] INFO  utils.Log - Passed test :checkBlogs
12:44:49.055 [main] INFO  utils.Log - +++++++++++++++++++++++++++++++++
12:44:49.055 [main] INFO  utils.Log - End time :2023.04.24.12.44.49
12:44:49.055 [main] INFO  utils.Log - +++++++++++++++++++++++++++++++++
12:44:49.056 [main] INFO  utils.Log - +++++++++++++++++++++++++++++++++
12:44:49.056 [main] INFO  utils.Log - Started test :TC2Homework - postCommentInBlogs
12:44:49.056 [main] INFO  utils.Log - TC2Homework
12:44:49.056 [main] INFO  utils.Log - +++++++++++++++++++++++++++++++++
12:44:49.056 [main] INFO  utils.Log - Start time :2023.04.24.12.44.49
12:44:49.056 [main] INFO  utils.Log - +++++++++++++++++++++++++++++++++
12:44:53.678 [main] ERROR utils.Log - +++++++++++++++++++++++++++++++++
12:44:53.678 [main] ERROR utils.Log - Failed test :postCommentInBlogs
12:44:53.678 [main] ERROR utils.Log - +++++++++++++++++++++++++++++++++
12:44:53.679 [main] ERROR utils.Log - Failed time :2023.04.24.12.44.53
12:44:53.680 [main] ERROR utils.Log - org.openqa.selenium.StaleElementReferenceException: stale element reference: element is not attached to the page document
  (Session info: chrome=112.0.5615.121)
For documentation on this error, please visit: https://selenium.dev/exceptions/#stale_element_reference
Build info: version: '4.8.2', revision: '826dbfc730'
System info: os.name: 'Windows 11', os.arch: 'amd64', os.version: '10.0', java.version: '20'
Driver info: org.openqa.selenium.chrome.ChromeDriver
Command: [201053cabdb10edf0e7c78533046d9db, clickElement {id=c0464aed-a07e-4e1f-8406-33dac4a7715c}]
Capabilities {acceptInsecureCerts: false, browserName: chrome, browserVersion: 112.0.5615.121, chrome: {chromedriverVersion: 112.0.5615.49 (bd2a7bcb881c..., userDataDir: C:\Users\ealbu\AppData\Loca...}, goog:chromeOptions: {debuggerAddress: localhost:50177}, networkConnectionEnabled: false, pageLoadStrategy: normal, platformName: WINDOWS, proxy: Proxy(), se:cdp: ws://localhost:50177/devtoo..., se:cdpVersion: 112.0.5615.121, setWindowRect: true, strictFileInteractability: false, timeouts: {implicit: 0, pageLoad: 300000, script: 30000}, unhandledPromptBehavior: dismiss and notify, webauthn:extension:credBlob: true, webauthn:extension:largeBlob: true, webauthn:extension:minPinLength: true, webauthn:extension:prf: true, webauthn:virtualAuthenticators: true}
Element: [[ChromeDriver: chrome on WINDOWS (201053cabdb10edf0e7c78533046d9db)] -> xpath: //article[@id = 'post-1035']//h2//a[contains(@href, 'mistaken')]]
Session ID: 201053cabdb10edf0e7c78533046d9db
12:44:53.680 [main] ERROR utils.Log - +++++++++++++++++++++++++++++++++
