02:39:17.651 [main] INFO  utils.Log - Browser parameter is : EDGE
02:39:20.924 [main] INFO  utils.Log - Edge =--> Thread.id = 1
02:39:24.234 [main] INFO  utils.Log - +++++++++++++++++++++++++++++++++
02:39:24.234 [main] INFO  utils.Log - Started test :TC2Homework - navigateToBlog
02:39:24.234 [main] INFO  utils.Log - TC2Homework
02:39:24.234 [main] INFO  utils.Log - +++++++++++++++++++++++++++++++++
02:39:24.235 [main] INFO  utils.Log - Start time :2023.04.24.02.39.24
02:39:24.235 [main] INFO  utils.Log - +++++++++++++++++++++++++++++++++
02:39:24.832 [main] INFO  utils.Log - +++++++++++++++++++++++++++++++++
02:39:24.833 [main] INFO  utils.Log - Passed test :navigateToBlog
02:39:24.833 [main] INFO  utils.Log - +++++++++++++++++++++++++++++++++
02:39:24.834 [main] INFO  utils.Log - End time :2023.04.24.02.39.24
02:39:24.834 [main] INFO  utils.Log - +++++++++++++++++++++++++++++++++
02:39:24.837 [main] INFO  utils.Log - +++++++++++++++++++++++++++++++++
02:39:24.837 [main] INFO  utils.Log - Started test :TC2Homework - checkBlogs
02:39:24.837 [main] INFO  utils.Log - TC2Homework
02:39:24.837 [main] INFO  utils.Log - +++++++++++++++++++++++++++++++++
02:39:24.837 [main] INFO  utils.Log - Start time :2023.04.24.02.39.24
02:39:24.838 [main] INFO  utils.Log - +++++++++++++++++++++++++++++++++
02:39:24.921 [main] INFO  utils.Log - +++++++++++++++++++++++++++++++++
02:39:24.921 [main] INFO  utils.Log - Passed test :checkBlogs
02:39:24.921 [main] INFO  utils.Log - +++++++++++++++++++++++++++++++++
02:39:24.921 [main] INFO  utils.Log - End time :2023.04.24.02.39.24
02:39:24.921 [main] INFO  utils.Log - +++++++++++++++++++++++++++++++++
02:39:24.923 [main] INFO  utils.Log - +++++++++++++++++++++++++++++++++
02:39:24.923 [main] INFO  utils.Log - Started test :TC2Homework - postCommentInBlog1
02:39:24.923 [main] INFO  utils.Log - TC2Homework
02:39:24.923 [main] INFO  utils.Log - +++++++++++++++++++++++++++++++++
02:39:24.923 [main] INFO  utils.Log - Start time :2023.04.24.02.39.24
02:39:24.923 [main] INFO  utils.Log - +++++++++++++++++++++++++++++++++
02:39:35.216 [main] ERROR utils.Log - +++++++++++++++++++++++++++++++++
02:39:35.217 [main] ERROR utils.Log - Failed test :postCommentInBlog1
02:39:35.217 [main] ERROR utils.Log - +++++++++++++++++++++++++++++++++
02:39:35.218 [main] ERROR utils.Log - Failed time :2023.04.24.02.39.35
02:39:35.218 [main] ERROR utils.Log - org.openqa.selenium.StaleElementReferenceException: stale element reference: element is not attached to the page document
  (Session info: MicrosoftEdge=112.0.1722.48)
For documentation on this error, please visit: https://selenium.dev/exceptions/#stale_element_reference
Build info: version: '4.8.2', revision: '826dbfc730'
System info: os.name: 'Windows 11', os.arch: 'amd64', os.version: '10.0', java.version: '20'
Driver info: org.openqa.selenium.edge.EdgeDriver
Command: [167eaa4efcbaf8a3c39322f7c1a15a7b, clickElement {id=78e56ee7-7f21-41e6-8a8f-650432b1cd62}]
Capabilities {acceptInsecureCerts: false, browserName: msedge, browserVersion: 112.0.1722.48, ms:edgeOptions: {debuggerAddress: localhost:49743}, msedge: {msedgedriverVersion: 112.0.1722.58 (4dc3f55bfaec..., userDataDir: C:\Users\ealbu\AppData\Loca...}, networkConnectionEnabled: false, pageLoadStrategy: normal, platformName: WINDOWS, proxy: Proxy(), se:cdp: ws://localhost:49743/devtoo..., se:cdpVersion: 112.0.1722.48, setWindowRect: true, strictFileInteractability: false, timeouts: {implicit: 0, pageLoad: 300000, script: 30000}, unhandledPromptBehavior: dismiss and notify, webauthn:extension:credBlob: true, webauthn:extension:largeBlob: true, webauthn:extension:minPinLength: true, webauthn:extension:prf: true, webauthn:virtualAuthenticators: true}
Element: [[EdgeDriver: msedge on WINDOWS (167eaa4efcbaf8a3c39322f7c1a15a7b)] -> xpath: //article[@id = 'post-1023']//h2//a[contains(@href, 'typefaces')]]
Session ID: 167eaa4efcbaf8a3c39322f7c1a15a7b
02:39:35.218 [main] ERROR utils.Log - +++++++++++++++++++++++++++++++++
