02:50:40.002 [main] INFO  utils.Log - Browser parameter is : EDGE
02:50:43.142 [main] INFO  utils.Log - Edge =--> Thread.id = 1
02:50:46.129 [main] INFO  utils.Log - +++++++++++++++++++++++++++++++++
02:50:46.129 [main] INFO  utils.Log - Started test :TC2Homework - navigateToBlog
02:50:46.129 [main] INFO  utils.Log - TC2Homework
02:50:46.129 [main] INFO  utils.Log - +++++++++++++++++++++++++++++++++
02:50:46.130 [main] INFO  utils.Log - Start time :2023.04.24.02.50.46
02:50:46.130 [main] INFO  utils.Log - +++++++++++++++++++++++++++++++++
02:50:46.847 [main] INFO  utils.Log - +++++++++++++++++++++++++++++++++
02:50:46.848 [main] INFO  utils.Log - Passed test :navigateToBlog
02:50:46.848 [main] INFO  utils.Log - +++++++++++++++++++++++++++++++++
02:50:46.848 [main] INFO  utils.Log - End time :2023.04.24.02.50.46
02:50:46.848 [main] INFO  utils.Log - +++++++++++++++++++++++++++++++++
02:50:46.851 [main] INFO  utils.Log - +++++++++++++++++++++++++++++++++
02:50:46.851 [main] INFO  utils.Log - Started test :TC2Homework - checkBlogs
02:50:46.851 [main] INFO  utils.Log - TC2Homework
02:50:46.852 [main] INFO  utils.Log - +++++++++++++++++++++++++++++++++
02:50:46.852 [main] INFO  utils.Log - Start time :2023.04.24.02.50.46
02:50:46.852 [main] INFO  utils.Log - +++++++++++++++++++++++++++++++++
02:50:47.790 [main] ERROR utils.Log - +++++++++++++++++++++++++++++++++
02:50:47.790 [main] ERROR utils.Log - Failed test :checkBlogs
02:50:47.791 [main] ERROR utils.Log - +++++++++++++++++++++++++++++++++
02:50:47.791 [main] ERROR utils.Log - Failed time :2023.04.24.02.50.47
02:50:47.791 [main] ERROR utils.Log - org.openqa.selenium.StaleElementReferenceException: stale element reference: element is not attached to the page document
  (Session info: MicrosoftEdge=112.0.1722.48)
For documentation on this error, please visit: https://selenium.dev/exceptions/#stale_element_reference
Build info: version: '4.8.2', revision: '826dbfc730'
System info: os.name: 'Windows 11', os.arch: 'amd64', os.version: '10.0', java.version: '20'
Driver info: org.openqa.selenium.edge.EdgeDriver
Command: [ca9ddbb715a8d850fbbce3ca565f1d0f, clickElement {id=3bdb62a3-84f6-4fd5-a9e1-aae74bf86ff5}]
Capabilities {acceptInsecureCerts: false, browserName: msedge, browserVersion: 112.0.1722.48, ms:edgeOptions: {debuggerAddress: localhost:50757}, msedge: {msedgedriverVersion: 112.0.1722.58 (4dc3f55bfaec..., userDataDir: C:\Users\ealbu\AppData\Loca...}, networkConnectionEnabled: false, pageLoadStrategy: normal, platformName: WINDOWS, proxy: Proxy(), se:cdp: ws://localhost:50757/devtoo..., se:cdpVersion: 112.0.1722.48, setWindowRect: true, strictFileInteractability: false, timeouts: {implicit: 0, pageLoad: 300000, script: 30000}, unhandledPromptBehavior: dismiss and notify, webauthn:extension:credBlob: true, webauthn:extension:largeBlob: true, webauthn:extension:minPinLength: true, webauthn:extension:prf: true, webauthn:virtualAuthenticators: true}
Element: [[EdgeDriver: msedge on WINDOWS (ca9ddbb715a8d850fbbce3ca565f1d0f)] -> xpath: //article[@id = 'post-1759']//h2//a[contains(@href, 'donut')]]
Session ID: ca9ddbb715a8d850fbbce3ca565f1d0f
02:50:47.791 [main] ERROR utils.Log - +++++++++++++++++++++++++++++++++
