12:11:07.870 [main] INFO  utils.Log - Browser parameter is : CHROME
12:11:09.325 [main] INFO  utils.Log - Chrome =--> Thread.id = 1
12:11:11.840 [main] INFO  utils.Log - +++++++++++++++++++++++++++++++++
12:11:11.840 [main] INFO  utils.Log - Started test :TC2Homework - navigateToBlog
12:11:11.840 [main] INFO  utils.Log - TC2Homework
12:11:11.840 [main] INFO  utils.Log - +++++++++++++++++++++++++++++++++
12:11:11.841 [main] INFO  utils.Log - Start time :2023.04.24.12.11.11
12:11:11.841 [main] INFO  utils.Log - +++++++++++++++++++++++++++++++++
12:11:12.472 [main] INFO  utils.Log - +++++++++++++++++++++++++++++++++
12:11:12.473 [main] INFO  utils.Log - Passed test :navigateToBlog
12:11:12.473 [main] INFO  utils.Log - +++++++++++++++++++++++++++++++++
12:11:12.473 [main] INFO  utils.Log - End time :2023.04.24.12.11.12
12:11:12.473 [main] INFO  utils.Log - +++++++++++++++++++++++++++++++++
12:11:12.477 [main] INFO  utils.Log - +++++++++++++++++++++++++++++++++
12:11:12.477 [main] INFO  utils.Log - Started test :TC2Homework - checkBlogs
12:11:12.477 [main] INFO  utils.Log - TC2Homework
12:11:12.478 [main] INFO  utils.Log - +++++++++++++++++++++++++++++++++
12:11:12.478 [main] INFO  utils.Log - Start time :2023.04.24.12.11.12
12:11:12.478 [main] INFO  utils.Log - +++++++++++++++++++++++++++++++++
12:11:12.573 [main] INFO  utils.Log - +++++++++++++++++++++++++++++++++
12:11:12.573 [main] INFO  utils.Log - Passed test :checkBlogs
12:11:12.574 [main] INFO  utils.Log - +++++++++++++++++++++++++++++++++
12:11:12.574 [main] INFO  utils.Log - End time :2023.04.24.12.11.12
12:11:12.574 [main] INFO  utils.Log - +++++++++++++++++++++++++++++++++
12:11:12.576 [main] INFO  utils.Log - +++++++++++++++++++++++++++++++++
12:11:12.576 [main] INFO  utils.Log - Started test :TC2Homework - postCommentInBlog1
12:11:12.577 [main] INFO  utils.Log - TC2Homework
12:11:12.577 [main] INFO  utils.Log - +++++++++++++++++++++++++++++++++
12:11:12.577 [main] INFO  utils.Log - Start time :2023.04.24.12.11.12
12:11:12.577 [main] INFO  utils.Log - +++++++++++++++++++++++++++++++++
12:11:26.922 [main] ERROR utils.Log - +++++++++++++++++++++++++++++++++
12:11:26.922 [main] ERROR utils.Log - Failed test :postCommentInBlog1
12:11:26.922 [main] ERROR utils.Log - +++++++++++++++++++++++++++++++++
12:11:26.922 [main] ERROR utils.Log - Failed time :2023.04.24.12.11.26
12:11:26.923 [main] ERROR utils.Log - org.openqa.selenium.TimeoutException: Expected condition failed: waiting for element ([[ChromeDriver: chrome on WINDOWS (b21fb45b27989642986e30dd70a88cfa)] -> xpath: //article[@id = 'post-1035']//h2//a[contains(@href, 'mistaken')]]) to be selected (tried for 10 second(s) with 500 milliseconds interval)
Build info: version: '4.8.2', revision: '826dbfc730'
System info: os.name: 'Windows 11', os.arch: 'amd64', os.version: '10.0', java.version: '20'
Driver info: org.openqa.selenium.chrome.ChromeDriver
Capabilities {acceptInsecureCerts: false, browserName: chrome, browserVersion: 112.0.5615.121, chrome: {chromedriverVersion: 112.0.5615.49 (bd2a7bcb881c..., userDataDir: C:\Users\ealbu\AppData\Loca...}, goog:chromeOptions: {debuggerAddress: localhost:55512}, networkConnectionEnabled: false, pageLoadStrategy: normal, platformName: WINDOWS, proxy: Proxy(), se:cdp: ws://localhost:55512/devtoo..., se:cdpVersion: 112.0.5615.121, setWindowRect: true, strictFileInteractability: false, timeouts: {implicit: 0, pageLoad: 300000, script: 30000}, unhandledPromptBehavior: dismiss and notify, webauthn:extension:credBlob: true, webauthn:extension:largeBlob: true, webauthn:extension:minPinLength: true, webauthn:extension:prf: true, webauthn:virtualAuthenticators: true}
Session ID: b21fb45b27989642986e30dd70a88cfa
12:11:26.923 [main] ERROR utils.Log - +++++++++++++++++++++++++++++++++
