02:16:36.990 [main] INFO  utils.Log - Browser parameter is : EDGE
02:16:40.258 [main] INFO  utils.Log - Edge =--> Thread.id = 1
02:16:42.977 [main] INFO  utils.Log - +++++++++++++++++++++++++++++++++
02:16:42.977 [main] INFO  utils.Log - Started test :TC2Homework - navigateToBlog
02:16:42.977 [main] INFO  utils.Log - TC2Homework
02:16:42.977 [main] INFO  utils.Log - +++++++++++++++++++++++++++++++++
02:16:42.978 [main] INFO  utils.Log - Start time :2023.04.24.02.16.42
02:16:42.978 [main] INFO  utils.Log - +++++++++++++++++++++++++++++++++
02:16:43.534 [main] INFO  utils.Log - +++++++++++++++++++++++++++++++++
02:16:43.534 [main] INFO  utils.Log - Passed test :navigateToBlog
02:16:43.534 [main] INFO  utils.Log - +++++++++++++++++++++++++++++++++
02:16:43.534 [main] INFO  utils.Log - End time :2023.04.24.02.16.43
02:16:43.534 [main] INFO  utils.Log - +++++++++++++++++++++++++++++++++
02:16:43.539 [main] INFO  utils.Log - +++++++++++++++++++++++++++++++++
02:16:43.540 [main] INFO  utils.Log - Started test :TC2Homework - checkBlogs
02:16:43.540 [main] INFO  utils.Log - TC2Homework
02:16:43.540 [main] INFO  utils.Log - +++++++++++++++++++++++++++++++++
02:16:43.540 [main] INFO  utils.Log - Start time :2023.04.24.02.16.43
02:16:43.540 [main] INFO  utils.Log - +++++++++++++++++++++++++++++++++
02:16:43.619 [main] INFO  utils.Log - +++++++++++++++++++++++++++++++++
02:16:43.619 [main] INFO  utils.Log - Passed test :checkBlogs
02:16:43.619 [main] INFO  utils.Log - +++++++++++++++++++++++++++++++++
02:16:43.619 [main] INFO  utils.Log - End time :2023.04.24.02.16.43
02:16:43.620 [main] INFO  utils.Log - +++++++++++++++++++++++++++++++++
02:16:43.621 [main] INFO  utils.Log - +++++++++++++++++++++++++++++++++
02:16:43.621 [main] INFO  utils.Log - Started test :TC2Homework - postCommentInBlog1
02:16:43.621 [main] INFO  utils.Log - TC2Homework
02:16:43.621 [main] INFO  utils.Log - +++++++++++++++++++++++++++++++++
02:16:43.621 [main] INFO  utils.Log - Start time :2023.04.24.02.16.43
02:16:43.621 [main] INFO  utils.Log - +++++++++++++++++++++++++++++++++
02:16:45.675 [main] ERROR utils.Log - +++++++++++++++++++++++++++++++++
02:16:45.675 [main] ERROR utils.Log - Failed test :postCommentInBlog1
02:16:45.675 [main] ERROR utils.Log - +++++++++++++++++++++++++++++++++
02:16:45.675 [main] ERROR utils.Log - Failed time :2023.04.24.02.16.45
02:16:45.677 [main] ERROR utils.Log - org.openqa.selenium.StaleElementReferenceException: stale element reference: element is not attached to the page document
  (Session info: MicrosoftEdge=112.0.1722.48)
For documentation on this error, please visit: https://selenium.dev/exceptions/#stale_element_reference
Build info: version: '4.8.2', revision: '826dbfc730'
System info: os.name: 'Windows 11', os.arch: 'amd64', os.version: '10.0', java.version: '20'
Driver info: org.openqa.selenium.edge.EdgeDriver
Command: [9a2f3c0e844ede8418c76161463f1128, clickElement {id=c8f06e86-9a93-4988-b5fe-71dfd5f15d8a}]
Capabilities {acceptInsecureCerts: false, browserName: msedge, browserVersion: 112.0.1722.48, ms:edgeOptions: {debuggerAddress: localhost:63027}, msedge: {msedgedriverVersion: 112.0.1722.58 (4dc3f55bfaec..., userDataDir: C:\Users\ealbu\AppData\Loca...}, networkConnectionEnabled: false, pageLoadStrategy: normal, platformName: WINDOWS, proxy: Proxy(), se:cdp: ws://localhost:63027/devtoo..., se:cdpVersion: 112.0.1722.48, setWindowRect: true, strictFileInteractability: false, timeouts: {implicit: 0, pageLoad: 300000, script: 30000}, unhandledPromptBehavior: dismiss and notify, webauthn:extension:credBlob: true, webauthn:extension:largeBlob: true, webauthn:extension:minPinLength: true, webauthn:extension:prf: true, webauthn:virtualAuthenticators: true}
Element: [[EdgeDriver: msedge on WINDOWS (9a2f3c0e844ede8418c76161463f1128)] -> xpath: //article[@id = 'post-1023']//h2//a[contains(@href, 'typefaces')]]
Session ID: 9a2f3c0e844ede8418c76161463f1128
02:16:45.677 [main] ERROR utils.Log - +++++++++++++++++++++++++++++++++
