09:37:07.108 [main] INFO  utils.Log - Browser parameter is : EDGE
09:37:10.305 [main] INFO  utils.Log - Edge =--> Thread.id = 1
09:37:13.454 [main] INFO  utils.Log - +++++++++++++++++++++++++++++++++
09:37:13.454 [main] INFO  utils.Log - Started test :TC2Homework - navigateToBlog
09:37:13.456 [main] INFO  utils.Log - TC2Homework
09:37:13.456 [main] INFO  utils.Log - +++++++++++++++++++++++++++++++++
09:37:13.456 [main] INFO  utils.Log - Start time :2023.04.24.09.37.13
09:37:13.456 [main] INFO  utils.Log - +++++++++++++++++++++++++++++++++
09:37:14.005 [main] INFO  utils.Log - +++++++++++++++++++++++++++++++++
09:37:14.005 [main] INFO  utils.Log - Passed test :navigateToBlog
09:37:14.005 [main] INFO  utils.Log - +++++++++++++++++++++++++++++++++
09:37:14.005 [main] INFO  utils.Log - End time :2023.04.24.09.37.14
09:37:14.005 [main] INFO  utils.Log - +++++++++++++++++++++++++++++++++
09:37:14.011 [main] INFO  utils.Log - +++++++++++++++++++++++++++++++++
09:37:14.012 [main] INFO  utils.Log - Started test :TC2Homework - checkBlogs
09:37:14.012 [main] INFO  utils.Log - TC2Homework
09:37:14.012 [main] INFO  utils.Log - +++++++++++++++++++++++++++++++++
09:37:14.012 [main] INFO  utils.Log - Start time :2023.04.24.09.37.14
09:37:14.012 [main] INFO  utils.Log - +++++++++++++++++++++++++++++++++
09:37:14.091 [main] INFO  utils.Log - +++++++++++++++++++++++++++++++++
09:37:14.092 [main] INFO  utils.Log - Passed test :checkBlogs
09:37:14.092 [main] INFO  utils.Log - +++++++++++++++++++++++++++++++++
09:37:14.092 [main] INFO  utils.Log - End time :2023.04.24.09.37.14
09:37:14.092 [main] INFO  utils.Log - +++++++++++++++++++++++++++++++++
09:37:14.093 [main] INFO  utils.Log - +++++++++++++++++++++++++++++++++
09:37:14.095 [main] INFO  utils.Log - Started test :TC2Homework - postCommentInBlog1
09:37:14.095 [main] INFO  utils.Log - TC2Homework
09:37:14.095 [main] INFO  utils.Log - +++++++++++++++++++++++++++++++++
09:37:14.095 [main] INFO  utils.Log - Start time :2023.04.24.09.37.14
09:37:14.095 [main] INFO  utils.Log - +++++++++++++++++++++++++++++++++
09:37:32.754 [main] ERROR utils.Log - +++++++++++++++++++++++++++++++++
09:37:32.754 [main] ERROR utils.Log - Failed test :postCommentInBlog1
09:37:32.754 [main] ERROR utils.Log - +++++++++++++++++++++++++++++++++
09:37:32.754 [main] ERROR utils.Log - Failed time :2023.04.24.09.37.32
09:37:32.755 [main] ERROR utils.Log - org.openqa.selenium.StaleElementReferenceException: stale element reference: element is not attached to the page document
  (Session info: MicrosoftEdge=112.0.1722.48)
For documentation on this error, please visit: https://selenium.dev/exceptions/#stale_element_reference
Build info: version: '4.8.2', revision: '826dbfc730'
System info: os.name: 'Windows 11', os.arch: 'amd64', os.version: '10.0', java.version: '20'
Driver info: org.openqa.selenium.edge.EdgeDriver
Command: [a3fccedb1f57f2258962e0f92a894433, isElementDisplayed {id=c2e122e0-64ad-46d6-a34a-2f14ad140f7e}]
Capabilities {acceptInsecureCerts: false, browserName: msedge, browserVersion: 112.0.1722.48, ms:edgeOptions: {debuggerAddress: localhost:56128}, msedge: {msedgedriverVersion: 112.0.1722.58 (4dc3f55bfaec..., userDataDir: C:\Users\ealbu\AppData\Loca...}, networkConnectionEnabled: false, pageLoadStrategy: normal, platformName: WINDOWS, proxy: Proxy(), se:cdp: ws://localhost:56128/devtoo..., se:cdpVersion: 112.0.1722.48, setWindowRect: true, strictFileInteractability: false, timeouts: {implicit: 0, pageLoad: 300000, script: 30000}, unhandledPromptBehavior: dismiss and notify, webauthn:extension:credBlob: true, webauthn:extension:largeBlob: true, webauthn:extension:minPinLength: true, webauthn:extension:prf: true, webauthn:virtualAuthenticators: true}
Element: [[EdgeDriver: msedge on WINDOWS (a3fccedb1f57f2258962e0f92a894433)] -> xpath: //article[@id = 'post-1023']//h2//a[contains(@href, 'typefaces')]]
Session ID: a3fccedb1f57f2258962e0f92a894433
09:37:32.755 [main] ERROR utils.Log - +++++++++++++++++++++++++++++++++
