02:09:15.557 [main] INFO  utils.Log - Browser parameter is : EDGE
02:09:18.813 [main] INFO  utils.Log - Edge =--> Thread.id = 1
02:09:21.560 [main] INFO  utils.Log - +++++++++++++++++++++++++++++++++
02:09:21.560 [main] INFO  utils.Log - Started test :TC2Homework - navigateToBlog
02:09:21.560 [main] INFO  utils.Log - TC2Homework
02:09:21.560 [main] INFO  utils.Log - +++++++++++++++++++++++++++++++++
02:09:21.561 [main] INFO  utils.Log - Start time :2023.04.24.02.09.21
02:09:21.561 [main] INFO  utils.Log - +++++++++++++++++++++++++++++++++
02:09:23.286 [main] INFO  utils.Log - +++++++++++++++++++++++++++++++++
02:09:23.288 [main] INFO  utils.Log - Passed test :navigateToBlog
02:09:23.288 [main] INFO  utils.Log - +++++++++++++++++++++++++++++++++
02:09:23.288 [main] INFO  utils.Log - End time :2023.04.24.02.09.23
02:09:23.288 [main] INFO  utils.Log - +++++++++++++++++++++++++++++++++
02:09:23.293 [main] INFO  utils.Log - +++++++++++++++++++++++++++++++++
02:09:23.293 [main] INFO  utils.Log - Started test :TC2Homework - checkBlogs
02:09:23.293 [main] INFO  utils.Log - TC2Homework
02:09:23.293 [main] INFO  utils.Log - +++++++++++++++++++++++++++++++++
02:09:23.294 [main] INFO  utils.Log - Start time :2023.04.24.02.09.23
02:09:23.294 [main] INFO  utils.Log - +++++++++++++++++++++++++++++++++
02:09:23.371 [main] INFO  utils.Log - +++++++++++++++++++++++++++++++++
02:09:23.371 [main] INFO  utils.Log - Passed test :checkBlogs
02:09:23.371 [main] INFO  utils.Log - +++++++++++++++++++++++++++++++++
02:09:23.371 [main] INFO  utils.Log - End time :2023.04.24.02.09.23
02:09:23.371 [main] INFO  utils.Log - +++++++++++++++++++++++++++++++++
02:09:23.372 [main] INFO  utils.Log - +++++++++++++++++++++++++++++++++
02:09:23.372 [main] INFO  utils.Log - Started test :TC2Homework - postCommentInBlog1
02:09:23.372 [main] INFO  utils.Log - TC2Homework
02:09:23.372 [main] INFO  utils.Log - +++++++++++++++++++++++++++++++++
02:09:23.372 [main] INFO  utils.Log - Start time :2023.04.24.02.09.23
02:09:23.372 [main] INFO  utils.Log - +++++++++++++++++++++++++++++++++
02:09:23.820 [main] ERROR utils.Log - +++++++++++++++++++++++++++++++++
02:09:23.820 [main] ERROR utils.Log - Failed test :postCommentInBlog1
02:09:23.820 [main] ERROR utils.Log - +++++++++++++++++++++++++++++++++
02:09:23.820 [main] ERROR utils.Log - Failed time :2023.04.24.02.09.23
02:09:23.821 [main] ERROR utils.Log - org.openqa.selenium.StaleElementReferenceException: stale element reference: element is not attached to the page document
  (Session info: MicrosoftEdge=112.0.1722.48)
For documentation on this error, please visit: https://selenium.dev/exceptions/#stale_element_reference
Build info: version: '4.8.2', revision: '826dbfc730'
System info: os.name: 'Windows 11', os.arch: 'amd64', os.version: '10.0', java.version: '20'
Driver info: org.openqa.selenium.edge.EdgeDriver
Command: [8f95a1d16322df287cd3ba5a03b86eb9, clickElement {id=788bd000-fa2e-4fb9-add2-0291beb0e481}]
Capabilities {acceptInsecureCerts: false, browserName: msedge, browserVersion: 112.0.1722.48, ms:edgeOptions: {debuggerAddress: localhost:62506}, msedge: {msedgedriverVersion: 112.0.1722.58 (4dc3f55bfaec..., userDataDir: C:\Users\ealbu\AppData\Loca...}, networkConnectionEnabled: false, pageLoadStrategy: normal, platformName: WINDOWS, proxy: Proxy(), se:cdp: ws://localhost:62506/devtoo..., se:cdpVersion: 112.0.1722.48, setWindowRect: true, strictFileInteractability: false, timeouts: {implicit: 0, pageLoad: 300000, script: 30000}, unhandledPromptBehavior: dismiss and notify, webauthn:extension:credBlob: true, webauthn:extension:largeBlob: true, webauthn:extension:minPinLength: true, webauthn:extension:prf: true, webauthn:virtualAuthenticators: true}
Element: [[EdgeDriver: msedge on WINDOWS (8f95a1d16322df287cd3ba5a03b86eb9)] -> xpath: //article[@id = 'post-1023']//h2//a[contains(@href, 'typefaces')]]
Session ID: 8f95a1d16322df287cd3ba5a03b86eb9
02:09:23.821 [main] ERROR utils.Log - +++++++++++++++++++++++++++++++++
