02:49:38.829 [main] INFO  utils.Log - Browser parameter is : EDGE
02:49:42.018 [main] INFO  utils.Log - Edge =--> Thread.id = 1
02:49:45.068 [main] INFO  utils.Log - +++++++++++++++++++++++++++++++++
02:49:45.068 [main] INFO  utils.Log - Started test :TC2Homework - navigateToBlog
02:49:45.068 [main] INFO  utils.Log - TC2Homework
02:49:45.068 [main] INFO  utils.Log - +++++++++++++++++++++++++++++++++
02:49:45.069 [main] INFO  utils.Log - Start time :2023.04.24.02.49.45
02:49:45.069 [main] INFO  utils.Log - +++++++++++++++++++++++++++++++++
02:49:45.670 [main] INFO  utils.Log - +++++++++++++++++++++++++++++++++
02:49:45.670 [main] INFO  utils.Log - Passed test :navigateToBlog
02:49:45.670 [main] INFO  utils.Log - +++++++++++++++++++++++++++++++++
02:49:45.670 [main] INFO  utils.Log - End time :2023.04.24.02.49.45
02:49:45.670 [main] INFO  utils.Log - +++++++++++++++++++++++++++++++++
02:49:45.673 [main] INFO  utils.Log - +++++++++++++++++++++++++++++++++
02:49:45.673 [main] INFO  utils.Log - Started test :TC2Homework - checkBlogs
02:49:45.673 [main] INFO  utils.Log - TC2Homework
02:49:45.673 [main] INFO  utils.Log - +++++++++++++++++++++++++++++++++
02:49:45.673 [main] INFO  utils.Log - Start time :2023.04.24.02.49.45
02:49:45.673 [main] INFO  utils.Log - +++++++++++++++++++++++++++++++++
02:49:47.002 [main] ERROR utils.Log - +++++++++++++++++++++++++++++++++
02:49:47.002 [main] ERROR utils.Log - Failed test :checkBlogs
02:49:47.002 [main] ERROR utils.Log - +++++++++++++++++++++++++++++++++
02:49:47.002 [main] ERROR utils.Log - Failed time :2023.04.24.02.49.47
02:49:47.002 [main] ERROR utils.Log - org.openqa.selenium.StaleElementReferenceException: stale element reference: element is not attached to the page document
  (Session info: MicrosoftEdge=112.0.1722.48)
For documentation on this error, please visit: https://selenium.dev/exceptions/#stale_element_reference
Build info: version: '4.8.2', revision: '826dbfc730'
System info: os.name: 'Windows 11', os.arch: 'amd64', os.version: '10.0', java.version: '20'
Driver info: org.openqa.selenium.edge.EdgeDriver
Command: [e9e2596c31d9b18571d1f5da1ca7b0ac, clickElement {id=d640d0fa-c819-40be-bc4e-91dc36cbf808}]
Capabilities {acceptInsecureCerts: false, browserName: msedge, browserVersion: 112.0.1722.48, ms:edgeOptions: {debuggerAddress: localhost:50638}, msedge: {msedgedriverVersion: 112.0.1722.58 (4dc3f55bfaec..., userDataDir: C:\Users\ealbu\AppData\Loca...}, networkConnectionEnabled: false, pageLoadStrategy: normal, platformName: WINDOWS, proxy: Proxy(), se:cdp: ws://localhost:50638/devtoo..., se:cdpVersion: 112.0.1722.48, setWindowRect: true, strictFileInteractability: false, timeouts: {implicit: 0, pageLoad: 300000, script: 30000}, unhandledPromptBehavior: dismiss and notify, webauthn:extension:credBlob: true, webauthn:extension:largeBlob: true, webauthn:extension:minPinLength: true, webauthn:extension:prf: true, webauthn:virtualAuthenticators: true}
Element: [[EdgeDriver: msedge on WINDOWS (e9e2596c31d9b18571d1f5da1ca7b0ac)] -> xpath: //article[@id = 'post-1023']//h2//a[contains(@href, 'typefaces')]]
Session ID: e9e2596c31d9b18571d1f5da1ca7b0ac
02:49:47.003 [main] ERROR utils.Log - +++++++++++++++++++++++++++++++++
