12:33:48.150 [main] INFO  utils.Log - Browser parameter is : CHROME
12:33:49.689 [main] INFO  utils.Log - Chrome =--> Thread.id = 1
12:33:52.660 [main] INFO  utils.Log - +++++++++++++++++++++++++++++++++
12:33:52.661 [main] INFO  utils.Log - Started test :TC2Homework - navigateToBlog
12:33:52.661 [main] INFO  utils.Log - TC2Homework
12:33:52.661 [main] INFO  utils.Log - +++++++++++++++++++++++++++++++++
12:33:52.662 [main] INFO  utils.Log - Start time :2023.04.24.12.33.52
12:33:52.662 [main] INFO  utils.Log - +++++++++++++++++++++++++++++++++
12:33:53.476 [main] INFO  utils.Log - +++++++++++++++++++++++++++++++++
12:33:53.477 [main] INFO  utils.Log - Passed test :navigateToBlog
12:33:53.477 [main] INFO  utils.Log - +++++++++++++++++++++++++++++++++
12:33:53.478 [main] INFO  utils.Log - End time :2023.04.24.12.33.53
12:33:53.478 [main] INFO  utils.Log - +++++++++++++++++++++++++++++++++
12:33:53.480 [main] INFO  utils.Log - +++++++++++++++++++++++++++++++++
12:33:53.480 [main] INFO  utils.Log - Started test :TC2Homework - checkBlogs
12:33:53.480 [main] INFO  utils.Log - TC2Homework
12:33:53.480 [main] INFO  utils.Log - +++++++++++++++++++++++++++++++++
12:33:53.480 [main] INFO  utils.Log - Start time :2023.04.24.12.33.53
12:33:53.480 [main] INFO  utils.Log - +++++++++++++++++++++++++++++++++
12:33:53.562 [main] INFO  utils.Log - +++++++++++++++++++++++++++++++++
12:33:53.562 [main] INFO  utils.Log - Passed test :checkBlogs
12:33:53.562 [main] INFO  utils.Log - +++++++++++++++++++++++++++++++++
12:33:53.563 [main] INFO  utils.Log - End time :2023.04.24.12.33.53
12:33:53.563 [main] INFO  utils.Log - +++++++++++++++++++++++++++++++++
12:33:53.564 [main] INFO  utils.Log - +++++++++++++++++++++++++++++++++
12:33:53.564 [main] INFO  utils.Log - Started test :TC2Homework - postCommentInBlog
12:33:53.564 [main] INFO  utils.Log - TC2Homework
12:33:53.564 [main] INFO  utils.Log - +++++++++++++++++++++++++++++++++
12:33:53.564 [main] INFO  utils.Log - Start time :2023.04.24.12.33.53
12:33:53.565 [main] INFO  utils.Log - +++++++++++++++++++++++++++++++++
12:34:08.050 [main] ERROR utils.Log - +++++++++++++++++++++++++++++++++
12:34:08.050 [main] ERROR utils.Log - Failed test :postCommentInBlog
12:34:08.051 [main] ERROR utils.Log - +++++++++++++++++++++++++++++++++
12:34:08.051 [main] ERROR utils.Log - Failed time :2023.04.24.12.34.08
12:34:08.052 [main] ERROR utils.Log - org.openqa.selenium.StaleElementReferenceException: stale element reference: element is not attached to the page document
  (Session info: chrome=112.0.5615.121)
For documentation on this error, please visit: https://selenium.dev/exceptions/#stale_element_reference
Build info: version: '4.8.2', revision: '826dbfc730'
System info: os.name: 'Windows 11', os.arch: 'amd64', os.version: '10.0', java.version: '20'
Driver info: org.openqa.selenium.chrome.ChromeDriver
Command: [5b69826f0560b3148e445363d63a131f, clickElement {id=c131cec4-1db8-4ae5-9c87-93bbcfbaccb7}]
Capabilities {acceptInsecureCerts: false, browserName: chrome, browserVersion: 112.0.5615.121, chrome: {chromedriverVersion: 112.0.5615.49 (bd2a7bcb881c..., userDataDir: C:\Users\ealbu\AppData\Loca...}, goog:chromeOptions: {debuggerAddress: localhost:56170}, networkConnectionEnabled: false, pageLoadStrategy: normal, platformName: WINDOWS, proxy: Proxy(), se:cdp: ws://localhost:56170/devtoo..., se:cdpVersion: 112.0.5615.121, setWindowRect: true, strictFileInteractability: false, timeouts: {implicit: 0, pageLoad: 300000, script: 30000}, unhandledPromptBehavior: dismiss and notify, webauthn:extension:credBlob: true, webauthn:extension:largeBlob: true, webauthn:extension:minPinLength: true, webauthn:extension:prf: true, webauthn:virtualAuthenticators: true}
Element: [[ChromeDriver: chrome on WINDOWS (5b69826f0560b3148e445363d63a131f)] -> xpath: //article[@id = 'post-1035']//a[@class = 'button']]
Session ID: 5b69826f0560b3148e445363d63a131f
12:34:08.052 [main] ERROR utils.Log - +++++++++++++++++++++++++++++++++
