11:24:14.242 [main] INFO  utils.Log - Browser parameter is : CHROME
11:24:15.793 [main] INFO  utils.Log - Chrome =--> Thread.id = 1
11:24:18.750 [main] INFO  utils.Log - +++++++++++++++++++++++++++++++++
11:24:18.751 [main] INFO  utils.Log - Started test :TC2Homework - navigateToBlog
11:24:18.751 [main] INFO  utils.Log - TC2Homework
11:24:18.751 [main] INFO  utils.Log - +++++++++++++++++++++++++++++++++
11:24:18.752 [main] INFO  utils.Log - Start time :2023.04.24.11.24.18
11:24:18.752 [main] INFO  utils.Log - +++++++++++++++++++++++++++++++++
11:24:19.405 [main] INFO  utils.Log - +++++++++++++++++++++++++++++++++
11:24:19.406 [main] INFO  utils.Log - Passed test :navigateToBlog
11:24:19.406 [main] INFO  utils.Log - +++++++++++++++++++++++++++++++++
11:24:19.407 [main] INFO  utils.Log - End time :2023.04.24.11.24.19
11:24:19.408 [main] INFO  utils.Log - +++++++++++++++++++++++++++++++++
11:24:19.414 [main] INFO  utils.Log - +++++++++++++++++++++++++++++++++
11:24:19.415 [main] INFO  utils.Log - Started test :TC2Homework - checkBlogs
11:24:19.415 [main] INFO  utils.Log - TC2Homework
11:24:19.415 [main] INFO  utils.Log - +++++++++++++++++++++++++++++++++
11:24:19.415 [main] INFO  utils.Log - Start time :2023.04.24.11.24.19
11:24:19.415 [main] INFO  utils.Log - +++++++++++++++++++++++++++++++++
11:24:19.495 [main] INFO  utils.Log - +++++++++++++++++++++++++++++++++
11:24:19.495 [main] INFO  utils.Log - Passed test :checkBlogs
11:24:19.495 [main] INFO  utils.Log - +++++++++++++++++++++++++++++++++
11:24:19.495 [main] INFO  utils.Log - End time :2023.04.24.11.24.19
11:24:19.495 [main] INFO  utils.Log - +++++++++++++++++++++++++++++++++
11:24:19.495 [main] INFO  utils.Log - +++++++++++++++++++++++++++++++++
11:24:19.497 [main] INFO  utils.Log - Started test :TC2Homework - postCommentInBlog1
11:24:19.497 [main] INFO  utils.Log - TC2Homework
11:24:19.497 [main] INFO  utils.Log - +++++++++++++++++++++++++++++++++
11:24:19.497 [main] INFO  utils.Log - Start time :2023.04.24.11.24.19
11:24:19.497 [main] INFO  utils.Log - +++++++++++++++++++++++++++++++++
11:24:39.619 [main] ERROR utils.Log - +++++++++++++++++++++++++++++++++
11:24:39.619 [main] ERROR utils.Log - Failed test :postCommentInBlog1
11:24:39.619 [main] ERROR utils.Log - +++++++++++++++++++++++++++++++++
11:24:39.619 [main] ERROR utils.Log - Failed time :2023.04.24.11.24.39
11:24:39.620 [main] ERROR utils.Log - org.openqa.selenium.TimeoutException: Expected condition failed: waiting for visibility of [[ChromeDriver: chrome on WINDOWS (a3ce285ca91209f4e4166097dcd36fa1)] -> xpath: //nav[contains(@class,' horizontal')]//a[@href = 'https://keyfood.ro/blog/']] (tried for 10 second(s) with 500 milliseconds interval)
Build info: version: '4.8.2', revision: '826dbfc730'
System info: os.name: 'Windows 11', os.arch: 'amd64', os.version: '10.0', java.version: '20'
Driver info: org.openqa.selenium.chrome.ChromeDriver
Capabilities {acceptInsecureCerts: false, browserName: chrome, browserVersion: 112.0.5615.121, chrome: {chromedriverVersion: 112.0.5615.49 (bd2a7bcb881c..., userDataDir: C:\Users\ealbu\AppData\Loca...}, goog:chromeOptions: {debuggerAddress: localhost:62847}, networkConnectionEnabled: false, pageLoadStrategy: normal, platformName: WINDOWS, proxy: Proxy(), se:cdp: ws://localhost:62847/devtoo..., se:cdpVersion: 112.0.5615.121, setWindowRect: true, strictFileInteractability: false, timeouts: {implicit: 0, pageLoad: 300000, script: 30000}, unhandledPromptBehavior: dismiss and notify, webauthn:extension:credBlob: true, webauthn:extension:largeBlob: true, webauthn:extension:minPinLength: true, webauthn:extension:prf: true, webauthn:virtualAuthenticators: true}
Session ID: a3ce285ca91209f4e4166097dcd36fa1
11:24:39.621 [main] ERROR utils.Log - +++++++++++++++++++++++++++++++++
