12:28:50.698 [main] INFO  utils.Log - Browser parameter is : CHROME
12:28:52.238 [main] INFO  utils.Log - Chrome =--> Thread.id = 1
12:28:54.783 [main] INFO  utils.Log - +++++++++++++++++++++++++++++++++
12:28:54.783 [main] INFO  utils.Log - Started test :TC2Homework - navigateToBlog
12:28:54.783 [main] INFO  utils.Log - TC2Homework
12:28:54.784 [main] INFO  utils.Log - +++++++++++++++++++++++++++++++++
12:28:54.784 [main] INFO  utils.Log - Start time :2023.04.24.12.28.54
12:28:54.784 [main] INFO  utils.Log - +++++++++++++++++++++++++++++++++
12:28:55.477 [main] INFO  utils.Log - +++++++++++++++++++++++++++++++++
12:28:55.478 [main] INFO  utils.Log - Passed test :navigateToBlog
12:28:55.478 [main] INFO  utils.Log - +++++++++++++++++++++++++++++++++
12:28:55.478 [main] INFO  utils.Log - End time :2023.04.24.12.28.55
12:28:55.478 [main] INFO  utils.Log - +++++++++++++++++++++++++++++++++
12:28:55.482 [main] INFO  utils.Log - +++++++++++++++++++++++++++++++++
12:28:55.482 [main] INFO  utils.Log - Started test :TC2Homework - checkBlogs
12:28:55.482 [main] INFO  utils.Log - TC2Homework
12:28:55.482 [main] INFO  utils.Log - +++++++++++++++++++++++++++++++++
12:28:55.482 [main] INFO  utils.Log - Start time :2023.04.24.12.28.55
12:28:55.483 [main] INFO  utils.Log - +++++++++++++++++++++++++++++++++
12:28:55.566 [main] INFO  utils.Log - +++++++++++++++++++++++++++++++++
12:28:55.566 [main] INFO  utils.Log - Passed test :checkBlogs
12:28:55.566 [main] INFO  utils.Log - +++++++++++++++++++++++++++++++++
12:28:55.566 [main] INFO  utils.Log - End time :2023.04.24.12.28.55
12:28:55.566 [main] INFO  utils.Log - +++++++++++++++++++++++++++++++++
12:28:55.567 [main] INFO  utils.Log - +++++++++++++++++++++++++++++++++
12:28:55.567 [main] INFO  utils.Log - Started test :TC2Homework - postCommentInBlog1
12:28:55.567 [main] INFO  utils.Log - TC2Homework
12:28:55.568 [main] INFO  utils.Log - +++++++++++++++++++++++++++++++++
12:28:55.568 [main] INFO  utils.Log - Start time :2023.04.24.12.28.55
12:28:55.568 [main] INFO  utils.Log - +++++++++++++++++++++++++++++++++
12:29:06.116 [main] ERROR utils.Log - +++++++++++++++++++++++++++++++++
12:29:06.116 [main] ERROR utils.Log - Failed test :postCommentInBlog1
12:29:06.116 [main] ERROR utils.Log - +++++++++++++++++++++++++++++++++
12:29:06.116 [main] ERROR utils.Log - Failed time :2023.04.24.12.29.06
12:29:06.117 [main] ERROR utils.Log - org.openqa.selenium.StaleElementReferenceException: stale element reference: element is not attached to the page document
  (Session info: chrome=112.0.5615.121)
For documentation on this error, please visit: https://selenium.dev/exceptions/#stale_element_reference
Build info: version: '4.8.2', revision: '826dbfc730'
System info: os.name: 'Windows 11', os.arch: 'amd64', os.version: '10.0', java.version: '20'
Driver info: org.openqa.selenium.chrome.ChromeDriver
Command: [c12a28ce5d16f487d791a7341b7be4b9, clickElement {id=6ba3d485-c96a-482f-99b5-20359d213a3f}]
Capabilities {acceptInsecureCerts: false, browserName: chrome, browserVersion: 112.0.5615.121, chrome: {chromedriverVersion: 112.0.5615.49 (bd2a7bcb881c..., userDataDir: C:\Users\ealbu\AppData\Loca...}, goog:chromeOptions: {debuggerAddress: localhost:55973}, networkConnectionEnabled: false, pageLoadStrategy: normal, platformName: WINDOWS, proxy: Proxy(), se:cdp: ws://localhost:55973/devtoo..., se:cdpVersion: 112.0.5615.121, setWindowRect: true, strictFileInteractability: false, timeouts: {implicit: 0, pageLoad: 300000, script: 30000}, unhandledPromptBehavior: dismiss and notify, webauthn:extension:credBlob: true, webauthn:extension:largeBlob: true, webauthn:extension:minPinLength: true, webauthn:extension:prf: true, webauthn:virtualAuthenticators: true}
Element: [[ChromeDriver: chrome on WINDOWS (c12a28ce5d16f487d791a7341b7be4b9)] -> xpath: //article[@id = 'post-1035']//h2//a[contains(@href, 'mistaken')]]
Session ID: c12a28ce5d16f487d791a7341b7be4b9
12:29:06.117 [main] ERROR utils.Log - +++++++++++++++++++++++++++++++++
