12:33:01.304 [main] INFO  utils.Log - Browser parameter is : CHROME
12:33:03.171 [main] INFO  utils.Log - Chrome =--> Thread.id = 1
12:33:06.058 [main] INFO  utils.Log - +++++++++++++++++++++++++++++++++
12:33:06.058 [main] INFO  utils.Log - Started test :TC2Homework - navigateToBlog
12:33:06.058 [main] INFO  utils.Log - TC2Homework
12:33:06.059 [main] INFO  utils.Log - +++++++++++++++++++++++++++++++++
12:33:06.060 [main] INFO  utils.Log - Start time :2023.04.24.12.33.06
12:33:06.060 [main] INFO  utils.Log - +++++++++++++++++++++++++++++++++
12:33:06.637 [main] INFO  utils.Log - +++++++++++++++++++++++++++++++++
12:33:06.637 [main] INFO  utils.Log - Passed test :navigateToBlog
12:33:06.637 [main] INFO  utils.Log - +++++++++++++++++++++++++++++++++
12:33:06.639 [main] INFO  utils.Log - End time :2023.04.24.12.33.06
12:33:06.639 [main] INFO  utils.Log - +++++++++++++++++++++++++++++++++
12:33:06.643 [main] INFO  utils.Log - +++++++++++++++++++++++++++++++++
12:33:06.643 [main] INFO  utils.Log - Started test :TC2Homework - checkBlogs
12:33:06.643 [main] INFO  utils.Log - TC2Homework
12:33:06.644 [main] INFO  utils.Log - +++++++++++++++++++++++++++++++++
12:33:06.644 [main] INFO  utils.Log - Start time :2023.04.24.12.33.06
12:33:06.644 [main] INFO  utils.Log - +++++++++++++++++++++++++++++++++
12:33:06.731 [main] INFO  utils.Log - +++++++++++++++++++++++++++++++++
12:33:06.731 [main] INFO  utils.Log - Passed test :checkBlogs
12:33:06.731 [main] INFO  utils.Log - +++++++++++++++++++++++++++++++++
12:33:06.731 [main] INFO  utils.Log - End time :2023.04.24.12.33.06
12:33:06.731 [main] INFO  utils.Log - +++++++++++++++++++++++++++++++++
12:33:06.732 [main] INFO  utils.Log - +++++++++++++++++++++++++++++++++
12:33:06.732 [main] INFO  utils.Log - Started test :TC2Homework - postCommentInBlog
12:33:06.733 [main] INFO  utils.Log - TC2Homework
12:33:06.733 [main] INFO  utils.Log - +++++++++++++++++++++++++++++++++
12:33:06.733 [main] INFO  utils.Log - Start time :2023.04.24.12.33.06
12:33:06.733 [main] INFO  utils.Log - +++++++++++++++++++++++++++++++++
12:33:21.209 [main] ERROR utils.Log - +++++++++++++++++++++++++++++++++
12:33:21.209 [main] ERROR utils.Log - Failed test :postCommentInBlog
12:33:21.209 [main] ERROR utils.Log - +++++++++++++++++++++++++++++++++
12:33:21.210 [main] ERROR utils.Log - Failed time :2023.04.24.12.33.21
12:33:21.210 [main] ERROR utils.Log - org.openqa.selenium.StaleElementReferenceException: stale element reference: element is not attached to the page document
  (Session info: chrome=112.0.5615.121)
For documentation on this error, please visit: https://selenium.dev/exceptions/#stale_element_reference
Build info: version: '4.8.2', revision: '826dbfc730'
System info: os.name: 'Windows 11', os.arch: 'amd64', os.version: '10.0', java.version: '20'
Driver info: org.openqa.selenium.chrome.ChromeDriver
Command: [2b4b1ba047cc96053d90ccc98784f6c8, clickElement {id=24b27d30-3376-465f-8741-5e9b0a54ef29}]
Capabilities {acceptInsecureCerts: false, browserName: chrome, browserVersion: 112.0.5615.121, chrome: {chromedriverVersion: 112.0.5615.49 (bd2a7bcb881c..., userDataDir: C:\Users\ealbu\AppData\Loca...}, goog:chromeOptions: {debuggerAddress: localhost:56139}, networkConnectionEnabled: false, pageLoadStrategy: normal, platformName: WINDOWS, proxy: Proxy(), se:cdp: ws://localhost:56139/devtoo..., se:cdpVersion: 112.0.5615.121, setWindowRect: true, strictFileInteractability: false, timeouts: {implicit: 0, pageLoad: 300000, script: 30000}, unhandledPromptBehavior: dismiss and notify, webauthn:extension:credBlob: true, webauthn:extension:largeBlob: true, webauthn:extension:minPinLength: true, webauthn:extension:prf: true, webauthn:virtualAuthenticators: true}
Element: [[ChromeDriver: chrome on WINDOWS (2b4b1ba047cc96053d90ccc98784f6c8)] -> xpath: //article[@id = 'post-1035']//a[@class = 'button']]
Session ID: 2b4b1ba047cc96053d90ccc98784f6c8
12:33:21.210 [main] ERROR utils.Log - +++++++++++++++++++++++++++++++++
