09:28:54.383 [main] INFO  utils.Log - Browser parameter is : EDGE
09:28:57.621 [main] INFO  utils.Log - Edge =--> Thread.id = 1
09:29:00.426 [main] INFO  utils.Log - +++++++++++++++++++++++++++++++++
09:29:00.426 [main] INFO  utils.Log - Started test :TC2Homework - navigateToBlog
09:29:00.427 [main] INFO  utils.Log - TC2Homework
09:29:00.427 [main] INFO  utils.Log - +++++++++++++++++++++++++++++++++
09:29:00.427 [main] INFO  utils.Log - Start time :2023.04.24.09.29.00
09:29:00.427 [main] INFO  utils.Log - +++++++++++++++++++++++++++++++++
09:29:01.279 [main] INFO  utils.Log - +++++++++++++++++++++++++++++++++
09:29:01.280 [main] INFO  utils.Log - Passed test :navigateToBlog
09:29:01.280 [main] INFO  utils.Log - +++++++++++++++++++++++++++++++++
09:29:01.280 [main] INFO  utils.Log - End time :2023.04.24.09.29.01
09:29:01.280 [main] INFO  utils.Log - +++++++++++++++++++++++++++++++++
09:29:01.282 [main] INFO  utils.Log - +++++++++++++++++++++++++++++++++
09:29:01.283 [main] INFO  utils.Log - Started test :TC2Homework - checkBlogs
09:29:01.283 [main] INFO  utils.Log - TC2Homework
09:29:01.283 [main] INFO  utils.Log - +++++++++++++++++++++++++++++++++
09:29:01.283 [main] INFO  utils.Log - Start time :2023.04.24.09.29.01
09:29:01.283 [main] INFO  utils.Log - +++++++++++++++++++++++++++++++++
09:29:01.359 [main] INFO  utils.Log - +++++++++++++++++++++++++++++++++
09:29:01.359 [main] INFO  utils.Log - Passed test :checkBlogs
09:29:01.359 [main] INFO  utils.Log - +++++++++++++++++++++++++++++++++
09:29:01.359 [main] INFO  utils.Log - End time :2023.04.24.09.29.01
09:29:01.359 [main] INFO  utils.Log - +++++++++++++++++++++++++++++++++
09:29:01.360 [main] INFO  utils.Log - +++++++++++++++++++++++++++++++++
09:29:01.360 [main] INFO  utils.Log - Started test :TC2Homework - postCommentInBlog1
09:29:01.360 [main] INFO  utils.Log - TC2Homework
09:29:01.360 [main] INFO  utils.Log - +++++++++++++++++++++++++++++++++
09:29:01.360 [main] INFO  utils.Log - Start time :2023.04.24.09.29.01
09:29:01.360 [main] INFO  utils.Log - +++++++++++++++++++++++++++++++++
09:29:11.586 [main] ERROR utils.Log - +++++++++++++++++++++++++++++++++
09:29:11.587 [main] ERROR utils.Log - Failed test :postCommentInBlog1
09:29:11.587 [main] ERROR utils.Log - +++++++++++++++++++++++++++++++++
09:29:11.587 [main] ERROR utils.Log - Failed time :2023.04.24.09.29.11
09:29:11.588 [main] ERROR utils.Log - org.openqa.selenium.StaleElementReferenceException: stale element reference: element is not attached to the page document
  (Session info: MicrosoftEdge=112.0.1722.48)
For documentation on this error, please visit: https://selenium.dev/exceptions/#stale_element_reference
Build info: version: '4.8.2', revision: '826dbfc730'
System info: os.name: 'Windows 11', os.arch: 'amd64', os.version: '10.0', java.version: '20'
Driver info: org.openqa.selenium.edge.EdgeDriver
Command: [5f3efac0f37f74de06d36fe05b4fe563, clickElement {id=14b8ee0d-1084-497f-930e-01f9c98739dd}]
Capabilities {acceptInsecureCerts: false, browserName: msedge, browserVersion: 112.0.1722.48, ms:edgeOptions: {debuggerAddress: localhost:55793}, msedge: {msedgedriverVersion: 112.0.1722.58 (4dc3f55bfaec..., userDataDir: C:\Users\ealbu\AppData\Loca...}, networkConnectionEnabled: false, pageLoadStrategy: normal, platformName: WINDOWS, proxy: Proxy(), se:cdp: ws://localhost:55793/devtoo..., se:cdpVersion: 112.0.1722.48, setWindowRect: true, strictFileInteractability: false, timeouts: {implicit: 0, pageLoad: 300000, script: 30000}, unhandledPromptBehavior: dismiss and notify, webauthn:extension:credBlob: true, webauthn:extension:largeBlob: true, webauthn:extension:minPinLength: true, webauthn:extension:prf: true, webauthn:virtualAuthenticators: true}
Element: [[EdgeDriver: msedge on WINDOWS (5f3efac0f37f74de06d36fe05b4fe563)] -> xpath: //article[@id = 'post-1023']//h2//a[contains(@href, 'typefaces')]]
Session ID: 5f3efac0f37f74de06d36fe05b4fe563
09:29:11.588 [main] ERROR utils.Log - +++++++++++++++++++++++++++++++++
