02:11:52.064 [main] INFO  utils.Log - Browser parameter is : EDGE
02:11:55.270 [main] INFO  utils.Log - Edge =--> Thread.id = 1
02:11:57.821 [main] INFO  utils.Log - +++++++++++++++++++++++++++++++++
02:11:57.821 [main] INFO  utils.Log - Started test :TC2Homework - navigateToBlog
02:11:57.821 [main] INFO  utils.Log - TC2Homework
02:11:57.821 [main] INFO  utils.Log - +++++++++++++++++++++++++++++++++
02:11:57.823 [main] INFO  utils.Log - Start time :2023.04.24.02.11.57
02:11:57.823 [main] INFO  utils.Log - +++++++++++++++++++++++++++++++++
02:11:58.527 [main] INFO  utils.Log - +++++++++++++++++++++++++++++++++
02:11:58.527 [main] INFO  utils.Log - Passed test :navigateToBlog
02:11:58.527 [main] INFO  utils.Log - +++++++++++++++++++++++++++++++++
02:11:58.527 [main] INFO  utils.Log - End time :2023.04.24.02.11.58
02:11:58.527 [main] INFO  utils.Log - +++++++++++++++++++++++++++++++++
02:11:58.530 [main] INFO  utils.Log - +++++++++++++++++++++++++++++++++
02:11:58.530 [main] INFO  utils.Log - Started test :TC2Homework - checkBlogs
02:11:58.530 [main] INFO  utils.Log - TC2Homework
02:11:58.530 [main] INFO  utils.Log - +++++++++++++++++++++++++++++++++
02:11:58.530 [main] INFO  utils.Log - Start time :2023.04.24.02.11.58
02:11:58.530 [main] INFO  utils.Log - +++++++++++++++++++++++++++++++++
02:11:58.606 [main] INFO  utils.Log - +++++++++++++++++++++++++++++++++
02:11:58.606 [main] INFO  utils.Log - Passed test :checkBlogs
02:11:58.606 [main] INFO  utils.Log - +++++++++++++++++++++++++++++++++
02:11:58.606 [main] INFO  utils.Log - End time :2023.04.24.02.11.58
02:11:58.606 [main] INFO  utils.Log - +++++++++++++++++++++++++++++++++
02:11:58.607 [main] INFO  utils.Log - +++++++++++++++++++++++++++++++++
02:11:58.607 [main] INFO  utils.Log - Started test :TC2Homework - postCommentInBlog1
02:11:58.607 [main] INFO  utils.Log - TC2Homework
02:11:58.607 [main] INFO  utils.Log - +++++++++++++++++++++++++++++++++
02:11:58.608 [main] INFO  utils.Log - Start time :2023.04.24.02.11.58
02:11:58.608 [main] INFO  utils.Log - +++++++++++++++++++++++++++++++++
02:11:59.601 [main] ERROR utils.Log - +++++++++++++++++++++++++++++++++
02:11:59.601 [main] ERROR utils.Log - Failed test :postCommentInBlog1
02:11:59.601 [main] ERROR utils.Log - +++++++++++++++++++++++++++++++++
02:11:59.601 [main] ERROR utils.Log - Failed time :2023.04.24.02.11.59
02:11:59.603 [main] ERROR utils.Log - org.openqa.selenium.StaleElementReferenceException: stale element reference: element is not attached to the page document
  (Session info: MicrosoftEdge=112.0.1722.48)
For documentation on this error, please visit: https://selenium.dev/exceptions/#stale_element_reference
Build info: version: '4.8.2', revision: '826dbfc730'
System info: os.name: 'Windows 11', os.arch: 'amd64', os.version: '10.0', java.version: '20'
Driver info: org.openqa.selenium.edge.EdgeDriver
Command: [b3fc836db2ab38d7dcac291a53be5b60, clickElement {id=c0e33536-392c-4942-a9d6-88e91a4fe424}]
Capabilities {acceptInsecureCerts: false, browserName: msedge, browserVersion: 112.0.1722.48, ms:edgeOptions: {debuggerAddress: localhost:62721}, msedge: {msedgedriverVersion: 112.0.1722.58 (4dc3f55bfaec..., userDataDir: C:\Users\ealbu\AppData\Loca...}, networkConnectionEnabled: false, pageLoadStrategy: normal, platformName: WINDOWS, proxy: Proxy(), se:cdp: ws://localhost:62721/devtoo..., se:cdpVersion: 112.0.1722.48, setWindowRect: true, strictFileInteractability: false, timeouts: {implicit: 0, pageLoad: 300000, script: 30000}, unhandledPromptBehavior: dismiss and notify, webauthn:extension:credBlob: true, webauthn:extension:largeBlob: true, webauthn:extension:minPinLength: true, webauthn:extension:prf: true, webauthn:virtualAuthenticators: true}
Element: [[EdgeDriver: msedge on WINDOWS (b3fc836db2ab38d7dcac291a53be5b60)] -> xpath: //article[@id = 'post-1035']//h2//a[contains(@href, 'mistaken')]]
Session ID: b3fc836db2ab38d7dcac291a53be5b60
02:11:59.603 [main] ERROR utils.Log - +++++++++++++++++++++++++++++++++
